This file contains any messages produced by compilers while
running configure, to aid debugging if configure makes a mistake.

It was created by configure, which was
generated by GNU Autoconf 2.59.  Invocation command line was

  $ ./configure --prefix=/tmp/stage --disable-josua

## --------- ##
## Platform. ##
## --------- ##

hostname = ordinateur-de-daniel-braun-1.local
uname -m = i386
uname -r = 8.10.1
uname -s = Darwin
uname -v = Darwin Kernel Version 8.10.1: Wed May 23 16:33:00 PDT 2007; root:xnu-792.22.5~1/RELEASE_I386

/usr/bin/uname -p = i386
/bin/uname -X     = unknown

/bin/arch              = unknown
/usr/bin/arch -k       = unknown
/usr/convex/getsysinfo = unknown
hostinfo               = Mach kernel version:
	 Darwin Kernel Version 8.10.1: Wed May 23 16:33:00 PDT 2007; root:xnu-792.22.5~1/RELEASE_I386
Kernel configured for up to 2 processors.
2 processors are physically available.
2 processors are logically available.
Processor type: i486 (Intel 80486)
Processors active: 0 1
Primary memory available: 1.00 gigabytes
Default processor set: 108 tasks, 317 threads, 2 processors
Load average: 1.37, Mach factor: 1.10
/bin/machine           = unknown
/usr/bin/oslevel       = unknown
/bin/universe          = unknown

PATH: /Library/Frameworks/Python.framework/Versions/Current/bin
PATH: /usr/local/bin
PATH: /bin
PATH: /sbin
PATH: /usr/bin
PATH: /usr/sbin
PATH: /sw/bin


## ----------- ##
## Core tests. ##
## ----------- ##

configure:1513: eXosip2                           The Extended Open SIP library.
configure:1515: Copyright (C) 2002,2003,2004,2005 Aymeric MOIZARD - <jack@atosc.org>
configure:1542: result: Configuring libeXosip2 2.2.3
configure:1545: result: Building Package on darwin
configure:1589: checking for a BSD-compatible install
configure:1644: result: /usr/bin/install -c
configure:1655: checking whether build environment is sane
configure:1698: result: yes
configure:1763: checking for gawk
configure:1792: result: no
configure:1763: checking for mawk
configure:1792: result: no
configure:1763: checking for nawk
configure:1792: result: no
configure:1763: checking for awk
configure:1779: found /usr/bin/awk
configure:1789: result: awk
configure:1799: checking whether make sets $(MAKE)
configure:1819: result: yes
configure:2010: checking build system type
configure:2028: result: i386-apple-darwin8.10.1
configure:2036: checking host system type
configure:2050: result: i386-apple-darwin8.10.1
configure:2108: checking for gcc
configure:2124: found /usr/bin/gcc
configure:2134: result: gcc
configure:2378: checking for C compiler version
configure:2381: gcc --version </dev/null >&5
i686-apple-darwin8-gcc-4.0.1 (GCC) 4.0.1 (Apple Computer, Inc. build 5370)
Copyright (C) 2005 Free Software Foundation, Inc.
This is free software; see the source for copying conditions.  There is NO
warranty; not even for MERCHANTABILITY or FITNESS FOR A PARTICULAR PURPOSE.

configure:2384: $? = 0
configure:2386: gcc -v </dev/null >&5
Using built-in specs.
Target: i686-apple-darwin8
Configured with: /var/tmp/gcc/gcc-5370~2/src/configure --disable-checking -enable-werror --prefix=/usr --mandir=/share/man --enable-languages=c,objc,c++,obj-c++ --program-transform-name=/^[cg][^.-]*$/s/$/-4.0/ --with-gxx-include-dir=/include/c++/4.0.0 --with-slibdir=/usr/lib --build=powerpc-apple-darwin8 --with-arch=nocona --with-tune=generic --program-prefix= --host=i686-apple-darwin8 --target=i686-apple-darwin8
Thread model: posix
gcc version 4.0.1 (Apple Computer, Inc. build 5370)
configure:2389: $? = 0
configure:2391: gcc -V </dev/null >&5
gcc: argument to `-V' is missing
configure:2394: $? = 1
configure:2417: checking for C compiler default output file name
configure:2420: gcc    conftest.c  >&5
configure:2423: $? = 0
configure:2469: result: a.out
configure:2474: checking whether the C compiler works
configure:2480: ./a.out
configure:2483: $? = 0
configure:2500: result: yes
configure:2507: checking whether we are cross compiling
configure:2509: result: no
configure:2512: checking for suffix of executables
configure:2514: gcc -o conftest    conftest.c  >&5
configure:2517: $? = 0
configure:2542: result: 
configure:2548: checking for suffix of object files
configure:2569: gcc -c   conftest.c >&5
configure:2572: $? = 0
configure:2594: result: o
configure:2598: checking whether we are using the GNU C compiler
configure:2622: gcc -c   conftest.c >&5
configure:2628: $? = 0
configure:2631: test -z 			 || test ! -s conftest.err
configure:2634: $? = 0
configure:2637: test -s conftest.o
configure:2640: $? = 0
configure:2653: result: yes
configure:2659: checking whether gcc accepts -g
configure:2680: gcc -c -g  conftest.c >&5
configure:2686: $? = 0
configure:2689: test -z 			 || test ! -s conftest.err
configure:2692: $? = 0
configure:2695: test -s conftest.o
configure:2698: $? = 0
configure:2709: result: yes
configure:2726: checking for gcc option to accept ANSI C
configure:2796: gcc  -c -g -O2  conftest.c >&5
configure:2802: $? = 0
configure:2805: test -z 			 || test ! -s conftest.err
configure:2808: $? = 0
configure:2811: test -s conftest.o
configure:2814: $? = 0
configure:2832: result: none needed
configure:2850: gcc -c -g -O2  conftest.c >&5
conftest.c:2: error: parse error before 'me'
configure:2856: $? = 1
configure: failed program was:
| #ifndef __cplusplus
|   choke me
| #endif
configure:2997: checking for style of include used by make
configure:3025: result: GNU
configure:3053: checking dependency style of gcc
configure:3143: result: gcc3
configure:3165: checking how to run the C preprocessor
configure:3200: gcc -E  conftest.c
configure:3206: $? = 0
configure:3238: gcc -E  conftest.c
conftest.c:11:28: error: ac_nonexistent.h: No such file or directory
configure:3244: $? = 1
configure: failed program was:
| /* confdefs.h.  */
| 
| #define PACKAGE_NAME ""
| #define PACKAGE_TARNAME ""
| #define PACKAGE_VERSION ""
| #define PACKAGE_STRING ""
| #define PACKAGE_BUGREPORT ""
| #define PACKAGE "libeXosip2"
| #define VERSION "2.2.3"
| /* end confdefs.h.  */
| #include <ac_nonexistent.h>
configure:3283: result: gcc -E
configure:3307: gcc -E  conftest.c
configure:3313: $? = 0
configure:3345: gcc -E  conftest.c
conftest.c:11:28: error: ac_nonexistent.h: No such file or directory
configure:3351: $? = 1
configure: failed program was:
| /* confdefs.h.  */
| 
| #define PACKAGE_NAME ""
| #define PACKAGE_TARNAME ""
| #define PACKAGE_VERSION ""
| #define PACKAGE_STRING ""
| #define PACKAGE_BUGREPORT ""
| #define PACKAGE "libeXosip2"
| #define VERSION "2.2.3"
| /* end confdefs.h.  */
| #include <ac_nonexistent.h>
configure:3446: checking for g++
configure:3462: found /usr/bin/g++
configure:3472: result: g++
configure:3488: checking for C++ compiler version
configure:3491: g++ --version </dev/null >&5
i686-apple-darwin8-g++-4.0.1 (GCC) 4.0.1 (Apple Computer, Inc. build 5370)
Copyright (C) 2005 Free Software Foundation, Inc.
This is free software; see the source for copying conditions.  There is NO
warranty; not even for MERCHANTABILITY or FITNESS FOR A PARTICULAR PURPOSE.

configure:3494: $? = 0
configure:3496: g++ -v </dev/null >&5
Using built-in specs.
Target: i686-apple-darwin8
Configured with: /var/tmp/gcc/gcc-5370~2/src/configure --disable-checking -enable-werror --prefix=/usr --mandir=/share/man --enable-languages=c,objc,c++,obj-c++ --program-transform-name=/^[cg][^.-]*$/s/$/-4.0/ --with-gxx-include-dir=/include/c++/4.0.0 --with-slibdir=/usr/lib --build=powerpc-apple-darwin8 --with-arch=nocona --with-tune=generic --program-prefix= --host=i686-apple-darwin8 --target=i686-apple-darwin8
Thread model: posix
gcc version 4.0.1 (Apple Computer, Inc. build 5370)
configure:3499: $? = 0
configure:3501: g++ -V </dev/null >&5
g++: argument to `-V' is missing
configure:3504: $? = 1
configure:3507: checking whether we are using the GNU C++ compiler
configure:3531: g++ -c   conftest.cc >&5
configure:3537: $? = 0
configure:3540: test -z 			 || test ! -s conftest.err
configure:3543: $? = 0
configure:3546: test -s conftest.o
configure:3549: $? = 0
configure:3562: result: yes
configure:3568: checking whether g++ accepts -g
configure:3589: g++ -c -g  conftest.cc >&5
configure:3595: $? = 0
configure:3598: test -z 			 || test ! -s conftest.err
configure:3601: $? = 0
configure:3604: test -s conftest.o
configure:3607: $? = 0
configure:3618: result: yes
configure:3660: g++ -c -g -O2  conftest.cc >&5
configure:3666: $? = 0
configure:3669: test -z 			 || test ! -s conftest.err
configure:3672: $? = 0
configure:3675: test -s conftest.o
configure:3678: $? = 0
configure:3704: g++ -c -g -O2  conftest.cc >&5
conftest.cc: In function 'int main()':
conftest.cc:15: error: 'exit' was not declared in this scope
configure:3710: $? = 1
configure: failed program was:
| /* confdefs.h.  */
| 
| #define PACKAGE_NAME ""
| #define PACKAGE_TARNAME ""
| #define PACKAGE_VERSION ""
| #define PACKAGE_STRING ""
| #define PACKAGE_BUGREPORT ""
| #define PACKAGE "libeXosip2"
| #define VERSION "2.2.3"
| /* end confdefs.h.  */
| 
| int
| main ()
| {
| exit (42);
|   ;
|   return 0;
| }
configure:3660: g++ -c -g -O2  conftest.cc >&5
/usr/include/stdlib.h:158: error: declaration of 'void std::exit(int)' throws different exceptions
conftest.cc:11: error: than previous declaration 'void std::exit(int) throw ()'
configure:3666: $? = 1
configure: failed program was:
| /* confdefs.h.  */
| 
| #define PACKAGE_NAME ""
| #define PACKAGE_TARNAME ""
| #define PACKAGE_VERSION ""
| #define PACKAGE_STRING ""
| #define PACKAGE_BUGREPORT ""
| #define PACKAGE "libeXosip2"
| #define VERSION "2.2.3"
| /* end confdefs.h.  */
| extern "C" void std::exit (int) throw (); using std::exit;
| #include <stdlib.h>
| int
| main ()
| {
| exit (42);
|   ;
|   return 0;
| }
configure:3660: g++ -c -g -O2  conftest.cc >&5
configure:3666: $? = 0
configure:3669: test -z 			 || test ! -s conftest.err
configure:3672: $? = 0
configure:3675: test -s conftest.o
configure:3678: $? = 0
configure:3704: g++ -c -g -O2  conftest.cc >&5
configure:3710: $? = 0
configure:3713: test -z 			 || test ! -s conftest.err
configure:3716: $? = 0
configure:3719: test -s conftest.o
configure:3722: $? = 0
configure:3747: checking dependency style of g++
configure:3837: result: gcc3
configure:3867: checking for a BSD-compatible install
configure:3922: result: /usr/bin/install -c
configure:3934: checking for a sed that does not truncate output
configure:3988: result: /usr/bin/sed
configure:4063: checking for egrep
configure:4073: result: grep -E
configure:4089: checking for ld used by gcc
configure:4156: result: /usr/libexec/gcc/i686-apple-darwin8/4.0.1/ld
configure:4165: checking if the linker (/usr/libexec/gcc/i686-apple-darwin8/4.0.1/ld) is GNU ld
configure:4180: result: no
configure:4185: checking for /usr/libexec/gcc/i686-apple-darwin8/4.0.1/ld option to reload object files
configure:4192: result: -r
configure:4210: checking for BSD-compatible nm
configure:4259: result: /usr/bin/nm -p
configure:4263: checking whether ln -s works
configure:4267: result: yes
configure:4274: checking how to recognise dependent libraries
configure:4450: result: pass_all
configure:4682: checking for ANSI C header files
configure:4707: gcc -c -g -O2  conftest.c >&5
configure:4713: $? = 0
configure:4716: test -z 			 || test ! -s conftest.err
configure:4719: $? = 0
configure:4722: test -s conftest.o
configure:4725: $? = 0
configure:4811: gcc -o conftest -g -O2   conftest.c  >&5
conftest.c: In function 'main':
conftest.c:31: warning: incompatible implicit declaration of built-in function 'exit'
configure:4814: $? = 0
configure:4816: ./conftest
configure:4819: $? = 0
configure:4834: result: yes
configure:4858: checking for sys/types.h
configure:4874: gcc -c -g -O2  conftest.c >&5
configure:4880: $? = 0
configure:4883: test -z 			 || test ! -s conftest.err
configure:4886: $? = 0
configure:4889: test -s conftest.o
configure:4892: $? = 0
configure:4903: result: yes
configure:4858: checking for sys/stat.h
configure:4874: gcc -c -g -O2  conftest.c >&5
configure:4880: $? = 0
configure:4883: test -z 			 || test ! -s conftest.err
configure:4886: $? = 0
configure:4889: test -s conftest.o
configure:4892: $? = 0
configure:4903: result: yes
configure:4858: checking for stdlib.h
configure:4874: gcc -c -g -O2  conftest.c >&5
configure:4880: $? = 0
configure:4883: test -z 			 || test ! -s conftest.err
configure:4886: $? = 0
configure:4889: test -s conftest.o
configure:4892: $? = 0
configure:4903: result: yes
configure:4858: checking for string.h
configure:4874: gcc -c -g -O2  conftest.c >&5
configure:4880: $? = 0
configure:4883: test -z 			 || test ! -s conftest.err
configure:4886: $? = 0
configure:4889: test -s conftest.o
configure:4892: $? = 0
configure:4903: result: yes
configure:4858: checking for memory.h
configure:4874: gcc -c -g -O2  conftest.c >&5
configure:4880: $? = 0
configure:4883: test -z 			 || test ! -s conftest.err
configure:4886: $? = 0
configure:4889: test -s conftest.o
configure:4892: $? = 0
configure:4903: result: yes
configure:4858: checking for strings.h
configure:4874: gcc -c -g -O2  conftest.c >&5
configure:4880: $? = 0
configure:4883: test -z 			 || test ! -s conftest.err
configure:4886: $? = 0
configure:4889: test -s conftest.o
configure:4892: $? = 0
configure:4903: result: yes
configure:4858: checking for inttypes.h
configure:4874: gcc -c -g -O2  conftest.c >&5
configure:4880: $? = 0
configure:4883: test -z 			 || test ! -s conftest.err
configure:4886: $? = 0
configure:4889: test -s conftest.o
configure:4892: $? = 0
configure:4903: result: yes
configure:4858: checking for stdint.h
configure:4874: gcc -c -g -O2  conftest.c >&5
configure:4880: $? = 0
configure:4883: test -z 			 || test ! -s conftest.err
configure:4886: $? = 0
configure:4889: test -s conftest.o
configure:4892: $? = 0
configure:4903: result: yes
configure:4858: checking for unistd.h
configure:4874: gcc -c -g -O2  conftest.c >&5
configure:4880: $? = 0
configure:4883: test -z 			 || test ! -s conftest.err
configure:4886: $? = 0
configure:4889: test -s conftest.o
configure:4892: $? = 0
configure:4903: result: yes
configure:4929: checking dlfcn.h usability
configure:4941: gcc -c -g -O2  conftest.c >&5
configure:4947: $? = 0
configure:4950: test -z 			 || test ! -s conftest.err
configure:4953: $? = 0
configure:4956: test -s conftest.o
configure:4959: $? = 0
configure:4969: result: yes
configure:4973: checking dlfcn.h presence
configure:4983: gcc -E  conftest.c
configure:4989: $? = 0
configure:5009: result: yes
configure:5044: checking for dlfcn.h
configure:5051: result: yes
configure:5074: checking how to run the C++ preprocessor
configure:5105: g++ -E  conftest.cc
configure:5111: $? = 0
configure:5143: g++ -E  conftest.cc
conftest.cc:25:28: error: ac_nonexistent.h: No such file or directory
configure:5149: $? = 1
configure: failed program was:
| /* confdefs.h.  */
| 
| #define PACKAGE_NAME ""
| #define PACKAGE_TARNAME ""
| #define PACKAGE_VERSION ""
| #define PACKAGE_STRING ""
| #define PACKAGE_BUGREPORT ""
| #define PACKAGE "libeXosip2"
| #define VERSION "2.2.3"
| #ifdef __cplusplus
| extern "C" void std::exit (int); using std::exit;
| #endif
| #define STDC_HEADERS 1
| #define HAVE_SYS_TYPES_H 1
| #define HAVE_SYS_STAT_H 1
| #define HAVE_STDLIB_H 1
| #define HAVE_STRING_H 1
| #define HAVE_MEMORY_H 1
| #define HAVE_STRINGS_H 1
| #define HAVE_INTTYPES_H 1
| #define HAVE_STDINT_H 1
| #define HAVE_UNISTD_H 1
| #define HAVE_DLFCN_H 1
| /* end confdefs.h.  */
| #include <ac_nonexistent.h>
configure:5188: result: g++ -E
configure:5212: g++ -E  conftest.cc
configure:5218: $? = 0
configure:5250: g++ -E  conftest.cc
conftest.cc:25:28: error: ac_nonexistent.h: No such file or directory
configure:5256: $? = 1
configure: failed program was:
| /* confdefs.h.  */
| 
| #define PACKAGE_NAME ""
| #define PACKAGE_TARNAME ""
| #define PACKAGE_VERSION ""
| #define PACKAGE_STRING ""
| #define PACKAGE_BUGREPORT ""
| #define PACKAGE "libeXosip2"
| #define VERSION "2.2.3"
| #ifdef __cplusplus
| extern "C" void std::exit (int); using std::exit;
| #endif
| #define STDC_HEADERS 1
| #define HAVE_SYS_TYPES_H 1
| #define HAVE_SYS_STAT_H 1
| #define HAVE_STDLIB_H 1
| #define HAVE_STRING_H 1
| #define HAVE_MEMORY_H 1
| #define HAVE_STRINGS_H 1
| #define HAVE_INTTYPES_H 1
| #define HAVE_STDINT_H 1
| #define HAVE_UNISTD_H 1
| #define HAVE_DLFCN_H 1
| /* end confdefs.h.  */
| #include <ac_nonexistent.h>
configure:5353: checking for g77
configure:5382: result: no
configure:5353: checking for f77
configure:5382: result: no
configure:5353: checking for xlf
configure:5382: result: no
configure:5353: checking for frt
configure:5382: result: no
configure:5353: checking for pgf77
configure:5382: result: no
configure:5353: checking for fort77
configure:5382: result: no
configure:5353: checking for fl32
configure:5382: result: no
configure:5353: checking for af77
configure:5382: result: no
configure:5353: checking for f90
configure:5382: result: no
configure:5353: checking for xlf90
configure:5382: result: no
configure:5353: checking for pgf90
configure:5382: result: no
configure:5353: checking for epcf90
configure:5382: result: no
configure:5353: checking for f95
configure:5382: result: no
configure:5353: checking for fort
configure:5382: result: no
configure:5353: checking for xlf95
configure:5382: result: no
configure:5353: checking for ifc
configure:5382: result: no
configure:5353: checking for efc
configure:5382: result: no
configure:5353: checking for pgf95
configure:5382: result: no
configure:5353: checking for lf95
configure:5382: result: no
configure:5353: checking for gfortran
configure:5382: result: no
configure:5397: checking for Fortran 77 compiler version
configure:5397:  --version </dev/null >&5
./configure: line 1: --version: command not found
configure:5400: $? = 127
configure:5402:  -v </dev/null >&5
./configure: line 1: -v: command not found
configure:5405: $? = 127
configure:5407:  -V </dev/null >&5
./configure: line 1: -V: command not found
configure:5410: $? = 127
configure:5418: checking whether we are using the GNU Fortran 77 compiler
configure:5432:  -c  conftest.F >&5
./configure: line 1: -c: command not found
configure:5438: $? = 127
configure: failed program was:
|       program main
| #ifndef __GNUC__
|        choke me
| #endif
| 
|       end
configure:5463: result: no
configure:5469: checking whether  accepts -g
configure:5481:  -c -g conftest.f >&5
./configure: line 1: -c: command not found
configure:5487: $? = 127
configure: failed program was:
|       program main
| 
|       end
configure:5511: result: no
configure:5541: checking the maximum length of command line arguments
configure:5650: result: 196608
configure:5661: checking command to parse /usr/bin/nm -p output from gcc object
configure:5766: gcc -c -g -O2  conftest.c >&5
configure:5769: $? = 0
configure:5773: /usr/bin/nm -p conftest.o \| sed -n -e 's/^.*[ 	]\([BCDEGRST][BCDEGRST]*\)[ 	][ 	]*\([_A-Za-z][_A-Za-z0-9]*\)$/\1 \2 \2/p' \> conftest.nm
configure:5776: $? = 0
cannot find nm_test_var in conftest.nm
configure:5766: gcc -c -g -O2  conftest.c >&5
configure:5769: $? = 0
configure:5773: /usr/bin/nm -p conftest.o \| sed -n -e 's/^.*[ 	]\([BCDEGRST][BCDEGRST]*\)[ 	][ 	]*_\([_A-Za-z][_A-Za-z0-9]*\)$/\1 _\2 \2/p' \> conftest.nm
configure:5776: $? = 0
configure:5828: gcc -o conftest -g -O2   conftest.c conftstm.o >&5
configure:5831: $? = 0
configure:5869: result: ok
configure:5873: checking for objdir
configure:5888: result: .libs
configure:5978: checking for ar
configure:5994: found /usr/bin/ar
configure:6005: result: ar
configure:6058: checking for ranlib
configure:6074: found /usr/bin/ranlib
configure:6085: result: ranlib
configure:6138: checking for strip
configure:6154: found /usr/bin/strip
configure:6165: result: strip
configure:6437: checking if gcc supports -fno-rtti -fno-exceptions
configure:6458: gcc -c -g -O2  -fno-rtti -fno-exceptions conftest.c >&5
cc1: warning: command line option "-fno-rtti" is valid for C++/ObjC++ but not for C
configure:6462: $? = 0
configure:6472: result: no
configure:6487: checking for gcc option to produce PIC
configure:6697: result: -fno-common
configure:6705: checking if gcc PIC flag -fno-common works
configure:6726: gcc -c -g -O2  -fno-common -DPIC conftest.c >&5
configure:6730: $? = 0
configure:6740: result: yes
configure:6768: checking if gcc static flag -static works
configure:6796: result: no
configure:6806: checking if gcc supports -c -o file.o
configure:6830: gcc -c -g -O2  -o out/conftest2.o conftest.c >&5
configure:6834: $? = 0
configure:6853: result: yes
configure:6879: checking whether the gcc linker (/usr/libexec/gcc/i686-apple-darwin8/4.0.1/ld) supports shared libraries
configure:7836: result: yes
configure:7903: checking dynamic linker characteristics
configure:8479: result: darwin8.10.1 dyld
configure:8488: checking how to hardcode library paths into programs
configure:8513: result: immediate
configure:8527: checking whether stripping libraries is possible
configure:8540: result: yes
configure:9359: checking if libtool supports shared libraries
configure:9361: result: yes
configure:9364: checking whether to build shared libraries
configure:9385: result: yes
configure:9388: checking whether to build static libraries
configure:9392: result: yes
configure:9484: creating libtool
configure:10072: checking for ld used by g++
configure:10139: result: /usr/libexec/gcc/i686-apple-darwin8/4.0.1/ld
configure:10148: checking if the linker (/usr/libexec/gcc/i686-apple-darwin8/4.0.1/ld) is GNU ld
configure:10163: result: no
configure:10214: checking whether the g++ linker (/usr/libexec/gcc/i686-apple-darwin8/4.0.1/ld) supports shared libraries
configure:11150: result: yes
configure:11168: g++ -c -g -O2  conftest.cpp >&5
configure:11171: $? = 0
configure:11290: checking for g++ option to produce PIC
configure:11564: result: -fno-common
configure:11572: checking if g++ PIC flag -fno-common works
configure:11593: g++ -c -g -O2  -fno-common -DPIC conftest.cpp >&5
configure:11597: $? = 0
configure:11607: result: yes
configure:11635: checking if g++ static flag -static works
configure:11663: result: no
configure:11673: checking if g++ supports -c -o file.o
configure:11697: g++ -c -g -O2  -o out/conftest2.o conftest.cpp >&5
configure:11701: $? = 0
configure:11720: result: yes
configure:11746: checking whether the g++ linker (/usr/libexec/gcc/i686-apple-darwin8/4.0.1/ld) supports shared libraries
configure:11774: result: yes
configure:11841: checking dynamic linker characteristics
configure:12417: result: darwin8.10.1 dyld
configure:12426: checking how to hardcode library paths into programs
configure:12451: result: immediate
configure:18830: checking for the pthreads library -lpthreads
configure:18868: gcc -o conftest -g -O2    conftest.c -lpthreads  >&5
/usr/libexec/gcc/i686-apple-darwin8/4.0.1/ld: can't locate file for: -lpthreads
collect2: ld returned 1 exit status
configure:18874: $? = 1
configure: failed program was:
| /* confdefs.h.  */
| 
| #define PACKAGE_NAME ""
| #define PACKAGE_TARNAME ""
| #define PACKAGE_VERSION ""
| #define PACKAGE_STRING ""
| #define PACKAGE_BUGREPORT ""
| #define PACKAGE "libeXosip2"
| #define VERSION "2.2.3"
| #ifdef __cplusplus
| extern "C" void std::exit (int); using std::exit;
| #endif
| #define STDC_HEADERS 1
| #define HAVE_SYS_TYPES_H 1
| #define HAVE_SYS_STAT_H 1
| #define HAVE_STDLIB_H 1
| #define HAVE_STRING_H 1
| #define HAVE_MEMORY_H 1
| #define HAVE_STRINGS_H 1
| #define HAVE_INTTYPES_H 1
| #define HAVE_STDINT_H 1
| #define HAVE_UNISTD_H 1
| #define HAVE_DLFCN_H 1
| /* end confdefs.h.  */
| #include <pthread.h>
| int
| main ()
| {
| pthread_t th; pthread_join(th, 0);
|                      pthread_attr_init(0); pthread_cleanup_push(0, 0);
|                      pthread_create(0,0,0,0); pthread_cleanup_pop(0);
|   ;
|   return 0;
| }
configure:18900: result: no
configure:18819: checking whether pthreads work without any flags
configure:18868: gcc -o conftest -g -O2    conftest.c   >&5
configure:18874: $? = 0
configure:18877: test -z 			 || test ! -s conftest.err
configure:18880: $? = 0
configure:18883: test -s conftest
configure:18886: $? = 0
configure:18900: result: yes
configure:18920: checking for joinable pthread attribute
configure:18938: gcc -o conftest -g -O2    conftest.c   >&5
configure:18944: $? = 0
configure:18947: test -z 			 || test ! -s conftest.err
configure:18950: $? = 0
configure:18953: test -s conftest
configure:18956: $? = 0
configure:19021: result: PTHREAD_CREATE_JOINABLE
configure:19028: checking if more special flags are required for pthreads
configure:19035: result: no
configure:19047: checking for cc_r
configure:19074: result: gcc
configure:19981: checking semaphore.h usability
configure:19993: gcc -c -g -O2  conftest.c >&5
configure:19999: $? = 0
configure:20002: test -z 			 || test ! -s conftest.err
configure:20005: $? = 0
configure:20008: test -s conftest.o
configure:20011: $? = 0
configure:20021: result: yes
configure:20025: checking semaphore.h presence
configure:20035: gcc -E  conftest.c
configure:20041: $? = 0
configure:20061: result: yes
configure:20096: checking for semaphore.h
configure:20103: result: yes
configure:20130: checking sys/sem.h usability
configure:20142: gcc -c -g -O2  conftest.c >&5
configure:20148: $? = 0
configure:20151: test -z 			 || test ! -s conftest.err
configure:20154: $? = 0
configure:20157: test -s conftest.o
configure:20160: $? = 0
configure:20170: result: yes
configure:20174: checking sys/sem.h presence
configure:20184: gcc -E  conftest.c
configure:20190: $? = 0
configure:20210: result: yes
configure:20245: checking for sys/sem.h
configure:20252: result: yes
configure:20440: checking for sem_open in -lposix4
configure:20470: gcc -o conftest -g    conftest.c -lposix4   >&5
/usr/libexec/gcc/i686-apple-darwin8/4.0.1/ld: can't locate file for: -lposix4
collect2: ld returned 1 exit status
configure:20476: $? = 1
configure: failed program was:
| /* confdefs.h.  */
| 
| #define PACKAGE_NAME ""
| #define PACKAGE_TARNAME ""
| #define PACKAGE_VERSION ""
| #define PACKAGE_STRING ""
| #define PACKAGE_BUGREPORT ""
| #define PACKAGE "libeXosip2"
| #define VERSION "2.2.3"
| #ifdef __cplusplus
| extern "C" void std::exit (int); using std::exit;
| #endif
| #define STDC_HEADERS 1
| #define HAVE_SYS_TYPES_H 1
| #define HAVE_SYS_STAT_H 1
| #define HAVE_STDLIB_H 1
| #define HAVE_STRING_H 1
| #define HAVE_MEMORY_H 1
| #define HAVE_STRINGS_H 1
| #define HAVE_INTTYPES_H 1
| #define HAVE_STDINT_H 1
| #define HAVE_UNISTD_H 1
| #define HAVE_DLFCN_H 1
| #define HAVE_PTHREAD 1
| #define HAVE_SEMAPHORE_H 1
| #define HAVE_SYS_SEM_H 1
| /* end confdefs.h.  */
| 
| /* Override any gcc2 internal prototype to avoid an error.  */
| #ifdef __cplusplus
| extern "C"
| #endif
| /* We use char because int might match the return type of a gcc2
|    builtin and then its argument prototype would still apply.  */
| char sem_open ();
| int
| main ()
| {
| sem_open ();
|   ;
|   return 0;
| }
configure:20501: result: no
configure:20507: checking for nis_add in -lnsl
configure:20537: gcc -o conftest -g    conftest.c -lnsl   >&5
/usr/libexec/gcc/i686-apple-darwin8/4.0.1/ld: can't locate file for: -lnsl
collect2: ld returned 1 exit status
configure:20543: $? = 1
configure: failed program was:
| /* confdefs.h.  */
| 
| #define PACKAGE_NAME ""
| #define PACKAGE_TARNAME ""
| #define PACKAGE_VERSION ""
| #define PACKAGE_STRING ""
| #define PACKAGE_BUGREPORT ""
| #define PACKAGE "libeXosip2"
| #define VERSION "2.2.3"
| #ifdef __cplusplus
| extern "C" void std::exit (int); using std::exit;
| #endif
| #define STDC_HEADERS 1
| #define HAVE_SYS_TYPES_H 1
| #define HAVE_SYS_STAT_H 1
| #define HAVE_STDLIB_H 1
| #define HAVE_STRING_H 1
| #define HAVE_MEMORY_H 1
| #define HAVE_STRINGS_H 1
| #define HAVE_INTTYPES_H 1
| #define HAVE_STDINT_H 1
| #define HAVE_UNISTD_H 1
| #define HAVE_DLFCN_H 1
| #define HAVE_PTHREAD 1
| #define HAVE_SEMAPHORE_H 1
| #define HAVE_SYS_SEM_H 1
| /* end confdefs.h.  */
| 
| /* Override any gcc2 internal prototype to avoid an error.  */
| #ifdef __cplusplus
| extern "C"
| #endif
| /* We use char because int might match the return type of a gcc2
|    builtin and then its argument prototype would still apply.  */
| char nis_add ();
| int
| main ()
| {
| nis_add ();
|   ;
|   return 0;
| }
configure:20568: result: no
configure:20574: checking for sendto in -lsocket
configure:20604: gcc -o conftest -g    conftest.c -lsocket   >&5
/usr/libexec/gcc/i686-apple-darwin8/4.0.1/ld: can't locate file for: -lsocket
collect2: ld returned 1 exit status
configure:20610: $? = 1
configure: failed program was:
| /* confdefs.h.  */
| 
| #define PACKAGE_NAME ""
| #define PACKAGE_TARNAME ""
| #define PACKAGE_VERSION ""
| #define PACKAGE_STRING ""
| #define PACKAGE_BUGREPORT ""
| #define PACKAGE "libeXosip2"
| #define VERSION "2.2.3"
| #ifdef __cplusplus
| extern "C" void std::exit (int); using std::exit;
| #endif
| #define STDC_HEADERS 1
| #define HAVE_SYS_TYPES_H 1
| #define HAVE_SYS_STAT_H 1
| #define HAVE_STDLIB_H 1
| #define HAVE_STRING_H 1
| #define HAVE_MEMORY_H 1
| #define HAVE_STRINGS_H 1
| #define HAVE_INTTYPES_H 1
| #define HAVE_STDINT_H 1
| #define HAVE_UNISTD_H 1
| #define HAVE_DLFCN_H 1
| #define HAVE_PTHREAD 1
| #define HAVE_SEMAPHORE_H 1
| #define HAVE_SYS_SEM_H 1
| /* end confdefs.h.  */
| 
| /* Override any gcc2 internal prototype to avoid an error.  */
| #ifdef __cplusplus
| extern "C"
| #endif
| /* We use char because int might match the return type of a gcc2
|    builtin and then its argument prototype would still apply.  */
| char sendto ();
| int
| main ()
| {
| sendto ();
|   ;
|   return 0;
| }
configure:20635: result: no
configure:20641: checking for clock_gettime in -lrt
configure:20671: gcc -o conftest -g    conftest.c -lrt   >&5
/usr/libexec/gcc/i686-apple-darwin8/4.0.1/ld: can't locate file for: -lrt
collect2: ld returned 1 exit status
configure:20677: $? = 1
configure: failed program was:
| /* confdefs.h.  */
| 
| #define PACKAGE_NAME ""
| #define PACKAGE_TARNAME ""
| #define PACKAGE_VERSION ""
| #define PACKAGE_STRING ""
| #define PACKAGE_BUGREPORT ""
| #define PACKAGE "libeXosip2"
| #define VERSION "2.2.3"
| #ifdef __cplusplus
| extern "C" void std::exit (int); using std::exit;
| #endif
| #define STDC_HEADERS 1
| #define HAVE_SYS_TYPES_H 1
| #define HAVE_SYS_STAT_H 1
| #define HAVE_STDLIB_H 1
| #define HAVE_STRING_H 1
| #define HAVE_MEMORY_H 1
| #define HAVE_STRINGS_H 1
| #define HAVE_INTTYPES_H 1
| #define HAVE_STDINT_H 1
| #define HAVE_UNISTD_H 1
| #define HAVE_DLFCN_H 1
| #define HAVE_PTHREAD 1
| #define HAVE_SEMAPHORE_H 1
| #define HAVE_SYS_SEM_H 1
| /* end confdefs.h.  */
| 
| /* Override any gcc2 internal prototype to avoid an error.  */
| #ifdef __cplusplus
| extern "C"
| #endif
| /* We use char because int might match the return type of a gcc2
|    builtin and then its argument prototype would still apply.  */
| char clock_gettime ();
| int
| main ()
| {
| clock_gettime ();
|   ;
|   return 0;
| }
configure:20702: result: no
configure:20708: checking for clock_gettime in -lrt
configure:20769: result: no
configure:20998: checking whether -Wall works
configure:21022: gcc -c -g  -Wall conftest.c >&5
configure:21028: $? = 0
configure:21031: test -z 			 || test ! -s conftest.err
configure:21034: $? = 0
configure:21037: test -s conftest.o
configure:21040: $? = 0
configure:21053: result: yes
configure:21060: checking whether -Wcast-align works
configure:21084: gcc -c -g  -Wcast-align conftest.c >&5
configure:21090: $? = 0
configure:21093: test -z 			 || test ! -s conftest.err
configure:21096: $? = 0
configure:21099: test -s conftest.o
configure:21102: $? = 0
configure:21115: result: yes
configure:21122: checking whether -Wchar-subscripts works
configure:21146: gcc -c -g  -Wchar-subscripts conftest.c >&5
configure:21152: $? = 0
configure:21155: test -z 			 || test ! -s conftest.err
configure:21158: $? = 0
configure:21161: test -s conftest.o
configure:21164: $? = 0
configure:21177: result: yes
configure:21184: checking whether -Wformat works
configure:21208: gcc -c -g  -Wformat conftest.c >&5
configure:21214: $? = 0
configure:21217: test -z 			 || test ! -s conftest.err
configure:21220: $? = 0
configure:21223: test -s conftest.o
configure:21226: $? = 0
configure:21239: result: yes
configure:21246: checking whether -Winline works
configure:21270: gcc -c -g  -Winline conftest.c >&5
configure:21276: $? = 0
configure:21279: test -z 			 || test ! -s conftest.err
configure:21282: $? = 0
configure:21285: test -s conftest.o
configure:21288: $? = 0
configure:21301: result: yes
configure:21308: checking whether -Wmissing-declarations works
configure:21332: gcc -c -g  -Wmissing-declarations conftest.c >&5
configure:21338: $? = 0
configure:21341: test -z 			 || test ! -s conftest.err
configure:21344: $? = 0
configure:21347: test -s conftest.o
configure:21350: $? = 0
configure:21363: result: yes
configure:21370: checking whether -Wmissing-prototypes works
configure:21394: gcc -c -g  -Wmissing-prototypes conftest.c >&5
configure:21400: $? = 0
configure:21403: test -z 			 || test ! -s conftest.err
configure:21406: $? = 0
configure:21409: test -s conftest.o
configure:21412: $? = 0
configure:21425: result: yes
configure:21432: checking whether -Wnested-externs works
configure:21456: gcc -c -g  -Wnested-externs conftest.c >&5
configure:21462: $? = 0
configure:21465: test -z 			 || test ! -s conftest.err
configure:21468: $? = 0
configure:21471: test -s conftest.o
configure:21474: $? = 0
configure:21487: result: yes
configure:21494: checking whether -Wpointer-arith works
configure:21518: gcc -c -g  -Wpointer-arith conftest.c >&5
configure:21524: $? = 0
configure:21527: test -z 			 || test ! -s conftest.err
configure:21530: $? = 0
configure:21533: test -s conftest.o
configure:21536: $? = 0
configure:21549: result: yes
configure:21563: checking for ANSI C header files
configure:21715: result: yes
configure:21739: checking ctype.h usability
configure:21751: gcc -c -g   -Wall -Wcast-align -Wchar-subscripts -Wformat -Winline -Wmissing-declarations -Wmissing-prototypes -Wnested-externs -Wpointer-arith conftest.c >&5
configure:21757: $? = 0
configure:21760: test -z 			 || test ! -s conftest.err
configure:21763: $? = 0
configure:21766: test -s conftest.o
configure:21769: $? = 0
configure:21779: result: yes
configure:21783: checking ctype.h presence
configure:21793: gcc -E  -Wall -Wcast-align -Wchar-subscripts -Wformat -Winline -Wmissing-declarations -Wmissing-prototypes -Wnested-externs -Wpointer-arith conftest.c
configure:21799: $? = 0
configure:21819: result: yes
configure:21854: checking for ctype.h
configure:21861: result: yes
configure:21879: checking for string.h
configure:21884: result: yes
configure:22028: checking for strings.h
configure:22033: result: yes
configure:22186: checking stdio.h usability
configure:22198: gcc -c -g   -Wall -Wcast-align -Wchar-subscripts -Wformat -Winline -Wmissing-declarations -Wmissing-prototypes -Wnested-externs -Wpointer-arith conftest.c >&5
configure:22204: $? = 0
configure:22207: test -z 			 || test ! -s conftest.err
configure:22210: $? = 0
configure:22213: test -s conftest.o
configure:22216: $? = 0
configure:22226: result: yes
configure:22230: checking stdio.h presence
configure:22240: gcc -E  -Wall -Wcast-align -Wchar-subscripts -Wformat -Winline -Wmissing-declarations -Wmissing-prototypes -Wnested-externs -Wpointer-arith conftest.c
configure:22246: $? = 0
configure:22266: result: yes
configure:22301: checking for stdio.h
configure:22308: result: yes
configure:22326: checking for stdlib.h
configure:22331: result: yes
configure:22475: checking for unistd.h
configure:22480: result: yes
configure:22633: checking stdarg.h usability
configure:22645: gcc -c -g   -Wall -Wcast-align -Wchar-subscripts -Wformat -Winline -Wmissing-declarations -Wmissing-prototypes -Wnested-externs -Wpointer-arith conftest.c >&5
configure:22651: $? = 0
configure:22654: test -z 			 || test ! -s conftest.err
configure:22657: $? = 0
configure:22660: test -s conftest.o
configure:22663: $? = 0
configure:22673: result: yes
configure:22677: checking stdarg.h presence
configure:22687: gcc -E  -Wall -Wcast-align -Wchar-subscripts -Wformat -Winline -Wmissing-declarations -Wmissing-prototypes -Wnested-externs -Wpointer-arith conftest.c
configure:22693: $? = 0
configure:22713: result: yes
configure:22748: checking for stdarg.h
configure:22755: result: yes
configure:22782: checking varargs.h usability
configure:22794: gcc -c -g   -Wall -Wcast-align -Wchar-subscripts -Wformat -Winline -Wmissing-declarations -Wmissing-prototypes -Wnested-externs -Wpointer-arith conftest.c >&5
In file included from conftest.c:70:
/usr/lib/gcc/i686-apple-darwin8/4.0.1/include/varargs.h:4:2: error: #error "GCC no longer implements <varargs.h>."
/usr/lib/gcc/i686-apple-darwin8/4.0.1/include/varargs.h:5:2: error: #error "Revise your code to use <stdarg.h>."
configure:22800: $? = 1
configure: failed program was:
| /* confdefs.h.  */
| 
| #define PACKAGE_NAME ""
| #define PACKAGE_TARNAME ""
| #define PACKAGE_VERSION ""
| #define PACKAGE_STRING ""
| #define PACKAGE_BUGREPORT ""
| #define PACKAGE "libeXosip2"
| #define VERSION "2.2.3"
| #ifdef __cplusplus
| extern "C" void std::exit (int); using std::exit;
| #endif
| #define STDC_HEADERS 1
| #define HAVE_SYS_TYPES_H 1
| #define HAVE_SYS_STAT_H 1
| #define HAVE_STDLIB_H 1
| #define HAVE_STRING_H 1
| #define HAVE_MEMORY_H 1
| #define HAVE_STRINGS_H 1
| #define HAVE_INTTYPES_H 1
| #define HAVE_STDINT_H 1
| #define HAVE_UNISTD_H 1
| #define HAVE_DLFCN_H 1
| #define HAVE_PTHREAD 1
| #define HAVE_SEMAPHORE_H 1
| #define HAVE_SYS_SEM_H 1
| #define STDC_HEADERS 1
| #define HAVE_CTYPE_H 1
| #define HAVE_STRING_H 1
| #define HAVE_STRINGS_H 1
| #define HAVE_STDIO_H 1
| #define HAVE_STDLIB_H 1
| #define HAVE_UNISTD_H 1
| #define HAVE_STDARG_H 1
| /* end confdefs.h.  */
| #include <stdio.h>
| #if HAVE_SYS_TYPES_H
| # include <sys/types.h>
| #endif
| #if HAVE_SYS_STAT_H
| # include <sys/stat.h>
| #endif
| #if STDC_HEADERS
| # include <stdlib.h>
| # include <stddef.h>
| #else
| # if HAVE_STDLIB_H
| #  include <stdlib.h>
| # endif
| #endif
| #if HAVE_STRING_H
| # if !STDC_HEADERS && HAVE_MEMORY_H
| #  include <memory.h>
| # endif
| # include <string.h>
| #endif
| #if HAVE_STRINGS_H
| # include <strings.h>
| #endif
| #if HAVE_INTTYPES_H
| # include <inttypes.h>
| #else
| # if HAVE_STDINT_H
| #  include <stdint.h>
| # endif
| #endif
| #if HAVE_UNISTD_H
| # include <unistd.h>
| #endif
| #include <varargs.h>
configure:22822: result: no
configure:22826: checking varargs.h presence
configure:22836: gcc -E  -Wall -Wcast-align -Wchar-subscripts -Wformat -Winline -Wmissing-declarations -Wmissing-prototypes -Wnested-externs -Wpointer-arith conftest.c
In file included from conftest.c:36:
/usr/lib/gcc/i686-apple-darwin8/4.0.1/include/varargs.h:4:2: error: #error "GCC no longer implements <varargs.h>."
/usr/lib/gcc/i686-apple-darwin8/4.0.1/include/varargs.h:5:2: error: #error "Revise your code to use <stdarg.h>."
configure:22842: $? = 1
configure: failed program was:
| /* confdefs.h.  */
| 
| #define PACKAGE_NAME ""
| #define PACKAGE_TARNAME ""
| #define PACKAGE_VERSION ""
| #define PACKAGE_STRING ""
| #define PACKAGE_BUGREPORT ""
| #define PACKAGE "libeXosip2"
| #define VERSION "2.2.3"
| #ifdef __cplusplus
| extern "C" void std::exit (int); using std::exit;
| #endif
| #define STDC_HEADERS 1
| #define HAVE_SYS_TYPES_H 1
| #define HAVE_SYS_STAT_H 1
| #define HAVE_STDLIB_H 1
| #define HAVE_STRING_H 1
| #define HAVE_MEMORY_H 1
| #define HAVE_STRINGS_H 1
| #define HAVE_INTTYPES_H 1
| #define HAVE_STDINT_H 1
| #define HAVE_UNISTD_H 1
| #define HAVE_DLFCN_H 1
| #define HAVE_PTHREAD 1
| #define HAVE_SEMAPHORE_H 1
| #define HAVE_SYS_SEM_H 1
| #define STDC_HEADERS 1
| #define HAVE_CTYPE_H 1
| #define HAVE_STRING_H 1
| #define HAVE_STRINGS_H 1
| #define HAVE_STDIO_H 1
| #define HAVE_STDLIB_H 1
| #define HAVE_UNISTD_H 1
| #define HAVE_STDARG_H 1
| /* end confdefs.h.  */
| #include <varargs.h>
configure:22862: result: no
configure:22897: checking for varargs.h
configure:22904: result: no
configure:22931: checking sys/time.h usability
configure:22943: gcc -c -g   -Wall -Wcast-align -Wchar-subscripts -Wformat -Winline -Wmissing-declarations -Wmissing-prototypes -Wnested-externs -Wpointer-arith conftest.c >&5
configure:22949: $? = 0
configure:22952: test -z 			 || test ! -s conftest.err
configure:22955: $? = 0
configure:22958: test -s conftest.o
configure:22961: $? = 0
configure:22971: result: yes
configure:22975: checking sys/time.h presence
configure:22985: gcc -E  -Wall -Wcast-align -Wchar-subscripts -Wformat -Winline -Wmissing-declarations -Wmissing-prototypes -Wnested-externs -Wpointer-arith conftest.c
configure:22991: $? = 0
configure:23011: result: yes
configure:23046: checking for sys/time.h
configure:23053: result: yes
configure:23080: checking assert.h usability
configure:23092: gcc -c -g   -Wall -Wcast-align -Wchar-subscripts -Wformat -Winline -Wmissing-declarations -Wmissing-prototypes -Wnested-externs -Wpointer-arith conftest.c >&5
configure:23098: $? = 0
configure:23101: test -z 			 || test ! -s conftest.err
configure:23104: $? = 0
configure:23107: test -s conftest.o
configure:23110: $? = 0
configure:23120: result: yes
configure:23124: checking assert.h presence
configure:23134: gcc -E  -Wall -Wcast-align -Wchar-subscripts -Wformat -Winline -Wmissing-declarations -Wmissing-prototypes -Wnested-externs -Wpointer-arith conftest.c
configure:23140: $? = 0
configure:23160: result: yes
configure:23195: checking for assert.h
configure:23202: result: yes
configure:23229: checking signal.h usability
configure:23241: gcc -c -g   -Wall -Wcast-align -Wchar-subscripts -Wformat -Winline -Wmissing-declarations -Wmissing-prototypes -Wnested-externs -Wpointer-arith conftest.c >&5
configure:23247: $? = 0
configure:23250: test -z 			 || test ! -s conftest.err
configure:23253: $? = 0
configure:23256: test -s conftest.o
configure:23259: $? = 0
configure:23269: result: yes
configure:23273: checking signal.h presence
configure:23283: gcc -E  -Wall -Wcast-align -Wchar-subscripts -Wformat -Winline -Wmissing-declarations -Wmissing-prototypes -Wnested-externs -Wpointer-arith conftest.c
configure:23289: $? = 0
configure:23309: result: yes
configure:23344: checking for signal.h
configure:23351: result: yes
configure:23378: checking sys/signal.h usability
configure:23390: gcc -c -g   -Wall -Wcast-align -Wchar-subscripts -Wformat -Winline -Wmissing-declarations -Wmissing-prototypes -Wnested-externs -Wpointer-arith conftest.c >&5
configure:23396: $? = 0
configure:23399: test -z 			 || test ! -s conftest.err
configure:23402: $? = 0
configure:23405: test -s conftest.o
configure:23408: $? = 0
configure:23418: result: yes
configure:23422: checking sys/signal.h presence
configure:23432: gcc -E  -Wall -Wcast-align -Wchar-subscripts -Wformat -Winline -Wmissing-declarations -Wmissing-prototypes -Wnested-externs -Wpointer-arith conftest.c
configure:23438: $? = 0
configure:23458: result: yes
configure:23493: checking for sys/signal.h
configure:23500: result: yes
configure:23527: checking malloc.h usability
configure:23539: gcc -c -g   -Wall -Wcast-align -Wchar-subscripts -Wformat -Winline -Wmissing-declarations -Wmissing-prototypes -Wnested-externs -Wpointer-arith conftest.c >&5
conftest.c:74:20: error: malloc.h: No such file or directory
configure:23545: $? = 1
configure: failed program was:
| /* confdefs.h.  */
| 
| #define PACKAGE_NAME ""
| #define PACKAGE_TARNAME ""
| #define PACKAGE_VERSION ""
| #define PACKAGE_STRING ""
| #define PACKAGE_BUGREPORT ""
| #define PACKAGE "libeXosip2"
| #define VERSION "2.2.3"
| #ifdef __cplusplus
| extern "C" void std::exit (int); using std::exit;
| #endif
| #define STDC_HEADERS 1
| #define HAVE_SYS_TYPES_H 1
| #define HAVE_SYS_STAT_H 1
| #define HAVE_STDLIB_H 1
| #define HAVE_STRING_H 1
| #define HAVE_MEMORY_H 1
| #define HAVE_STRINGS_H 1
| #define HAVE_INTTYPES_H 1
| #define HAVE_STDINT_H 1
| #define HAVE_UNISTD_H 1
| #define HAVE_DLFCN_H 1
| #define HAVE_PTHREAD 1
| #define HAVE_SEMAPHORE_H 1
| #define HAVE_SYS_SEM_H 1
| #define STDC_HEADERS 1
| #define HAVE_CTYPE_H 1
| #define HAVE_STRING_H 1
| #define HAVE_STRINGS_H 1
| #define HAVE_STDIO_H 1
| #define HAVE_STDLIB_H 1
| #define HAVE_UNISTD_H 1
| #define HAVE_STDARG_H 1
| #define HAVE_SYS_TIME_H 1
| #define HAVE_ASSERT_H 1
| #define HAVE_SIGNAL_H 1
| #define HAVE_SYS_SIGNAL_H 1
| /* end confdefs.h.  */
| #include <stdio.h>
| #if HAVE_SYS_TYPES_H
| # include <sys/types.h>
| #endif
| #if HAVE_SYS_STAT_H
| # include <sys/stat.h>
| #endif
| #if STDC_HEADERS
| # include <stdlib.h>
| # include <stddef.h>
| #else
| # if HAVE_STDLIB_H
| #  include <stdlib.h>
| # endif
| #endif
| #if HAVE_STRING_H
| # if !STDC_HEADERS && HAVE_MEMORY_H
| #  include <memory.h>
| # endif
| # include <string.h>
| #endif
| #if HAVE_STRINGS_H
| # include <strings.h>
| #endif
| #if HAVE_INTTYPES_H
| # include <inttypes.h>
| #else
| # if HAVE_STDINT_H
| #  include <stdint.h>
| # endif
| #endif
| #if HAVE_UNISTD_H
| # include <unistd.h>
| #endif
| #include <malloc.h>
configure:23567: result: no
configure:23571: checking malloc.h presence
configure:23581: gcc -E  -Wall -Wcast-align -Wchar-subscripts -Wformat -Winline -Wmissing-declarations -Wmissing-prototypes -Wnested-externs -Wpointer-arith conftest.c
conftest.c:40:20: error: malloc.h: No such file or directory
configure:23587: $? = 1
configure: failed program was:
| /* confdefs.h.  */
| 
| #define PACKAGE_NAME ""
| #define PACKAGE_TARNAME ""
| #define PACKAGE_VERSION ""
| #define PACKAGE_STRING ""
| #define PACKAGE_BUGREPORT ""
| #define PACKAGE "libeXosip2"
| #define VERSION "2.2.3"
| #ifdef __cplusplus
| extern "C" void std::exit (int); using std::exit;
| #endif
| #define STDC_HEADERS 1
| #define HAVE_SYS_TYPES_H 1
| #define HAVE_SYS_STAT_H 1
| #define HAVE_STDLIB_H 1
| #define HAVE_STRING_H 1
| #define HAVE_MEMORY_H 1
| #define HAVE_STRINGS_H 1
| #define HAVE_INTTYPES_H 1
| #define HAVE_STDINT_H 1
| #define HAVE_UNISTD_H 1
| #define HAVE_DLFCN_H 1
| #define HAVE_PTHREAD 1
| #define HAVE_SEMAPHORE_H 1
| #define HAVE_SYS_SEM_H 1
| #define STDC_HEADERS 1
| #define HAVE_CTYPE_H 1
| #define HAVE_STRING_H 1
| #define HAVE_STRINGS_H 1
| #define HAVE_STDIO_H 1
| #define HAVE_STDLIB_H 1
| #define HAVE_UNISTD_H 1
| #define HAVE_STDARG_H 1
| #define HAVE_SYS_TIME_H 1
| #define HAVE_ASSERT_H 1
| #define HAVE_SIGNAL_H 1
| #define HAVE_SYS_SIGNAL_H 1
| /* end confdefs.h.  */
| #include <malloc.h>
configure:23607: result: no
configure:23642: checking for malloc.h
configure:23649: result: no
configure:23676: checking sys/select.h usability
configure:23688: gcc -c -g   -Wall -Wcast-align -Wchar-subscripts -Wformat -Winline -Wmissing-declarations -Wmissing-prototypes -Wnested-externs -Wpointer-arith conftest.c >&5
configure:23694: $? = 0
configure:23697: test -z 			 || test ! -s conftest.err
configure:23700: $? = 0
configure:23703: test -s conftest.o
configure:23706: $? = 0
configure:23716: result: yes
configure:23720: checking sys/select.h presence
configure:23730: gcc -E  -Wall -Wcast-align -Wchar-subscripts -Wformat -Winline -Wmissing-declarations -Wmissing-prototypes -Wnested-externs -Wpointer-arith conftest.c
configure:23736: $? = 0
configure:23756: result: yes
configure:23791: checking for sys/select.h
configure:23798: result: yes
configure:23816: checking for sys/types.h
configure:23821: result: yes
configure:23974: checking fcntl.h usability
configure:23986: gcc -c -g   -Wall -Wcast-align -Wchar-subscripts -Wformat -Winline -Wmissing-declarations -Wmissing-prototypes -Wnested-externs -Wpointer-arith conftest.c >&5
configure:23992: $? = 0
configure:23995: test -z 			 || test ! -s conftest.err
configure:23998: $? = 0
configure:24001: test -s conftest.o
configure:24004: $? = 0
configure:24014: result: yes
configure:24018: checking fcntl.h presence
configure:24028: gcc -E  -Wall -Wcast-align -Wchar-subscripts -Wformat -Winline -Wmissing-declarations -Wmissing-prototypes -Wnested-externs -Wpointer-arith conftest.c
configure:24034: $? = 0
configure:24054: result: yes
configure:24089: checking for fcntl.h
configure:24096: result: yes
configure:24123: checking sys/soundcard.h usability
configure:24135: gcc -c -g   -Wall -Wcast-align -Wchar-subscripts -Wformat -Winline -Wmissing-declarations -Wmissing-prototypes -Wnested-externs -Wpointer-arith conftest.c >&5
conftest.c:77:27: error: sys/soundcard.h: No such file or directory
configure:24141: $? = 1
configure: failed program was:
| /* confdefs.h.  */
| 
| #define PACKAGE_NAME ""
| #define PACKAGE_TARNAME ""
| #define PACKAGE_VERSION ""
| #define PACKAGE_STRING ""
| #define PACKAGE_BUGREPORT ""
| #define PACKAGE "libeXosip2"
| #define VERSION "2.2.3"
| #ifdef __cplusplus
| extern "C" void std::exit (int); using std::exit;
| #endif
| #define STDC_HEADERS 1
| #define HAVE_SYS_TYPES_H 1
| #define HAVE_SYS_STAT_H 1
| #define HAVE_STDLIB_H 1
| #define HAVE_STRING_H 1
| #define HAVE_MEMORY_H 1
| #define HAVE_STRINGS_H 1
| #define HAVE_INTTYPES_H 1
| #define HAVE_STDINT_H 1
| #define HAVE_UNISTD_H 1
| #define HAVE_DLFCN_H 1
| #define HAVE_PTHREAD 1
| #define HAVE_SEMAPHORE_H 1
| #define HAVE_SYS_SEM_H 1
| #define STDC_HEADERS 1
| #define HAVE_CTYPE_H 1
| #define HAVE_STRING_H 1
| #define HAVE_STRINGS_H 1
| #define HAVE_STDIO_H 1
| #define HAVE_STDLIB_H 1
| #define HAVE_UNISTD_H 1
| #define HAVE_STDARG_H 1
| #define HAVE_SYS_TIME_H 1
| #define HAVE_ASSERT_H 1
| #define HAVE_SIGNAL_H 1
| #define HAVE_SYS_SIGNAL_H 1
| #define HAVE_SYS_SELECT_H 1
| #define HAVE_SYS_TYPES_H 1
| #define HAVE_FCNTL_H 1
| /* end confdefs.h.  */
| #include <stdio.h>
| #if HAVE_SYS_TYPES_H
| # include <sys/types.h>
| #endif
| #if HAVE_SYS_STAT_H
| # include <sys/stat.h>
| #endif
| #if STDC_HEADERS
| # include <stdlib.h>
| # include <stddef.h>
| #else
| # if HAVE_STDLIB_H
| #  include <stdlib.h>
| # endif
| #endif
| #if HAVE_STRING_H
| # if !STDC_HEADERS && HAVE_MEMORY_H
| #  include <memory.h>
| # endif
| # include <string.h>
| #endif
| #if HAVE_STRINGS_H
| # include <strings.h>
| #endif
| #if HAVE_INTTYPES_H
| # include <inttypes.h>
| #else
| # if HAVE_STDINT_H
| #  include <stdint.h>
| # endif
| #endif
| #if HAVE_UNISTD_H
| # include <unistd.h>
| #endif
| #include <sys/soundcard.h>
configure:24163: result: no
configure:24167: checking sys/soundcard.h presence
configure:24177: gcc -E  -Wall -Wcast-align -Wchar-subscripts -Wformat -Winline -Wmissing-declarations -Wmissing-prototypes -Wnested-externs -Wpointer-arith conftest.c
conftest.c:43:27: error: sys/soundcard.h: No such file or directory
configure:24183: $? = 1
configure: failed program was:
| /* confdefs.h.  */
| 
| #define PACKAGE_NAME ""
| #define PACKAGE_TARNAME ""
| #define PACKAGE_VERSION ""
| #define PACKAGE_STRING ""
| #define PACKAGE_BUGREPORT ""
| #define PACKAGE "libeXosip2"
| #define VERSION "2.2.3"
| #ifdef __cplusplus
| extern "C" void std::exit (int); using std::exit;
| #endif
| #define STDC_HEADERS 1
| #define HAVE_SYS_TYPES_H 1
| #define HAVE_SYS_STAT_H 1
| #define HAVE_STDLIB_H 1
| #define HAVE_STRING_H 1
| #define HAVE_MEMORY_H 1
| #define HAVE_STRINGS_H 1
| #define HAVE_INTTYPES_H 1
| #define HAVE_STDINT_H 1
| #define HAVE_UNISTD_H 1
| #define HAVE_DLFCN_H 1
| #define HAVE_PTHREAD 1
| #define HAVE_SEMAPHORE_H 1
| #define HAVE_SYS_SEM_H 1
| #define STDC_HEADERS 1
| #define HAVE_CTYPE_H 1
| #define HAVE_STRING_H 1
| #define HAVE_STRINGS_H 1
| #define HAVE_STDIO_H 1
| #define HAVE_STDLIB_H 1
| #define HAVE_UNISTD_H 1
| #define HAVE_STDARG_H 1
| #define HAVE_SYS_TIME_H 1
| #define HAVE_ASSERT_H 1
| #define HAVE_SIGNAL_H 1
| #define HAVE_SYS_SIGNAL_H 1
| #define HAVE_SYS_SELECT_H 1
| #define HAVE_SYS_TYPES_H 1
| #define HAVE_FCNTL_H 1
| /* end confdefs.h.  */
| #include <sys/soundcard.h>
configure:24203: result: no
configure:24238: checking for sys/soundcard.h
configure:24245: result: no
configure:24425: creating ./config.status

## ---------------------- ##
## Running config.status. ##
## ---------------------- ##

This file was extended by config.status, which was
generated by GNU Autoconf 2.59.  Invocation command line was

  CONFIG_FILES    = 
  CONFIG_HEADERS  = 
  CONFIG_LINKS    = 
  CONFIG_COMMANDS = 
  $ ./config.status 

on ordinateur-de-daniel-braun-1.local

config.status:788: creating Makefile
config.status:788: creating scripts/Makefile
config.status:788: creating platform/Makefile
config.status:788: creating platform/vsnet/Makefile
config.status:788: creating include/Makefile
config.status:788: creating include/eXosip2/Makefile
config.status:788: creating src/Makefile
config.status:788: creating josua/Makefile
config.status:788: creating tools/Makefile
config.status:788: creating help/Makefile
config.status:788: creating help/doxygen/Makefile
config.status:788: creating help/doxygen/doxygen.dox
config.status:854: creating config.h
config.status:1178: executing depfiles commands

## ---------------- ##
## Cache variables. ##
## ---------------- ##

ac_cv_build=i386-apple-darwin8.10.1
ac_cv_build_alias=i386-apple-darwin8.10.1
ac_cv_c_compiler_gnu=yes
ac_cv_cxx_compiler_gnu=yes
ac_cv_env_CC_set=
ac_cv_env_CC_value=
ac_cv_env_CFLAGS_set=
ac_cv_env_CFLAGS_value=
ac_cv_env_CPPFLAGS_set=
ac_cv_env_CPPFLAGS_value=
ac_cv_env_CPP_set=
ac_cv_env_CPP_value=
ac_cv_env_CXXCPP_set=
ac_cv_env_CXXCPP_value=
ac_cv_env_CXXFLAGS_set=
ac_cv_env_CXXFLAGS_value=
ac_cv_env_CXX_set=
ac_cv_env_CXX_value=
ac_cv_env_F77_set=
ac_cv_env_F77_value=
ac_cv_env_FFLAGS_set=
ac_cv_env_FFLAGS_value=
ac_cv_env_LDFLAGS_set=
ac_cv_env_LDFLAGS_value=
ac_cv_env_build_alias_set=
ac_cv_env_build_alias_value=
ac_cv_env_host_alias_set=
ac_cv_env_host_alias_value=
ac_cv_env_target_alias_set=
ac_cv_env_target_alias_value=
ac_cv_exeext=
ac_cv_f77_compiler_gnu=no
ac_cv_header_assert_h=yes
ac_cv_header_ctype_h=yes
ac_cv_header_dlfcn_h=yes
ac_cv_header_fcntl_h=yes
ac_cv_header_inttypes_h=yes
ac_cv_header_malloc_h=no
ac_cv_header_memory_h=yes
ac_cv_header_semaphore_h=yes
ac_cv_header_signal_h=yes
ac_cv_header_stdarg_h=yes
ac_cv_header_stdc=yes
ac_cv_header_stdint_h=yes
ac_cv_header_stdio_h=yes
ac_cv_header_stdlib_h=yes
ac_cv_header_string_h=yes
ac_cv_header_strings_h=yes
ac_cv_header_sys_select_h=yes
ac_cv_header_sys_sem_h=yes
ac_cv_header_sys_signal_h=yes
ac_cv_header_sys_soundcard_h=no
ac_cv_header_sys_stat_h=yes
ac_cv_header_sys_time_h=yes
ac_cv_header_sys_types_h=yes
ac_cv_header_unistd_h=yes
ac_cv_header_varargs_h=no
ac_cv_host=i386-apple-darwin8.10.1
ac_cv_host_alias=i386-apple-darwin8.10.1
ac_cv_lib_nsl_nis_add=no
ac_cv_lib_posix4_sem_open=no
ac_cv_lib_rt_clock_gettime=no
ac_cv_lib_socket_sendto=no
ac_cv_objext=o
ac_cv_path_install='/usr/bin/install -c'
ac_cv_prog_AWK=awk
ac_cv_prog_CPP='gcc -E'
ac_cv_prog_CXXCPP='g++ -E'
ac_cv_prog_PTHREAD_CC=gcc
ac_cv_prog_ac_ct_AR=ar
ac_cv_prog_ac_ct_CC=gcc
ac_cv_prog_ac_ct_CXX=g++
ac_cv_prog_ac_ct_RANLIB=ranlib
ac_cv_prog_ac_ct_STRIP=strip
ac_cv_prog_cc_g=yes
ac_cv_prog_cc_stdc=
ac_cv_prog_cxx_g=yes
ac_cv_prog_egrep='grep -E'
ac_cv_prog_f77_g=no
ac_cv_prog_make_make_set=yes
am_cv_CC_dependencies_compiler_type=gcc3
am_cv_CXX_dependencies_compiler_type=gcc3
lt_cv_deplibs_check_method=pass_all
lt_cv_file_magic_cmd='$MAGIC_CMD'
lt_cv_file_magic_test_file=
lt_cv_ld_reload_flag=-r
lt_cv_objdir=.libs
lt_cv_path_LD=/usr/libexec/gcc/i686-apple-darwin8/4.0.1/ld
lt_cv_path_LDCXX=/usr/libexec/gcc/i686-apple-darwin8/4.0.1/ld
lt_cv_path_NM='/usr/bin/nm -p'
lt_cv_path_SED=/usr/bin/sed
lt_cv_prog_compiler_c_o=yes
lt_cv_prog_compiler_c_o_CXX=yes
lt_cv_prog_compiler_rtti_exceptions=no
lt_cv_prog_gnu_ld=no
lt_cv_prog_gnu_ldcxx=no
lt_cv_sys_global_symbol_pipe='sed -n -e '\''s/^.*[ 	]\([BCDEGRST][BCDEGRST]*\)[ 	][ 	]*_\([_A-Za-z][_A-Za-z0-9]*\)$/\1 _\2 \2/p'\'''
lt_cv_sys_global_symbol_to_c_name_address='sed -n -e '\''s/^: \([^ ]*\) $/  {\"\1\", (lt_ptr) 0},/p'\'' -e '\''s/^[BCDEGRST] \([^ ]*\) \([^ ]*\)$/  {"\2", (lt_ptr) \&\2},/p'\'''
lt_cv_sys_global_symbol_to_cdecl='sed -n -e '\''s/^. .* \(.*\)$/extern int \1;/p'\'''
lt_cv_sys_max_cmd_len=196608
lt_lt_cv_prog_compiler_c_o='"yes"'
lt_lt_cv_prog_compiler_c_o_CXX='"yes"'
lt_lt_cv_sys_global_symbol_pipe='"sed -n -e '\''s/^.*[ 	]\\([BCDEGRST][BCDEGRST]*\\)[ 	][ 	]*_\\([_A-Za-z][_A-Za-z0-9]*\\)\$/\\1 _\\2 \\2/p'\''"'
lt_lt_cv_sys_global_symbol_to_c_name_address='"sed -n -e '\''s/^: \\([^ ]*\\) \$/  {\\\"\\1\\\", (lt_ptr) 0},/p'\'' -e '\''s/^[BCDEGRST] \\([^ ]*\\) \\([^ ]*\\)\$/  {\"\\2\", (lt_ptr) \\&\\2},/p'\''"'
lt_lt_cv_sys_global_symbol_to_cdecl='"sed -n -e '\''s/^. .* \\(.*\\)\$/extern int \\1;/p'\''"'

## ----------------- ##
## Output variables. ##
## ----------------- ##

ACLOCAL='${SHELL} /Users/danielbraun/devel/sipx/libeXosip2-2.2.3/scripts/missing --run aclocal-1.9 -I scripts'
AMDEPBACKSLASH='\'
AMDEP_FALSE='#'
AMDEP_TRUE=''
AMTAR='${SHELL} /Users/danielbraun/devel/sipx/libeXosip2-2.2.3/scripts/missing --run tar'
AR='ar'
AUTOCONF='${SHELL} /Users/danielbraun/devel/sipx/libeXosip2-2.2.3/scripts/missing --run autoconf'
AUTOHEADER='${SHELL} /Users/danielbraun/devel/sipx/libeXosip2-2.2.3/scripts/missing --run autoheader'
AUTOMAKE='${SHELL} /Users/danielbraun/devel/sipx/libeXosip2-2.2.3/scripts/missing --run automake-1.9'
AWK='awk'
CC='gcc'
CCDEPMODE='depmode=gcc3'
CFLAGS='-g '
COMPILE_JOSUA_FALSE=''
COMPILE_JOSUA_TRUE='#'
COMPILE_TOOLS_FALSE='#'
COMPILE_TOOLS_TRUE=''
CPP='gcc -E'
CPPFLAGS=' -Wall -Wcast-align -Wchar-subscripts -Wformat -Winline -Wmissing-declarations -Wmissing-prototypes -Wnested-externs -Wpointer-arith'
CXX='g++'
CXXCPP='g++ -E'
CXXDEPMODE='depmode=gcc3'
CXXFLAGS='-g -O2'
CYGPATH_W='echo'
DEFS='-DHAVE_CONFIG_H'
DEPDIR='.deps'
ECHO='echo'
ECHO_C=''
ECHO_N='-n'
ECHO_T=''
EGREP='grep -E'
EXEEXT=''
EXOSIP_FLAGS=' -DOSIP_MT -pedantic -DENABLE_DEBUG -g -DENABLE_TRACE'
EXOSIP_LIB=''
EXOSIP_VERSION='2.2.3'
F77=''
FFLAGS=''
GLIB_SUPPORT_FALSE='#'
GLIB_SUPPORT_TRUE=''
INSIDE_GNOME_COMMON_FALSE=''
INSIDE_GNOME_COMMON_TRUE='#'
INSTALL_DATA='${INSTALL} -m 644'
INSTALL_PROGRAM='${INSTALL}'
INSTALL_SCRIPT='${INSTALL}'
INSTALL_STRIP_PROGRAM='${SHELL} $(install_sh) -c -s'
JOSUA_FLAGS='-DOSIP_AT_OSIP_DOT_ORG'
JOSUA_LIB=''
LDFLAGS=''
LIBEXOSIP_SO_VERSION='5:0:0'
LIBOBJS=''
LIBS=''
LIBTOOL='$(SHELL) $(top_builddir)/libtool'
LN_S='ln -s'
LTLIBOBJS=''
MAKEINFO='${SHELL} /Users/danielbraun/devel/sipx/libeXosip2-2.2.3/scripts/missing --run makeinfo'
MEDIASTREAMER_SUPPORT_FALSE=''
MEDIASTREAMER_SUPPORT_TRUE='#'
OBJEXT='o'
ORTP_SUPPORT_FALSE=''
ORTP_SUPPORT_TRUE='#'
PACKAGE='libeXosip2'
PACKAGE_BUGREPORT=''
PACKAGE_NAME=''
PACKAGE_STRING=''
PACKAGE_TARNAME=''
PACKAGE_VERSION=''
PATH_SEPARATOR=':'
PTHREAD_CC='gcc'
PTHREAD_CFLAGS=''
PTHREAD_LIBS=''
RANLIB='ranlib'
SET_MAKE=''
SHELL='/bin/sh'
STRIP='strip'
UCL_SUPPORT_FALSE=''
UCL_SUPPORT_TRUE='#'
VERSION='2.2.3'
ac_aux_dir='scripts'
ac_ct_AR='ar'
ac_ct_CC='gcc'
ac_ct_CXX='g++'
ac_ct_F77=''
ac_ct_RANLIB='ranlib'
ac_ct_STRIP='strip'
am__fastdepCC_FALSE='#'
am__fastdepCC_TRUE=''
am__fastdepCXX_FALSE='#'
am__fastdepCXX_TRUE=''
am__include='include'
am__leading_dot='.'
am__quote=''
am__tar='${AMTAR} chof - "$$tardir"'
am__untar='${AMTAR} xf -'
bindir='${exec_prefix}/bin'
build='i386-apple-darwin8.10.1'
build_alias=''
build_cpu='i386'
build_os='darwin8.10.1'
build_vendor='apple'
datadir='${prefix}/share'
exec_prefix='${prefix}'
host='i386-apple-darwin8.10.1'
host_alias=''
host_cpu='i386'
host_os='darwin8.10.1'
host_vendor='apple'
includedir='${prefix}/include'
infodir='${prefix}/info'
install_sh='/Users/danielbraun/devel/sipx/libeXosip2-2.2.3/scripts/install-sh'
libdir='${exec_prefix}/lib'
libexecdir='${exec_prefix}/libexec'
localstatedir='${prefix}/var'
mandir='${prefix}/man'
mkdir_p='$(mkinstalldirs)'
oldincludedir='/usr/include'
prefix='/tmp/stage'
program_transform_name='s,x,x,'
sbindir='${exec_prefix}/sbin'
sharedstatedir='${prefix}/com'
sysconfdir='${prefix}/etc'
target_alias=''

## ----------- ##
## confdefs.h. ##
## ----------- ##

#define HAVE_ASSERT_H 1
#define HAVE_CTYPE_H 1
#define HAVE_DLFCN_H 1
#define HAVE_FCNTL_H 1
#define HAVE_INTTYPES_H 1
#define HAVE_MEMORY_H 1
#define HAVE_PTHREAD 1
#define HAVE_SEMAPHORE_H 1
#define HAVE_SIGNAL_H 1
#define HAVE_STDARG_H 1
#define HAVE_STDINT_H 1
#define HAVE_STDIO_H 1
#define HAVE_STDLIB_H 1
#define HAVE_STDLIB_H 1
#define HAVE_STRINGS_H 1
#define HAVE_STRINGS_H 1
#define HAVE_STRING_H 1
#define HAVE_STRING_H 1
#define HAVE_SYS_SELECT_H 1
#define HAVE_SYS_SEM_H 1
#define HAVE_SYS_SIGNAL_H 1
#define HAVE_SYS_STAT_H 1
#define HAVE_SYS_TIME_H 1
#define HAVE_SYS_TYPES_H 1
#define HAVE_SYS_TYPES_H 1
#define HAVE_UNISTD_H 1
#define HAVE_UNISTD_H 1
#define PACKAGE "libeXosip2"
#define PACKAGE_BUGREPORT ""
#define PACKAGE_NAME ""
#define PACKAGE_STRING ""
#define PACKAGE_TARNAME ""
#define PACKAGE_VERSION ""
#define STDC_HEADERS 1
#define STDC_HEADERS 1
#define VERSION "2.2.3"
#endif
#ifdef __cplusplus
extern "C" void std::exit (int); using std::exit;

configure: exit 0
