This file contains any messages produced by compilers while
running configure, to aid debugging if configure makes a mistake.

It was created by ortp configure 0.13.1, which was
generated by GNU Autoconf 2.61.  Invocation command line was

  $ ./configure 

## --------- ##
## Platform. ##
## --------- ##

hostname = ordinateur-de-daniel-braun-1.local
uname -m = i386
uname -r = 8.10.1
uname -s = Darwin
uname -v = Darwin Kernel Version 8.10.1: Wed May 23 16:33:00 PDT 2007; root:xnu-792.22.5~1/RELEASE_I386

/usr/bin/uname -p = i386
/bin/uname -X     = unknown

/bin/arch              = unknown
/usr/bin/arch -k       = unknown
/usr/convex/getsysinfo = unknown
/usr/bin/hostinfo      = Mach kernel version:
	 Darwin Kernel Version 8.10.1: Wed May 23 16:33:00 PDT 2007; root:xnu-792.22.5~1/RELEASE_I386
Kernel configured for up to 2 processors.
2 processors are physically available.
2 processors are logically available.
Processor type: i486 (Intel 80486)
Processors active: 0 1
Primary memory available: 1.00 gigabytes
Default processor set: 115 tasks, 342 threads, 2 processors
Load average: 0.65, Mach factor: 1.34
/bin/machine           = unknown
/usr/bin/oslevel       = unknown
/bin/universe          = unknown

PATH: /Library/Frameworks/Python.framework/Versions/Current/bin
PATH: /usr/local/bin
PATH: /bin
PATH: /sbin
PATH: /usr/bin
PATH: /usr/sbin


## ----------- ##
## Core tests. ##
## ----------- ##

configure:2000: checking build system type
configure:2018: result: i386-apple-darwin8.10.1
configure:2040: checking host system type
configure:2055: result: i386-apple-darwin8.10.1
configure:2077: checking target system type
configure:2092: result: i386-apple-darwin8.10.1
configure:2157: checking for a BSD-compatible install
configure:2213: result: /usr/bin/install -c
configure:2224: checking whether build environment is sane
configure:2267: result: yes
configure:2332: checking for gawk
configure:2362: result: no
configure:2332: checking for mawk
configure:2362: result: no
configure:2332: checking for nawk
configure:2362: result: no
configure:2332: checking for awk
configure:2348: found /usr/bin/awk
configure:2359: result: awk
configure:2370: checking whether make sets $(MAKE)
configure:2391: result: yes
configure:2570: checking how to create a ustar tar archive
configure:2583: tar --version
tar (GNU tar) 1.14 +CVE-2006-0300 +CVE-2006-6097
Copyright (C) 2004 Free Software Foundation, Inc.
This program comes with NO WARRANTY, to the extent permitted by law.
You may redistribute it under the terms of the GNU General Public License;
see the file named COPYING for details.
Written by John Gilmore and Jay Fenlason.
Modified to support extended attributes.
configure:2586: $? = 0
configure:2626: tardir=conftest.dir && eval tar --format=ustar -chf - "$tardir" >conftest.tar
configure:2629: $? = 0
configure:2633: tar -xf - <conftest.tar
configure:2636: $? = 0
configure:2649: result: gnutar
configure:2681: checking warning make an error on compilation
configure:2813: checking for gcc
configure:2829: found /usr/bin/gcc
configure:2840: result: gcc
configure:3078: checking for C compiler version
configure:3085: gcc --version >&5
i686-apple-darwin8-gcc-4.0.1 (GCC) 4.0.1 (Apple Computer, Inc. build 5370)
Copyright (C) 2005 Free Software Foundation, Inc.
This is free software; see the source for copying conditions.  There is NO
warranty; not even for MERCHANTABILITY or FITNESS FOR A PARTICULAR PURPOSE.

configure:3088: $? = 0
configure:3095: gcc -v >&5
Using built-in specs.
Target: i686-apple-darwin8
Configured with: /var/tmp/gcc/gcc-5370~2/src/configure --disable-checking -enable-werror --prefix=/usr --mandir=/share/man --enable-languages=c,objc,c++,obj-c++ --program-transform-name=/^[cg][^.-]*$/s/$/-4.0/ --with-gxx-include-dir=/include/c++/4.0.0 --with-slibdir=/usr/lib --build=powerpc-apple-darwin8 --with-arch=nocona --with-tune=generic --program-prefix= --host=i686-apple-darwin8 --target=i686-apple-darwin8
Thread model: posix
gcc version 4.0.1 (Apple Computer, Inc. build 5370)
configure:3098: $? = 0
configure:3105: gcc -V >&5
gcc: argument to `-V' is missing
configure:3108: $? = 1
configure:3131: checking for C compiler default output file name
configure:3158: gcc    conftest.c  >&5
configure:3161: $? = 0
configure:3199: result: a.out
configure:3216: checking whether the C compiler works
configure:3226: ./a.out
configure:3229: $? = 0
configure:3246: result: yes
configure:3253: checking whether we are cross compiling
configure:3255: result: no
configure:3258: checking for suffix of executables
configure:3265: gcc -o conftest    conftest.c  >&5
configure:3268: $? = 0
configure:3292: result: 
configure:3298: checking for suffix of object files
configure:3324: gcc -c   conftest.c >&5
configure:3327: $? = 0
configure:3350: result: o
configure:3354: checking whether we are using the GNU C compiler
configure:3383: gcc -c   conftest.c >&5
configure:3389: $? = 0
configure:3406: result: yes
configure:3411: checking whether gcc accepts -g
configure:3441: gcc -c -g  conftest.c >&5
configure:3447: $? = 0
configure:3546: result: yes
configure:3563: checking for gcc option to accept ISO C89
configure:3637: gcc  -c -g -O2  conftest.c >&5
configure:3643: $? = 0
configure:3666: result: none needed
configure:3695: checking for style of include used by make
configure:3723: result: GNU
configure:3751: checking dependency style of gcc
configure:3841: result: gcc3
configure:3930: checking for a sed that does not truncate output
configure:3984: result: /usr/bin/sed
configure:3987: checking for grep that handles long lines and -e
configure:4061: result: /usr/bin/grep
configure:4066: checking for egrep
configure:4144: result: /usr/bin/grep -E
configure:4160: checking for ld used by gcc
configure:4227: result: /usr/libexec/gcc/i686-apple-darwin8/4.0.1/ld
configure:4236: checking if the linker (/usr/libexec/gcc/i686-apple-darwin8/4.0.1/ld) is GNU ld
configure:4251: result: no
configure:4256: checking for /usr/libexec/gcc/i686-apple-darwin8/4.0.1/ld option to reload object files
configure:4263: result: -r
configure:4281: checking for BSD-compatible nm
configure:4330: result: /usr/bin/nm -p
configure:4334: checking whether ln -s works
configure:4338: result: yes
configure:4345: checking how to recognise dependent libraries
configure:4521: result: pass_all
configure:4755: checking how to run the C preprocessor
configure:4795: gcc -E  conftest.c
configure:4801: $? = 0
configure:4832: gcc -E  conftest.c
conftest.c:14:28: error: ac_nonexistent.h: No such file or directory
configure:4838: $? = 1
configure: failed program was:
| /* confdefs.h.  */
| #define PACKAGE_NAME "ortp"
| #define PACKAGE_TARNAME "ortp"
| #define PACKAGE_VERSION "0.13.1"
| #define PACKAGE_STRING "ortp 0.13.1"
| #define PACKAGE_BUGREPORT ""
| #define PACKAGE "ortp"
| #define VERSION "0.13.1"
| #define ORTP_MAJOR_VERSION 0
| #define ORTP_MINOR_VERSION 13
| #define ORTP_MICRO_VERSION 1
| #define ORTP_VERSION "0.13.1"
| /* end confdefs.h.  */
| #include <ac_nonexistent.h>
configure:4871: result: gcc -E
configure:4900: gcc -E  conftest.c
configure:4906: $? = 0
configure:4937: gcc -E  conftest.c
conftest.c:14:28: error: ac_nonexistent.h: No such file or directory
configure:4943: $? = 1
configure: failed program was:
| /* confdefs.h.  */
| #define PACKAGE_NAME "ortp"
| #define PACKAGE_TARNAME "ortp"
| #define PACKAGE_VERSION "0.13.1"
| #define PACKAGE_STRING "ortp 0.13.1"
| #define PACKAGE_BUGREPORT ""
| #define PACKAGE "ortp"
| #define VERSION "0.13.1"
| #define ORTP_MAJOR_VERSION 0
| #define ORTP_MINOR_VERSION 13
| #define ORTP_MICRO_VERSION 1
| #define ORTP_VERSION "0.13.1"
| /* end confdefs.h.  */
| #include <ac_nonexistent.h>
configure:4981: checking for ANSI C header files
configure:5011: gcc -c -g -O2  conftest.c >&5
configure:5017: $? = 0
configure:5113: gcc -o conftest -g -O2   conftest.c  >&5
configure:5116: $? = 0
configure:5122: ./conftest
configure:5125: $? = 0
configure:5142: result: yes
configure:5166: checking for sys/types.h
configure:5187: gcc -c -g -O2  conftest.c >&5
configure:5193: $? = 0
configure:5209: result: yes
configure:5166: checking for sys/stat.h
configure:5187: gcc -c -g -O2  conftest.c >&5
configure:5193: $? = 0
configure:5209: result: yes
configure:5166: checking for stdlib.h
configure:5187: gcc -c -g -O2  conftest.c >&5
configure:5193: $? = 0
configure:5209: result: yes
configure:5166: checking for string.h
configure:5187: gcc -c -g -O2  conftest.c >&5
configure:5193: $? = 0
configure:5209: result: yes
configure:5166: checking for memory.h
configure:5187: gcc -c -g -O2  conftest.c >&5
configure:5193: $? = 0
configure:5209: result: yes
configure:5166: checking for strings.h
configure:5187: gcc -c -g -O2  conftest.c >&5
configure:5193: $? = 0
configure:5209: result: yes
configure:5166: checking for inttypes.h
configure:5187: gcc -c -g -O2  conftest.c >&5
configure:5193: $? = 0
configure:5209: result: yes
configure:5166: checking for stdint.h
configure:5187: gcc -c -g -O2  conftest.c >&5
configure:5193: $? = 0
configure:5209: result: yes
configure:5166: checking for unistd.h
configure:5187: gcc -c -g -O2  conftest.c >&5
configure:5193: $? = 0
configure:5209: result: yes
configure:5236: checking dlfcn.h usability
configure:5253: gcc -c -g -O2  conftest.c >&5
configure:5259: $? = 0
configure:5273: result: yes
configure:5277: checking dlfcn.h presence
configure:5292: gcc -E  conftest.c
configure:5298: $? = 0
configure:5312: result: yes
configure:5340: checking for dlfcn.h
configure:5348: result: yes
configure:5419: checking for g++
configure:5435: found /usr/bin/g++
configure:5446: result: g++
configure:5477: checking for C++ compiler version
configure:5484: g++ --version >&5
i686-apple-darwin8-g++-4.0.1 (GCC) 4.0.1 (Apple Computer, Inc. build 5370)
Copyright (C) 2005 Free Software Foundation, Inc.
This is free software; see the source for copying conditions.  There is NO
warranty; not even for MERCHANTABILITY or FITNESS FOR A PARTICULAR PURPOSE.

configure:5487: $? = 0
configure:5494: g++ -v >&5
Using built-in specs.
Target: i686-apple-darwin8
Configured with: /var/tmp/gcc/gcc-5370~2/src/configure --disable-checking -enable-werror --prefix=/usr --mandir=/share/man --enable-languages=c,objc,c++,obj-c++ --program-transform-name=/^[cg][^.-]*$/s/$/-4.0/ --with-gxx-include-dir=/include/c++/4.0.0 --with-slibdir=/usr/lib --build=powerpc-apple-darwin8 --with-arch=nocona --with-tune=generic --program-prefix= --host=i686-apple-darwin8 --target=i686-apple-darwin8
Thread model: posix
gcc version 4.0.1 (Apple Computer, Inc. build 5370)
configure:5497: $? = 0
configure:5504: g++ -V >&5
g++: argument to `-V' is missing
configure:5507: $? = 1
configure:5510: checking whether we are using the GNU C++ compiler
configure:5539: g++ -c   conftest.cpp >&5
configure:5545: $? = 0
configure:5562: result: yes
configure:5567: checking whether g++ accepts -g
configure:5597: g++ -c -g  conftest.cpp >&5
configure:5603: $? = 0
configure:5702: result: yes
configure:5727: checking dependency style of g++
configure:5817: result: gcc3
configure:5844: checking how to run the C++ preprocessor
configure:5880: g++ -E  conftest.cpp
configure:5886: $? = 0
configure:5917: g++ -E  conftest.cpp
conftest.cpp:25:28: error: ac_nonexistent.h: No such file or directory
configure:5923: $? = 1
configure: failed program was:
| /* confdefs.h.  */
| #define PACKAGE_NAME "ortp"
| #define PACKAGE_TARNAME "ortp"
| #define PACKAGE_VERSION "0.13.1"
| #define PACKAGE_STRING "ortp 0.13.1"
| #define PACKAGE_BUGREPORT ""
| #define PACKAGE "ortp"
| #define VERSION "0.13.1"
| #define ORTP_MAJOR_VERSION 0
| #define ORTP_MINOR_VERSION 13
| #define ORTP_MICRO_VERSION 1
| #define ORTP_VERSION "0.13.1"
| #define STDC_HEADERS 1
| #define HAVE_SYS_TYPES_H 1
| #define HAVE_SYS_STAT_H 1
| #define HAVE_STDLIB_H 1
| #define HAVE_STRING_H 1
| #define HAVE_MEMORY_H 1
| #define HAVE_STRINGS_H 1
| #define HAVE_INTTYPES_H 1
| #define HAVE_STDINT_H 1
| #define HAVE_UNISTD_H 1
| #define HAVE_DLFCN_H 1
| /* end confdefs.h.  */
| #include <ac_nonexistent.h>
configure:5956: result: g++ -E
configure:5985: g++ -E  conftest.cpp
configure:5991: $? = 0
configure:6022: g++ -E  conftest.cpp
conftest.cpp:25:28: error: ac_nonexistent.h: No such file or directory
configure:6028: $? = 1
configure: failed program was:
| /* confdefs.h.  */
| #define PACKAGE_NAME "ortp"
| #define PACKAGE_TARNAME "ortp"
| #define PACKAGE_VERSION "0.13.1"
| #define PACKAGE_STRING "ortp 0.13.1"
| #define PACKAGE_BUGREPORT ""
| #define PACKAGE "ortp"
| #define VERSION "0.13.1"
| #define ORTP_MAJOR_VERSION 0
| #define ORTP_MINOR_VERSION 13
| #define ORTP_MICRO_VERSION 1
| #define ORTP_VERSION "0.13.1"
| #define STDC_HEADERS 1
| #define HAVE_SYS_TYPES_H 1
| #define HAVE_SYS_STAT_H 1
| #define HAVE_STDLIB_H 1
| #define HAVE_STRING_H 1
| #define HAVE_MEMORY_H 1
| #define HAVE_STRINGS_H 1
| #define HAVE_INTTYPES_H 1
| #define HAVE_STDINT_H 1
| #define HAVE_UNISTD_H 1
| #define HAVE_DLFCN_H 1
| /* end confdefs.h.  */
| #include <ac_nonexistent.h>
configure:6121: checking for g77
configure:6151: result: no
configure:6121: checking for xlf
configure:6151: result: no
configure:6121: checking for f77
configure:6151: result: no
configure:6121: checking for frt
configure:6151: result: no
configure:6121: checking for pgf77
configure:6151: result: no
configure:6121: checking for cf77
configure:6151: result: no
configure:6121: checking for fort77
configure:6151: result: no
configure:6121: checking for fl32
configure:6151: result: no
configure:6121: checking for af77
configure:6151: result: no
configure:6121: checking for xlf90
configure:6151: result: no
configure:6121: checking for f90
configure:6151: result: no
configure:6121: checking for pgf90
configure:6151: result: no
configure:6121: checking for pghpf
configure:6151: result: no
configure:6121: checking for epcf90
configure:6151: result: no
configure:6121: checking for gfortran
configure:6151: result: no
configure:6121: checking for g95
configure:6151: result: no
configure:6121: checking for xlf95
configure:6151: result: no
configure:6121: checking for f95
configure:6151: result: no
configure:6121: checking for fort
configure:6151: result: no
configure:6121: checking for ifort
configure:6151: result: no
configure:6121: checking for ifc
configure:6151: result: no
configure:6121: checking for efc
configure:6151: result: no
configure:6121: checking for pgf95
configure:6151: result: no
configure:6121: checking for lf95
configure:6151: result: no
configure:6121: checking for ftn
configure:6151: result: no
configure:6178: checking for Fortran 77 compiler version
configure:6185:  --version >&5
./configure: line 1: --version: command not found
configure:6188: $? = 127
configure:6195:  -v >&5
./configure: line 1: -v: command not found
configure:6198: $? = 127
configure:6205:  -V >&5
./configure: line 1: -V: command not found
configure:6208: $? = 127
configure:6216: checking whether we are using the GNU Fortran 77 compiler
configure:6235:  -c  conftest.F >&5
./configure: line 1: -c: command not found
configure:6241: $? = 127
configure: failed program was:
|       program main
| #ifndef __GNUC__
|        choke me
| #endif
| 
|       end
configure:6258: result: no
configure:6264: checking whether  accepts -g
configure:6281:  -c -g conftest.f >&5
./configure: line 1: -c: command not found
configure:6287: $? = 127
configure: failed program was:
|       program main
| 
|       end
configure:6303: result: no
configure:6333: checking the maximum length of command line arguments
configure:6442: result: 196608
configure:6453: checking command to parse /usr/bin/nm -p output from gcc object
configure:6558: gcc -c -g -O2  conftest.c >&5
configure:6561: $? = 0
configure:6565: /usr/bin/nm -p conftest.o \| sed -n -e 's/^.*[ 	]\([BCDEGRST][BCDEGRST]*\)[ 	][ 	]*\([_A-Za-z][_A-Za-z0-9]*\)$/\1 \2 \2/p' \> conftest.nm
configure:6568: $? = 0
cannot find nm_test_var in conftest.nm
configure:6558: gcc -c -g -O2  conftest.c >&5
configure:6561: $? = 0
configure:6565: /usr/bin/nm -p conftest.o \| sed -n -e 's/^.*[ 	]\([BCDEGRST][BCDEGRST]*\)[ 	][ 	]*_\([_A-Za-z][_A-Za-z0-9]*\)$/\1 _\2 \2/p' \> conftest.nm
configure:6568: $? = 0
configure:6620: gcc -o conftest -g -O2   conftest.c conftstm.o >&5
configure:6623: $? = 0
configure:6661: result: ok
configure:6665: checking for objdir
configure:6680: result: .libs
configure:6772: checking for ar
configure:6788: found /usr/bin/ar
configure:6799: result: ar
configure:6868: checking for ranlib
configure:6884: found /usr/bin/ranlib
configure:6895: result: ranlib
configure:6964: checking for strip
configure:6980: found /usr/bin/strip
configure:6991: result: strip
configure:7277: checking if gcc supports -fno-rtti -fno-exceptions
configure:7298: gcc -c -g -O2  -fno-rtti -fno-exceptions conftest.c >&5
cc1: warning: command line option "-fno-rtti" is valid for C++/ObjC++ but not for C
configure:7302: $? = 0
configure:7312: result: no
configure:7327: checking for gcc option to produce PIC
configure:7537: result: -fno-common
configure:7545: checking if gcc PIC flag -fno-common works
configure:7566: gcc -c -g -O2  -fno-common -DPIC conftest.c >&5
configure:7570: $? = 0
configure:7580: result: yes
configure:7608: checking if gcc static flag -static works
configure:7636: result: no
configure:7646: checking if gcc supports -c -o file.o
configure:7670: gcc -c -g -O2  -o out/conftest2.o conftest.c >&5
configure:7674: $? = 0
configure:7693: result: yes
configure:7719: checking whether the gcc linker (/usr/libexec/gcc/i686-apple-darwin8/4.0.1/ld) supports shared libraries
configure:8674: result: yes
configure:8741: checking dynamic linker characteristics
configure:9317: result: darwin8.10.1 dyld
configure:9326: checking how to hardcode library paths into programs
configure:9351: result: immediate
configure:9365: checking whether stripping libraries is possible
configure:9378: result: yes
configure:10171: checking if libtool supports shared libraries
configure:10173: result: yes
configure:10176: checking whether to build shared libraries
configure:10197: result: yes
configure:10200: checking whether to build static libraries
configure:10204: result: yes
configure:10296: creating libtool
configure:10884: checking for ld used by g++
configure:10951: result: /usr/libexec/gcc/i686-apple-darwin8/4.0.1/ld
configure:10960: checking if the linker (/usr/libexec/gcc/i686-apple-darwin8/4.0.1/ld) is GNU ld
configure:10975: result: no
configure:11026: checking whether the g++ linker (/usr/libexec/gcc/i686-apple-darwin8/4.0.1/ld) supports shared libraries
configure:11960: result: yes
configure:11978: g++ -c -g -O2  conftest.cpp >&5
configure:11981: $? = 0
configure:12100: checking for g++ option to produce PIC
configure:12374: result: -fno-common
configure:12382: checking if g++ PIC flag -fno-common works
configure:12403: g++ -c -g -O2  -fno-common -DPIC conftest.cpp >&5
configure:12407: $? = 0
configure:12417: result: yes
configure:12445: checking if g++ static flag -static works
configure:12473: result: no
configure:12483: checking if g++ supports -c -o file.o
configure:12507: g++ -c -g -O2  -o out/conftest2.o conftest.cpp >&5
configure:12511: $? = 0
configure:12530: result: yes
configure:12556: checking whether the g++ linker (/usr/libexec/gcc/i686-apple-darwin8/4.0.1/ld) supports shared libraries
configure:12584: result: yes
configure:12651: checking dynamic linker characteristics
configure:13227: result: darwin8.10.1 dyld
configure:13236: checking how to hardcode library paths into programs
configure:13261: result: immediate
configure:19445: checking for seteuid
configure:19501: gcc -o conftest -g -O2 -Wall   conftest.c  >&5
configure:19507: $? = 0
configure:19525: result: yes
configure:19537: checking for pthread_mutex_init in -lpthread
configure:19572: gcc -o conftest -g -O2 -Wall   conftest.c -lpthread   >&5
configure:19578: $? = 0
configure:19596: result: yes
configure:19647: checking for ANSI C header files
configure:19808: result: yes
configure:19840: checking poll.h usability
configure:19857: gcc -c -g -O2 -Wall  conftest.c >&5
configure:19863: $? = 0
configure:19877: result: yes
configure:19881: checking poll.h presence
configure:19896: gcc -E  conftest.c
configure:19902: $? = 0
configure:19916: result: yes
configure:19944: checking for poll.h
configure:19952: result: yes
configure:19840: checking sys/poll.h usability
configure:19857: gcc -c -g -O2 -Wall  conftest.c >&5
configure:19863: $? = 0
configure:19877: result: yes
configure:19881: checking sys/poll.h presence
configure:19896: gcc -E  conftest.c
configure:19902: $? = 0
configure:19916: result: yes
configure:19944: checking for sys/poll.h
configure:19952: result: yes
configure:19840: checking sys/uio.h usability
configure:19857: gcc -c -g -O2 -Wall  conftest.c >&5
configure:19863: $? = 0
configure:19877: result: yes
configure:19881: checking sys/uio.h presence
configure:19896: gcc -E  conftest.c
configure:19902: $? = 0
configure:19916: result: yes
configure:19944: checking for sys/uio.h
configure:19952: result: yes
configure:19840: checking fcntl.h usability
configure:19857: gcc -c -g -O2 -Wall  conftest.c >&5
configure:19863: $? = 0
configure:19877: result: yes
configure:19881: checking fcntl.h presence
configure:19896: gcc -E  conftest.c
configure:19902: $? = 0
configure:19916: result: yes
configure:19944: checking for fcntl.h
configure:19952: result: yes
configure:19840: checking sys/time.h usability
configure:19857: gcc -c -g -O2 -Wall  conftest.c >&5
configure:19863: $? = 0
configure:19877: result: yes
configure:19881: checking sys/time.h presence
configure:19896: gcc -E  conftest.c
configure:19902: $? = 0
configure:19916: result: yes
configure:19944: checking for sys/time.h
configure:19952: result: yes
configure:19830: checking for unistd.h
configure:19836: result: yes
configure:19840: checking sys/audio.h usability
configure:19857: gcc -c -g -O2 -Wall  conftest.c >&5
conftest.c:66:23: error: sys/audio.h: No such file or directory
configure:19863: $? = 1
configure: failed program was:
| /* confdefs.h.  */
| #define PACKAGE_NAME "ortp"
| #define PACKAGE_TARNAME "ortp"
| #define PACKAGE_VERSION "0.13.1"
| #define PACKAGE_STRING "ortp 0.13.1"
| #define PACKAGE_BUGREPORT ""
| #define PACKAGE "ortp"
| #define VERSION "0.13.1"
| #define ORTP_MAJOR_VERSION 0
| #define ORTP_MINOR_VERSION 13
| #define ORTP_MICRO_VERSION 1
| #define ORTP_VERSION "0.13.1"
| #define STDC_HEADERS 1
| #define HAVE_SYS_TYPES_H 1
| #define HAVE_SYS_STAT_H 1
| #define HAVE_STDLIB_H 1
| #define HAVE_STRING_H 1
| #define HAVE_MEMORY_H 1
| #define HAVE_STRINGS_H 1
| #define HAVE_INTTYPES_H 1
| #define HAVE_STDINT_H 1
| #define HAVE_UNISTD_H 1
| #define HAVE_DLFCN_H 1
| #define HAVE_SETEUID 1
| #define STDC_HEADERS 1
| #define HAVE_POLL_H 1
| #define HAVE_SYS_POLL_H 1
| #define HAVE_SYS_UIO_H 1
| #define HAVE_FCNTL_H 1
| #define HAVE_SYS_TIME_H 1
| #define HAVE_UNISTD_H 1
| /* end confdefs.h.  */
| #include <stdio.h>
| #ifdef HAVE_SYS_TYPES_H
| # include <sys/types.h>
| #endif
| #ifdef HAVE_SYS_STAT_H
| # include <sys/stat.h>
| #endif
| #ifdef STDC_HEADERS
| # include <stdlib.h>
| # include <stddef.h>
| #else
| # ifdef HAVE_STDLIB_H
| #  include <stdlib.h>
| # endif
| #endif
| #ifdef HAVE_STRING_H
| # if !defined STDC_HEADERS && defined HAVE_MEMORY_H
| #  include <memory.h>
| # endif
| # include <string.h>
| #endif
| #ifdef HAVE_STRINGS_H
| # include <strings.h>
| #endif
| #ifdef HAVE_INTTYPES_H
| # include <inttypes.h>
| #endif
| #ifdef HAVE_STDINT_H
| # include <stdint.h>
| #endif
| #ifdef HAVE_UNISTD_H
| # include <unistd.h>
| #endif
| #include <sys/audio.h>
configure:19877: result: no
configure:19881: checking sys/audio.h presence
configure:19896: gcc -E  conftest.c
conftest.c:33:23: error: sys/audio.h: No such file or directory
configure:19902: $? = 1
configure: failed program was:
| /* confdefs.h.  */
| #define PACKAGE_NAME "ortp"
| #define PACKAGE_TARNAME "ortp"
| #define PACKAGE_VERSION "0.13.1"
| #define PACKAGE_STRING "ortp 0.13.1"
| #define PACKAGE_BUGREPORT ""
| #define PACKAGE "ortp"
| #define VERSION "0.13.1"
| #define ORTP_MAJOR_VERSION 0
| #define ORTP_MINOR_VERSION 13
| #define ORTP_MICRO_VERSION 1
| #define ORTP_VERSION "0.13.1"
| #define STDC_HEADERS 1
| #define HAVE_SYS_TYPES_H 1
| #define HAVE_SYS_STAT_H 1
| #define HAVE_STDLIB_H 1
| #define HAVE_STRING_H 1
| #define HAVE_MEMORY_H 1
| #define HAVE_STRINGS_H 1
| #define HAVE_INTTYPES_H 1
| #define HAVE_STDINT_H 1
| #define HAVE_UNISTD_H 1
| #define HAVE_DLFCN_H 1
| #define HAVE_SETEUID 1
| #define STDC_HEADERS 1
| #define HAVE_POLL_H 1
| #define HAVE_SYS_POLL_H 1
| #define HAVE_SYS_UIO_H 1
| #define HAVE_FCNTL_H 1
| #define HAVE_SYS_TIME_H 1
| #define HAVE_UNISTD_H 1
| /* end confdefs.h.  */
| #include <sys/audio.h>
configure:19916: result: no
configure:19944: checking for sys/audio.h
configure:19952: result: no
configure:19840: checking linux/soundcard.h usability
configure:19857: gcc -c -g -O2 -Wall  conftest.c >&5
conftest.c:66:29: error: linux/soundcard.h: No such file or directory
configure:19863: $? = 1
configure: failed program was:
| /* confdefs.h.  */
| #define PACKAGE_NAME "ortp"
| #define PACKAGE_TARNAME "ortp"
| #define PACKAGE_VERSION "0.13.1"
| #define PACKAGE_STRING "ortp 0.13.1"
| #define PACKAGE_BUGREPORT ""
| #define PACKAGE "ortp"
| #define VERSION "0.13.1"
| #define ORTP_MAJOR_VERSION 0
| #define ORTP_MINOR_VERSION 13
| #define ORTP_MICRO_VERSION 1
| #define ORTP_VERSION "0.13.1"
| #define STDC_HEADERS 1
| #define HAVE_SYS_TYPES_H 1
| #define HAVE_SYS_STAT_H 1
| #define HAVE_STDLIB_H 1
| #define HAVE_STRING_H 1
| #define HAVE_MEMORY_H 1
| #define HAVE_STRINGS_H 1
| #define HAVE_INTTYPES_H 1
| #define HAVE_STDINT_H 1
| #define HAVE_UNISTD_H 1
| #define HAVE_DLFCN_H 1
| #define HAVE_SETEUID 1
| #define STDC_HEADERS 1
| #define HAVE_POLL_H 1
| #define HAVE_SYS_POLL_H 1
| #define HAVE_SYS_UIO_H 1
| #define HAVE_FCNTL_H 1
| #define HAVE_SYS_TIME_H 1
| #define HAVE_UNISTD_H 1
| /* end confdefs.h.  */
| #include <stdio.h>
| #ifdef HAVE_SYS_TYPES_H
| # include <sys/types.h>
| #endif
| #ifdef HAVE_SYS_STAT_H
| # include <sys/stat.h>
| #endif
| #ifdef STDC_HEADERS
| # include <stdlib.h>
| # include <stddef.h>
| #else
| # ifdef HAVE_STDLIB_H
| #  include <stdlib.h>
| # endif
| #endif
| #ifdef HAVE_STRING_H
| # if !defined STDC_HEADERS && defined HAVE_MEMORY_H
| #  include <memory.h>
| # endif
| # include <string.h>
| #endif
| #ifdef HAVE_STRINGS_H
| # include <strings.h>
| #endif
| #ifdef HAVE_INTTYPES_H
| # include <inttypes.h>
| #endif
| #ifdef HAVE_STDINT_H
| # include <stdint.h>
| #endif
| #ifdef HAVE_UNISTD_H
| # include <unistd.h>
| #endif
| #include <linux/soundcard.h>
configure:19877: result: no
configure:19881: checking linux/soundcard.h presence
configure:19896: gcc -E  conftest.c
conftest.c:33:29: error: linux/soundcard.h: No such file or directory
configure:19902: $? = 1
configure: failed program was:
| /* confdefs.h.  */
| #define PACKAGE_NAME "ortp"
| #define PACKAGE_TARNAME "ortp"
| #define PACKAGE_VERSION "0.13.1"
| #define PACKAGE_STRING "ortp 0.13.1"
| #define PACKAGE_BUGREPORT ""
| #define PACKAGE "ortp"
| #define VERSION "0.13.1"
| #define ORTP_MAJOR_VERSION 0
| #define ORTP_MINOR_VERSION 13
| #define ORTP_MICRO_VERSION 1
| #define ORTP_VERSION "0.13.1"
| #define STDC_HEADERS 1
| #define HAVE_SYS_TYPES_H 1
| #define HAVE_SYS_STAT_H 1
| #define HAVE_STDLIB_H 1
| #define HAVE_STRING_H 1
| #define HAVE_MEMORY_H 1
| #define HAVE_STRINGS_H 1
| #define HAVE_INTTYPES_H 1
| #define HAVE_STDINT_H 1
| #define HAVE_UNISTD_H 1
| #define HAVE_DLFCN_H 1
| #define HAVE_SETEUID 1
| #define STDC_HEADERS 1
| #define HAVE_POLL_H 1
| #define HAVE_SYS_POLL_H 1
| #define HAVE_SYS_UIO_H 1
| #define HAVE_FCNTL_H 1
| #define HAVE_SYS_TIME_H 1
| #define HAVE_UNISTD_H 1
| /* end confdefs.h.  */
| #include <linux/soundcard.h>
configure:19916: result: no
configure:19944: checking for linux/soundcard.h
configure:19952: result: no
configure:19966: checking for an ANSI C-conforming const
configure:20041: gcc -c -g -O2 -Wall  conftest.c >&5
conftest.c: In function 'main':
conftest.c:62: warning: 't' is used uninitialized in this function
conftest.c:78: warning: 'b' is used uninitialized in this function
conftest.c:84: warning: 'cs[0]' is used uninitialized in this function
configure:20047: $? = 0
configure:20062: result: yes
configure:20072: checking for inline
configure:20098: gcc -c -g -O2 -Wall  conftest.c >&5
configure:20104: $? = 0
configure:20122: result: inline
configure:20141: checking whether time.h and sys/time.h may both be included
configure:20171: gcc -c -g -O2 -Wall  conftest.c >&5
configure:20177: $? = 0
configure:20192: result: yes
configure:20202: checking whether byte ordering is bigendian
configure:20234: gcc -c -g -O2 -Wall  conftest.c >&5
configure:20240: $? = 0
configure:20272: gcc -c -g -O2 -Wall  conftest.c >&5
conftest.c: In function 'main':
conftest.c:41: error: 'not' undeclared (first use in this function)
conftest.c:41: error: (Each undeclared identifier is reported only once
conftest.c:41: error: for each function it appears in.)
conftest.c:41: error: parse error before 'big'
configure:20278: $? = 1
configure: failed program was:
| /* confdefs.h.  */
| #define PACKAGE_NAME "ortp"
| #define PACKAGE_TARNAME "ortp"
| #define PACKAGE_VERSION "0.13.1"
| #define PACKAGE_STRING "ortp 0.13.1"
| #define PACKAGE_BUGREPORT ""
| #define PACKAGE "ortp"
| #define VERSION "0.13.1"
| #define ORTP_MAJOR_VERSION 0
| #define ORTP_MINOR_VERSION 13
| #define ORTP_MICRO_VERSION 1
| #define ORTP_VERSION "0.13.1"
| #define STDC_HEADERS 1
| #define HAVE_SYS_TYPES_H 1
| #define HAVE_SYS_STAT_H 1
| #define HAVE_STDLIB_H 1
| #define HAVE_STRING_H 1
| #define HAVE_MEMORY_H 1
| #define HAVE_STRINGS_H 1
| #define HAVE_INTTYPES_H 1
| #define HAVE_STDINT_H 1
| #define HAVE_UNISTD_H 1
| #define HAVE_DLFCN_H 1
| #define HAVE_SETEUID 1
| #define STDC_HEADERS 1
| #define HAVE_POLL_H 1
| #define HAVE_SYS_POLL_H 1
| #define HAVE_SYS_UIO_H 1
| #define HAVE_FCNTL_H 1
| #define HAVE_SYS_TIME_H 1
| #define HAVE_UNISTD_H 1
| #define TIME_WITH_SYS_TIME 1
| /* end confdefs.h.  */
| #include <sys/types.h>
| #include <sys/param.h>
| 
| int
| main ()
| {
| #if BYTE_ORDER != BIG_ENDIAN
|  not big endian
| #endif
| 
|   ;
|   return 0;
| }
configure:20418: result: no
configure:20447: checking for select
configure:20503: gcc -o conftest -g -O2 -Wall   conftest.c  >&5
configure:20509: $? = 0
configure:20527: result: yes
configure:20447: checking for socket
configure:20503: gcc -o conftest -g -O2 -Wall   conftest.c  >&5
configure:20509: $? = 0
configure:20527: result: yes
configure:20447: checking for strerror
configure:20503: gcc -o conftest -g -O2 -Wall   conftest.c  >&5
configure:20509: $? = 0
configure:20527: result: yes
configure:20561: checking for doxygen
configure:20592: result: false
configure:20615: checking for epm
configure:20646: result: false
configure:20656: checking for mkepmlist
configure:20687: result: false
configure:20697: checking for epminstall
configure:20728: result: false
configure:20939: creating ./config.status

## ---------------------- ##
## Running config.status. ##
## ---------------------- ##

This file was extended by ortp config.status 0.13.1, which was
generated by GNU Autoconf 2.61.  Invocation command line was

  CONFIG_FILES    = 
  CONFIG_HEADERS  = 
  CONFIG_LINKS    = 
  CONFIG_COMMANDS = 
  $ ./config.status 

on ordinateur-de-daniel-braun-1.local

config.status:701: creating Makefile
config.status:701: creating include/Makefile
config.status:701: creating include/ortp/Makefile
config.status:701: creating src/Makefile
config.status:701: creating src/tests/Makefile
config.status:701: creating src/tests/win_receiver/Makefile
config.status:701: creating src/tests/win_sender/Makefile
config.status:701: creating build/Makefile
config.status:701: creating build/win32native/Makefile
config.status:701: creating build/wince/Makefile
config.status:701: creating ortp.pc
config.status:701: creating ortp.spec
config.status:701: creating ortp.doxygen
config.status:701: creating ortp-config.h
config.status:985: executing depfiles commands

## ---------------- ##
## Cache variables. ##
## ---------------- ##

ac_cv_build=i386-apple-darwin8.10.1
ac_cv_c_bigendian=no
ac_cv_c_compiler_gnu=yes
ac_cv_c_const=yes
ac_cv_c_inline=inline
ac_cv_cxx_compiler_gnu=yes
ac_cv_env_CCC_set=
ac_cv_env_CCC_value=
ac_cv_env_CC_set=
ac_cv_env_CC_value=
ac_cv_env_CFLAGS_set=
ac_cv_env_CFLAGS_value=
ac_cv_env_CPPFLAGS_set=
ac_cv_env_CPPFLAGS_value=
ac_cv_env_CPP_set=
ac_cv_env_CPP_value=
ac_cv_env_CXXCPP_set=
ac_cv_env_CXXCPP_value=
ac_cv_env_CXXFLAGS_set=
ac_cv_env_CXXFLAGS_value=
ac_cv_env_CXX_set=
ac_cv_env_CXX_value=
ac_cv_env_F77_set=
ac_cv_env_F77_value=
ac_cv_env_FFLAGS_set=
ac_cv_env_FFLAGS_value=
ac_cv_env_LDFLAGS_set=
ac_cv_env_LDFLAGS_value=
ac_cv_env_LIBS_set=
ac_cv_env_LIBS_value=
ac_cv_env_build_alias_set=
ac_cv_env_build_alias_value=
ac_cv_env_host_alias_set=
ac_cv_env_host_alias_value=
ac_cv_env_target_alias_set=
ac_cv_env_target_alias_value=
ac_cv_f77_compiler_gnu=no
ac_cv_func_select=yes
ac_cv_func_seteuid=yes
ac_cv_func_socket=yes
ac_cv_func_strerror=yes
ac_cv_header_dlfcn_h=yes
ac_cv_header_fcntl_h=yes
ac_cv_header_inttypes_h=yes
ac_cv_header_linux_soundcard_h=no
ac_cv_header_memory_h=yes
ac_cv_header_poll_h=yes
ac_cv_header_stdc=yes
ac_cv_header_stdint_h=yes
ac_cv_header_stdlib_h=yes
ac_cv_header_string_h=yes
ac_cv_header_strings_h=yes
ac_cv_header_sys_audio_h=no
ac_cv_header_sys_poll_h=yes
ac_cv_header_sys_stat_h=yes
ac_cv_header_sys_time_h=yes
ac_cv_header_sys_types_h=yes
ac_cv_header_sys_uio_h=yes
ac_cv_header_time=yes
ac_cv_header_unistd_h=yes
ac_cv_host=i386-apple-darwin8.10.1
ac_cv_lib_pthread_pthread_mutex_init=yes
ac_cv_objext=o
ac_cv_path_DOXYGEN=false
ac_cv_path_EGREP='/usr/bin/grep -E'
ac_cv_path_EPM=false
ac_cv_path_EPMINSTALL=false
ac_cv_path_GREP=/usr/bin/grep
ac_cv_path_MKEPMLIST=false
ac_cv_path_install='/usr/bin/install -c'
ac_cv_prog_AWK=awk
ac_cv_prog_CPP='gcc -E'
ac_cv_prog_CXXCPP='g++ -E'
ac_cv_prog_ac_ct_AR=ar
ac_cv_prog_ac_ct_CC=gcc
ac_cv_prog_ac_ct_CXX=g++
ac_cv_prog_ac_ct_RANLIB=ranlib
ac_cv_prog_ac_ct_STRIP=strip
ac_cv_prog_cc_c89=
ac_cv_prog_cc_g=yes
ac_cv_prog_cxx_g=yes
ac_cv_prog_f77_g=no
ac_cv_prog_make_make_set=yes
ac_cv_target=i386-apple-darwin8.10.1
am_cv_CC_dependencies_compiler_type=gcc3
am_cv_CXX_dependencies_compiler_type=gcc3
am_cv_prog_tar_ustar=gnutar
lt_cv_deplibs_check_method=pass_all
lt_cv_file_magic_cmd='$MAGIC_CMD'
lt_cv_file_magic_test_file=
lt_cv_ld_reload_flag=-r
lt_cv_objdir=.libs
lt_cv_path_LD=/usr/libexec/gcc/i686-apple-darwin8/4.0.1/ld
lt_cv_path_LDCXX=/usr/libexec/gcc/i686-apple-darwin8/4.0.1/ld
lt_cv_path_NM='/usr/bin/nm -p'
lt_cv_path_SED=/usr/bin/sed
lt_cv_prog_compiler_c_o=yes
lt_cv_prog_compiler_c_o_CXX=yes
lt_cv_prog_compiler_rtti_exceptions=no
lt_cv_prog_gnu_ld=no
lt_cv_prog_gnu_ldcxx=no
lt_cv_sys_global_symbol_pipe='sed -n -e '\''s/^.*[ 	]\([BCDEGRST][BCDEGRST]*\)[ 	][ 	]*_\([_A-Za-z][_A-Za-z0-9]*\)$/\1 _\2 \2/p'\'''
lt_cv_sys_global_symbol_to_c_name_address='sed -n -e '\''s/^: \([^ ]*\) $/  {\"\1\", (lt_ptr) 0},/p'\'' -e '\''s/^[BCDEGRST] \([^ ]*\) \([^ ]*\)$/  {"\2", (lt_ptr) \&\2},/p'\'''
lt_cv_sys_global_symbol_to_cdecl='sed -n -e '\''s/^. .* \(.*\)$/extern int \1;/p'\'''
lt_cv_sys_max_cmd_len=196608
lt_lt_cv_prog_compiler_c_o='"yes"'
lt_lt_cv_prog_compiler_c_o_CXX='"yes"'
lt_lt_cv_sys_global_symbol_pipe='"sed -n -e '\''s/^.*[ 	]\\([BCDEGRST][BCDEGRST]*\\)[ 	][ 	]*_\\([_A-Za-z][_A-Za-z0-9]*\\)\$/\\1 _\\2 \\2/p'\''"'
lt_lt_cv_sys_global_symbol_to_c_name_address='"sed -n -e '\''s/^: \\([^ ]*\\) \$/  {\\\"\\1\\\", (lt_ptr) 0},/p'\'' -e '\''s/^[BCDEGRST] \\([^ ]*\\) \\([^ ]*\\)\$/  {\"\\2\", (lt_ptr) \\&\\2},/p'\''"'
lt_lt_cv_sys_global_symbol_to_cdecl='"sed -n -e '\''s/^. .* \\(.*\\)\$/extern int \\1;/p'\''"'

## ----------------- ##
## Output variables. ##
## ----------------- ##

ACLOCAL='${SHELL} /Users/danielbraun/devel/sipx/ortp-0.13.1/missing --run aclocal-1.9'
AMDEPBACKSLASH='\'
AMDEP_FALSE='#'
AMDEP_TRUE=''
AMTAR='${SHELL} /Users/danielbraun/devel/sipx/ortp-0.13.1/missing --run tar'
AR='ar'
ARCH='i386'
AUTOCONF='${SHELL} /Users/danielbraun/devel/sipx/ortp-0.13.1/missing --run autoconf'
AUTOHEADER='${SHELL} /Users/danielbraun/devel/sipx/ortp-0.13.1/missing --run autoheader'
AUTOMAKE='${SHELL} /Users/danielbraun/devel/sipx/ortp-0.13.1/missing --run automake-1.9'
AWK='awk'
CC='gcc'
CCDEPMODE='depmode=gcc3'
CFLAGS='-g -O2 -Wall -Werror   -DORTP_INET6'
CPP='gcc -E'
CPPFLAGS=''
CXX='g++'
CXXCPP='g++ -E'
CXXDEPMODE='depmode=gcc3'
CXXFLAGS='-g -O2'
CYGPATH_W='echo'
DEFS='-DHAVE_CONFIG_H'
DEPDIR='.deps'
DOXYGEN='false'
ECHO='echo'
ECHO_C=''
ECHO_N='-n'
ECHO_T=''
EGREP='/usr/bin/grep -E'
EPM='false'
EPMINSTALL='false'
EPM_PKG_EXT=''
EXEEXT=''
F77=''
FFLAGS=''
GREP='/usr/bin/grep'
HAVE_DOXYGEN_FALSE=''
HAVE_DOXYGEN_TRUE='#'
INSTALL_DATA='${INSTALL} -m 644'
INSTALL_PROGRAM='${INSTALL}'
INSTALL_SCRIPT='${INSTALL}'
INSTALL_STRIP_PROGRAM='${SHELL} $(install_sh) -c -s'
LDFLAGS=''
LIBOBJS=''
LIBORTP_SO_VERSION='5:0:0'
LIBS=''
LIBTOOL='$(SHELL) $(top_builddir)/libtool'
LICENSE='LGPL'
LN_S='ln -s'
LTLIBOBJS=''
MAKEINFO='${SHELL} /Users/danielbraun/devel/sipx/ortp-0.13.1/missing --run makeinfo'
MKEPMLIST='false'
OBJEXT='o'
ORTPDEPS_CFLAGS=' -D_REENTRANT  -DORTP_INET6'
ORTPDEPS_LDFLAGS=''
ORTPDEPS_LIBS=' -lpthread '
ORTP_PKGCONFIG_VERSION='0.13.1'
ORTP_VERSION='0.13.1'
PACKAGE='ortp'
PACKAGER='anonymous'
PACKAGE_BUGREPORT=''
PACKAGE_NAME='ortp'
PACKAGE_STRING='ortp 0.13.1'
PACKAGE_TARNAME='ortp'
PACKAGE_VERSION='0.13.1'
PATH_SEPARATOR=':'
PTHREAD_CFLAGS='-D_REENTRANT'
PTHREAD_LDFLAGS=''
PTHREAD_LIBS='-lpthread'
RANLIB='ranlib'
RELEASE='1'
SET_MAKE=''
SHELL='/bin/sh'
STRIP='strip'
SUMMARY='An LGPL implementation of RTP - RFC3550'
SYS_GROUP=''
SYS_USER=''
VENDOR='Linphone'
VERSION='0.13.1'
WITH_EPM_FALSE=''
WITH_EPM_TRUE='#'
ac_ct_CC='gcc'
ac_ct_CXX='g++'
ac_ct_F77=''
am__fastdepCC_FALSE='#'
am__fastdepCC_TRUE=''
am__fastdepCXX_FALSE='#'
am__fastdepCXX_TRUE=''
am__include='include'
am__leading_dot='.'
am__quote=''
am__tar='tar --format=ustar -chf - "$$tardir"'
am__untar='tar -xf -'
bindir='${exec_prefix}/bin'
build='i386-apple-darwin8.10.1'
build_alias=''
build_cpu='i386'
build_os='darwin8.10.1'
build_vendor='apple'
datadir='${datarootdir}'
datarootdir='${prefix}/share'
docdir='${datarootdir}/doc/${PACKAGE_TARNAME}'
dvidir='${docdir}'
exec_prefix='${prefix}'
host='i386-apple-darwin8.10.1'
host_alias=''
host_cpu='i386'
host_os='darwin8.10.1'
host_vendor='apple'
htmldir='${docdir}'
includedir='${prefix}/include'
infodir='${datarootdir}/info'
install_sh='/Users/danielbraun/devel/sipx/ortp-0.13.1/install-sh'
libdir='${exec_prefix}/lib'
libexecdir='${exec_prefix}/libexec'
localedir='${datarootdir}/locale'
localstatedir='${prefix}/var'
mandir='${datarootdir}/man'
mkdir_p='$(install_sh) -d'
oldincludedir='/usr/include'
pdfdir='${docdir}'
prefix='/usr/local'
program_transform_name='s,x,x,'
psdir='${docdir}'
sbindir='${exec_prefix}/sbin'
sharedstatedir='${prefix}/com'
sysconfdir='${prefix}/etc'
target='i386-apple-darwin8.10.1'
target_alias=''
target_cpu='i386'
target_os='darwin8.10.1'
target_vendor='apple'

## ----------- ##
## confdefs.h. ##
## ----------- ##

#define PACKAGE_NAME "ortp"
#define PACKAGE_TARNAME "ortp"
#define PACKAGE_VERSION "0.13.1"
#define PACKAGE_STRING "ortp 0.13.1"
#define PACKAGE_BUGREPORT ""
#define PACKAGE "ortp"
#define VERSION "0.13.1"
#define ORTP_MAJOR_VERSION 0
#define ORTP_MINOR_VERSION 13
#define ORTP_MICRO_VERSION 1
#define ORTP_VERSION "0.13.1"
#define STDC_HEADERS 1
#define HAVE_SYS_TYPES_H 1
#define HAVE_SYS_STAT_H 1
#define HAVE_STDLIB_H 1
#define HAVE_STRING_H 1
#define HAVE_MEMORY_H 1
#define HAVE_STRINGS_H 1
#define HAVE_INTTYPES_H 1
#define HAVE_STDINT_H 1
#define HAVE_UNISTD_H 1
#define HAVE_DLFCN_H 1
#define HAVE_SETEUID 1
#define STDC_HEADERS 1
#define HAVE_POLL_H 1
#define HAVE_SYS_POLL_H 1
#define HAVE_SYS_UIO_H 1
#define HAVE_FCNTL_H 1
#define HAVE_SYS_TIME_H 1
#define HAVE_UNISTD_H 1
#define TIME_WITH_SYS_TIME 1
#define HAVE_SELECT 1
#define HAVE_SOCKET 1
#define HAVE_STRERROR 1
#define POSIXTIMER_INTERVAL 10000

configure: exit 0
