This file contains any messages produced by compilers while
running configure, to aid debugging if configure makes a mistake.

It was created by pjproject aconfigure 0.5.10, which was
generated by GNU Autoconf 2.59.  Invocation command line was

  $ ./aconfigure 

## --------- ##
## Platform. ##
## --------- ##

hostname = ordinateur-de-daniel-braun-1.local
uname -m = i386
uname -r = 8.10.1
uname -s = Darwin
uname -v = Darwin Kernel Version 8.10.1: Wed May 23 16:33:00 PDT 2007; root:xnu-792.22.5~1/RELEASE_I386

/usr/bin/uname -p = i386
/bin/uname -X     = unknown

/bin/arch              = unknown
/usr/bin/arch -k       = unknown
/usr/convex/getsysinfo = unknown
hostinfo               = Mach kernel version:
	 Darwin Kernel Version 8.10.1: Wed May 23 16:33:00 PDT 2007; root:xnu-792.22.5~1/RELEASE_I386
Kernel configured for up to 2 processors.
2 processors are physically available.
2 processors are logically available.
Processor type: i486 (Intel 80486)
Processors active: 0 1
Primary memory available: 1.00 gigabytes
Default processor set: 115 tasks, 322 threads, 2 processors
Load average: 0.09, Mach factor: 1.93
/bin/machine           = unknown
/usr/bin/oslevel       = unknown
/bin/universe          = unknown

PATH: /Library/Frameworks/Python.framework/Versions/Current/bin
PATH: /usr/local/bin
PATH: /bin
PATH: /sbin
PATH: /usr/bin
PATH: /usr/sbin
PATH: /sw/bin


## ----------- ##
## Core tests. ##
## ----------- ##

aconfigure:1365: checking build system type
aconfigure:1383: result: i386-apple-darwin8.10.1
aconfigure:1391: checking host system type
aconfigure:1405: result: i386-apple-darwin8.10.1
aconfigure:1413: checking target system type
aconfigure:1427: result: i386-apple-darwin8.10.1
aconfigure:1501: checking for gcc
aconfigure:1517: found /usr/bin/gcc
aconfigure:1527: result: gcc
aconfigure:1771: checking for C compiler version
aconfigure:1774: gcc --version </dev/null >&5
i686-apple-darwin8-gcc-4.0.1 (GCC) 4.0.1 (Apple Computer, Inc. build 5370)
Copyright (C) 2005 Free Software Foundation, Inc.
This is free software; see the source for copying conditions.  There is NO
warranty; not even for MERCHANTABILITY or FITNESS FOR A PARTICULAR PURPOSE.

aconfigure:1777: $? = 0
aconfigure:1779: gcc -v </dev/null >&5
Using built-in specs.
Target: i686-apple-darwin8
Configured with: /var/tmp/gcc/gcc-5370~2/src/configure --disable-checking -enable-werror --prefix=/usr --mandir=/share/man --enable-languages=c,objc,c++,obj-c++ --program-transform-name=/^[cg][^.-]*$/s/$/-4.0/ --with-gxx-include-dir=/include/c++/4.0.0 --with-slibdir=/usr/lib --build=powerpc-apple-darwin8 --with-arch=nocona --with-tune=generic --program-prefix= --host=i686-apple-darwin8 --target=i686-apple-darwin8
Thread model: posix
gcc version 4.0.1 (Apple Computer, Inc. build 5370)
aconfigure:1782: $? = 0
aconfigure:1784: gcc -V </dev/null >&5
gcc: argument to `-V' is missing
aconfigure:1787: $? = 1
aconfigure:1810: checking for C compiler default output file name
aconfigure:1813: gcc -O2   conftest.c  >&5
aconfigure:1816: $? = 0
aconfigure:1862: result: a.out
aconfigure:1867: checking whether the C compiler works
aconfigure:1873: ./a.out
aconfigure:1876: $? = 0
aconfigure:1893: result: yes
aconfigure:1900: checking whether we are cross compiling
aconfigure:1902: result: no
aconfigure:1905: checking for suffix of executables
aconfigure:1907: gcc -o conftest -O2   conftest.c  >&5
aconfigure:1910: $? = 0
aconfigure:1935: result: 
aconfigure:1941: checking for suffix of object files
aconfigure:1962: gcc -c -O2  conftest.c >&5
aconfigure:1965: $? = 0
aconfigure:1987: result: o
aconfigure:1991: checking whether we are using the GNU C compiler
aconfigure:2015: gcc -c -O2  conftest.c >&5
aconfigure:2021: $? = 0
aconfigure:2025: test -z 
			 || test ! -s conftest.err
aconfigure:2028: $? = 0
aconfigure:2031: test -s conftest.o
aconfigure:2034: $? = 0
aconfigure:2047: result: yes
aconfigure:2053: checking whether gcc accepts -g
aconfigure:2074: gcc -c -g  conftest.c >&5
aconfigure:2080: $? = 0
aconfigure:2084: test -z 
			 || test ! -s conftest.err
aconfigure:2087: $? = 0
aconfigure:2090: test -s conftest.o
aconfigure:2093: $? = 0
aconfigure:2104: result: yes
aconfigure:2121: checking for gcc option to accept ANSI C
aconfigure:2191: gcc  -c -O2  conftest.c >&5
aconfigure:2197: $? = 0
aconfigure:2201: test -z 
			 || test ! -s conftest.err
aconfigure:2204: $? = 0
aconfigure:2207: test -s conftest.o
aconfigure:2210: $? = 0
aconfigure:2228: result: none needed
aconfigure:2246: gcc -c -O2  conftest.c >&5
conftest.c:2: error: parse error before 'me'
aconfigure:2252: $? = 1
aconfigure: failed program was:
| #ifndef __cplusplus
|   choke me
| #endif
aconfigure:2437: checking for g++
aconfigure:2453: found /usr/bin/g++
aconfigure:2463: result: g++
aconfigure:2479: checking for C++ compiler version
aconfigure:2482: g++ --version </dev/null >&5
i686-apple-darwin8-g++-4.0.1 (GCC) 4.0.1 (Apple Computer, Inc. build 5370)
Copyright (C) 2005 Free Software Foundation, Inc.
This is free software; see the source for copying conditions.  There is NO
warranty; not even for MERCHANTABILITY or FITNESS FOR A PARTICULAR PURPOSE.

aconfigure:2485: $? = 0
aconfigure:2487: g++ -v </dev/null >&5
Using built-in specs.
Target: i686-apple-darwin8
Configured with: /var/tmp/gcc/gcc-5370~2/src/configure --disable-checking -enable-werror --prefix=/usr --mandir=/share/man --enable-languages=c,objc,c++,obj-c++ --program-transform-name=/^[cg][^.-]*$/s/$/-4.0/ --with-gxx-include-dir=/include/c++/4.0.0 --with-slibdir=/usr/lib --build=powerpc-apple-darwin8 --with-arch=nocona --with-tune=generic --program-prefix= --host=i686-apple-darwin8 --target=i686-apple-darwin8
Thread model: posix
gcc version 4.0.1 (Apple Computer, Inc. build 5370)
aconfigure:2490: $? = 0
aconfigure:2492: g++ -V </dev/null >&5
g++: argument to `-V' is missing
aconfigure:2495: $? = 1
aconfigure:2498: checking whether we are using the GNU C++ compiler
aconfigure:2522: g++ -c -O2   conftest.cc >&5
aconfigure:2528: $? = 0
aconfigure:2532: test -z 
			 || test ! -s conftest.err
aconfigure:2535: $? = 0
aconfigure:2538: test -s conftest.o
aconfigure:2541: $? = 0
aconfigure:2554: result: yes
aconfigure:2560: checking whether g++ accepts -g
aconfigure:2581: g++ -c -g  conftest.cc >&5
aconfigure:2587: $? = 0
aconfigure:2591: test -z 
			 || test ! -s conftest.err
aconfigure:2594: $? = 0
aconfigure:2597: test -s conftest.o
aconfigure:2600: $? = 0
aconfigure:2611: result: yes
aconfigure:2653: g++ -c -O2   conftest.cc >&5
aconfigure:2659: $? = 0
aconfigure:2663: test -z 
			 || test ! -s conftest.err
aconfigure:2666: $? = 0
aconfigure:2669: test -s conftest.o
aconfigure:2672: $? = 0
aconfigure:2698: g++ -c -O2   conftest.cc >&5
conftest.cc: In function 'int main()':
conftest.cc:13: error: 'exit' was not declared in this scope
aconfigure:2704: $? = 1
aconfigure: failed program was:
| /* confdefs.h.  */
| 
| #define PACKAGE_NAME "pjproject"
| #define PACKAGE_TARNAME "pjproject"
| #define PACKAGE_VERSION "0.5.10"
| #define PACKAGE_STRING "pjproject 0.5.10"
| #define PACKAGE_BUGREPORT ""
| /* end confdefs.h.  */
| 
| int
| main ()
| {
| exit (42);
|   ;
|   return 0;
| }
aconfigure:2653: g++ -c -O2   conftest.cc >&5
/usr/include/stdlib.h:158: error: declaration of 'void std::exit(int)' throws different exceptions
conftest.cc:9: error: than previous declaration 'void std::exit(int) throw ()'
aconfigure:2659: $? = 1
aconfigure: failed program was:
| /* confdefs.h.  */
| 
| #define PACKAGE_NAME "pjproject"
| #define PACKAGE_TARNAME "pjproject"
| #define PACKAGE_VERSION "0.5.10"
| #define PACKAGE_STRING "pjproject 0.5.10"
| #define PACKAGE_BUGREPORT ""
| /* end confdefs.h.  */
| extern "C" void std::exit (int) throw (); using std::exit;
| #include <stdlib.h>
| int
| main ()
| {
| exit (42);
|   ;
|   return 0;
| }
aconfigure:2653: g++ -c -O2   conftest.cc >&5
aconfigure:2659: $? = 0
aconfigure:2663: test -z 
			 || test ! -s conftest.err
aconfigure:2666: $? = 0
aconfigure:2669: test -s conftest.o
aconfigure:2672: $? = 0
aconfigure:2698: g++ -c -O2   conftest.cc >&5
aconfigure:2704: $? = 0
aconfigure:2708: test -z 
			 || test ! -s conftest.err
aconfigure:2711: $? = 0
aconfigure:2714: test -s conftest.o
aconfigure:2717: $? = 0
aconfigure:2752: checking for pthread_create in -lpthread
aconfigure:2782: gcc -o conftest -O2   conftest.c -lpthread   >&5
aconfigure:2788: $? = 0
aconfigure:2792: test -z 
			 || test ! -s conftest.err
aconfigure:2795: $? = 0
aconfigure:2798: test -s conftest
aconfigure:2801: $? = 0
aconfigure:2814: result: yes
aconfigure:2826: checking for puts in -lwsock32
aconfigure:2856: gcc -o conftest -O2   conftest.c -lwsock32  -lpthread  >&5
conftest.c:20: warning: conflicting types for built-in function 'puts'
/usr/libexec/gcc/i686-apple-darwin8/4.0.1/ld: can't locate file for: -lwsock32
collect2: ld returned 1 exit status
aconfigure:2862: $? = 1
aconfigure: failed program was:
| /* confdefs.h.  */
| 
| #define PACKAGE_NAME "pjproject"
| #define PACKAGE_TARNAME "pjproject"
| #define PACKAGE_VERSION "0.5.10"
| #define PACKAGE_STRING "pjproject 0.5.10"
| #define PACKAGE_BUGREPORT ""
| #ifdef __cplusplus
| extern "C" void std::exit (int); using std::exit;
| #endif
| #define HAVE_LIBPTHREAD 1
| /* end confdefs.h.  */
| 
| /* Override any gcc2 internal prototype to avoid an error.  */
| #ifdef __cplusplus
| extern "C"
| #endif
| /* We use char because int might match the return type of a gcc2
|    builtin and then its argument prototype would still apply.  */
| char puts ();
| int
| main ()
| {
| puts ();
|   ;
|   return 0;
| }
aconfigure:2888: result: no
aconfigure:2900: checking for puts in -lws2_32
aconfigure:2930: gcc -o conftest -O2   conftest.c -lws2_32  -lpthread  >&5
conftest.c:20: warning: conflicting types for built-in function 'puts'
/usr/libexec/gcc/i686-apple-darwin8/4.0.1/ld: can't locate file for: -lws2_32
collect2: ld returned 1 exit status
aconfigure:2936: $? = 1
aconfigure: failed program was:
| /* confdefs.h.  */
| 
| #define PACKAGE_NAME "pjproject"
| #define PACKAGE_TARNAME "pjproject"
| #define PACKAGE_VERSION "0.5.10"
| #define PACKAGE_STRING "pjproject 0.5.10"
| #define PACKAGE_BUGREPORT ""
| #ifdef __cplusplus
| extern "C" void std::exit (int); using std::exit;
| #endif
| #define HAVE_LIBPTHREAD 1
| /* end confdefs.h.  */
| 
| /* Override any gcc2 internal prototype to avoid an error.  */
| #ifdef __cplusplus
| extern "C"
| #endif
| /* We use char because int might match the return type of a gcc2
|    builtin and then its argument prototype would still apply.  */
| char puts ();
| int
| main ()
| {
| puts ();
|   ;
|   return 0;
| }
aconfigure:2962: result: no
aconfigure:2974: checking for puts in -lole32
aconfigure:3004: gcc -o conftest -O2   conftest.c -lole32  -lpthread  >&5
conftest.c:20: warning: conflicting types for built-in function 'puts'
/usr/libexec/gcc/i686-apple-darwin8/4.0.1/ld: can't locate file for: -lole32
collect2: ld returned 1 exit status
aconfigure:3010: $? = 1
aconfigure: failed program was:
| /* confdefs.h.  */
| 
| #define PACKAGE_NAME "pjproject"
| #define PACKAGE_TARNAME "pjproject"
| #define PACKAGE_VERSION "0.5.10"
| #define PACKAGE_STRING "pjproject 0.5.10"
| #define PACKAGE_BUGREPORT ""
| #ifdef __cplusplus
| extern "C" void std::exit (int); using std::exit;
| #endif
| #define HAVE_LIBPTHREAD 1
| /* end confdefs.h.  */
| 
| /* Override any gcc2 internal prototype to avoid an error.  */
| #ifdef __cplusplus
| extern "C"
| #endif
| /* We use char because int might match the return type of a gcc2
|    builtin and then its argument prototype would still apply.  */
| char puts ();
| int
| main ()
| {
| puts ();
|   ;
|   return 0;
| }
aconfigure:3036: result: no
aconfigure:3048: checking for puts in -lwinmm
aconfigure:3078: gcc -o conftest -O2   conftest.c -lwinmm  -lpthread  >&5
conftest.c:20: warning: conflicting types for built-in function 'puts'
/usr/libexec/gcc/i686-apple-darwin8/4.0.1/ld: can't locate file for: -lwinmm
collect2: ld returned 1 exit status
aconfigure:3084: $? = 1
aconfigure: failed program was:
| /* confdefs.h.  */
| 
| #define PACKAGE_NAME "pjproject"
| #define PACKAGE_TARNAME "pjproject"
| #define PACKAGE_VERSION "0.5.10"
| #define PACKAGE_STRING "pjproject 0.5.10"
| #define PACKAGE_BUGREPORT ""
| #ifdef __cplusplus
| extern "C" void std::exit (int); using std::exit;
| #endif
| #define HAVE_LIBPTHREAD 1
| /* end confdefs.h.  */
| 
| /* Override any gcc2 internal prototype to avoid an error.  */
| #ifdef __cplusplus
| extern "C"
| #endif
| /* We use char because int might match the return type of a gcc2
|    builtin and then its argument prototype would still apply.  */
| char puts ();
| int
| main ()
| {
| puts ();
|   ;
|   return 0;
| }
aconfigure:3110: result: no
aconfigure:3122: checking for puts in -lsocket
aconfigure:3152: gcc -o conftest -O2   conftest.c -lsocket  -lpthread  >&5
conftest.c:20: warning: conflicting types for built-in function 'puts'
/usr/libexec/gcc/i686-apple-darwin8/4.0.1/ld: can't locate file for: -lsocket
collect2: ld returned 1 exit status
aconfigure:3158: $? = 1
aconfigure: failed program was:
| /* confdefs.h.  */
| 
| #define PACKAGE_NAME "pjproject"
| #define PACKAGE_TARNAME "pjproject"
| #define PACKAGE_VERSION "0.5.10"
| #define PACKAGE_STRING "pjproject 0.5.10"
| #define PACKAGE_BUGREPORT ""
| #ifdef __cplusplus
| extern "C" void std::exit (int); using std::exit;
| #endif
| #define HAVE_LIBPTHREAD 1
| /* end confdefs.h.  */
| 
| /* Override any gcc2 internal prototype to avoid an error.  */
| #ifdef __cplusplus
| extern "C"
| #endif
| /* We use char because int might match the return type of a gcc2
|    builtin and then its argument prototype would still apply.  */
| char puts ();
| int
| main ()
| {
| puts ();
|   ;
|   return 0;
| }
aconfigure:3184: result: no
aconfigure:3196: checking for puts in -lrt
aconfigure:3226: gcc -o conftest -O2   conftest.c -lrt  -lpthread  >&5
conftest.c:20: warning: conflicting types for built-in function 'puts'
/usr/libexec/gcc/i686-apple-darwin8/4.0.1/ld: can't locate file for: -lrt
collect2: ld returned 1 exit status
aconfigure:3232: $? = 1
aconfigure: failed program was:
| /* confdefs.h.  */
| 
| #define PACKAGE_NAME "pjproject"
| #define PACKAGE_TARNAME "pjproject"
| #define PACKAGE_VERSION "0.5.10"
| #define PACKAGE_STRING "pjproject 0.5.10"
| #define PACKAGE_BUGREPORT ""
| #ifdef __cplusplus
| extern "C" void std::exit (int); using std::exit;
| #endif
| #define HAVE_LIBPTHREAD 1
| /* end confdefs.h.  */
| 
| /* Override any gcc2 internal prototype to avoid an error.  */
| #ifdef __cplusplus
| extern "C"
| #endif
| /* We use char because int might match the return type of a gcc2
|    builtin and then its argument prototype would still apply.  */
| char puts ();
| int
| main ()
| {
| puts ();
|   ;
|   return 0;
| }
aconfigure:3258: result: no
aconfigure:3270: checking for puts in -lnsl
aconfigure:3300: gcc -o conftest -O2   conftest.c -lnsl  -lpthread  >&5
conftest.c:20: warning: conflicting types for built-in function 'puts'
/usr/libexec/gcc/i686-apple-darwin8/4.0.1/ld: can't locate file for: -lnsl
collect2: ld returned 1 exit status
aconfigure:3306: $? = 1
aconfigure: failed program was:
| /* confdefs.h.  */
| 
| #define PACKAGE_NAME "pjproject"
| #define PACKAGE_TARNAME "pjproject"
| #define PACKAGE_VERSION "0.5.10"
| #define PACKAGE_STRING "pjproject 0.5.10"
| #define PACKAGE_BUGREPORT ""
| #ifdef __cplusplus
| extern "C" void std::exit (int); using std::exit;
| #endif
| #define HAVE_LIBPTHREAD 1
| /* end confdefs.h.  */
| 
| /* Override any gcc2 internal prototype to avoid an error.  */
| #ifdef __cplusplus
| extern "C"
| #endif
| /* We use char because int might match the return type of a gcc2
|    builtin and then its argument prototype would still apply.  */
| char puts ();
| int
| main ()
| {
| puts ();
|   ;
|   return 0;
| }
aconfigure:3332: result: no
aconfigure:3344: result: Setting PJ_M_NAME to i386
aconfigure:3351: checking memory alignment
aconfigure:3367: result: 4 bytes (default)
aconfigure:3373: checking whether byte ordering is bigendian
aconfigure:3400: gcc -c -O2  conftest.c >&5
aconfigure:3406: $? = 0
aconfigure:3410: test -z 
			 || test ! -s conftest.err
aconfigure:3413: $? = 0
aconfigure:3416: test -s conftest.o
aconfigure:3419: $? = 0
aconfigure:3443: gcc -c -O2  conftest.c >&5
conftest.c: In function 'main':
conftest.c:22: error: 'not' undeclared (first use in this function)
conftest.c:22: error: (Each undeclared identifier is reported only once
conftest.c:22: error: for each function it appears in.)
conftest.c:22: error: parse error before 'big'
aconfigure:3449: $? = 1
aconfigure: failed program was:
| /* confdefs.h.  */
| 
| #define PACKAGE_NAME "pjproject"
| #define PACKAGE_TARNAME "pjproject"
| #define PACKAGE_VERSION "0.5.10"
| #define PACKAGE_STRING "pjproject 0.5.10"
| #define PACKAGE_BUGREPORT ""
| #ifdef __cplusplus
| extern "C" void std::exit (int); using std::exit;
| #endif
| #define HAVE_LIBPTHREAD 1
| #define PJ_M_NAME "i386"
| #define PJ_POOL_ALIGNMENT 4
| /* end confdefs.h.  */
| #include <sys/types.h>
| #include <sys/param.h>
| 
| int
| main ()
| {
| #if BYTE_ORDER != BIG_ENDIAN
|  not big endian
| #endif
| 
|   ;
|   return 0;
| }
aconfigure:3584: result: no
aconfigure:3667: result: Checking if floating point is disabled... no
aconfigure:3670: checking for fmod in -lm
aconfigure:3700: gcc -o conftest -O2   conftest.c -lm  -lpthread  >&5
conftest.c:24: warning: conflicting types for built-in function 'fmod'
aconfigure:3706: $? = 0
aconfigure:3710: test -z 
			 || test ! -s conftest.err
aconfigure:3713: $? = 0
aconfigure:3716: test -s conftest
aconfigure:3719: $? = 0
aconfigure:3732: result: yes
aconfigure:3752: checking how to run the C preprocessor
aconfigure:3787: gcc -E  conftest.c
aconfigure:3793: $? = 0
aconfigure:3825: gcc -E  conftest.c
conftest.c:18:28: error: ac_nonexistent.h: No such file or directory
aconfigure:3831: $? = 1
aconfigure: failed program was:
| /* confdefs.h.  */
| 
| #define PACKAGE_NAME "pjproject"
| #define PACKAGE_TARNAME "pjproject"
| #define PACKAGE_VERSION "0.5.10"
| #define PACKAGE_STRING "pjproject 0.5.10"
| #define PACKAGE_BUGREPORT ""
| #ifdef __cplusplus
| extern "C" void std::exit (int); using std::exit;
| #endif
| #define HAVE_LIBPTHREAD 1
| #define PJ_M_NAME "i386"
| #define PJ_POOL_ALIGNMENT 4
| #define PJ_DARWINOS 1
| #define PJ_HAS_FLOATING_POINT 1
| #define HAVE_LIBM 1
| /* end confdefs.h.  */
| #include <ac_nonexistent.h>
aconfigure:3870: result: gcc -E
aconfigure:3894: gcc -E  conftest.c
aconfigure:3900: $? = 0
aconfigure:3932: gcc -E  conftest.c
conftest.c:18:28: error: ac_nonexistent.h: No such file or directory
aconfigure:3938: $? = 1
aconfigure: failed program was:
| /* confdefs.h.  */
| 
| #define PACKAGE_NAME "pjproject"
| #define PACKAGE_TARNAME "pjproject"
| #define PACKAGE_VERSION "0.5.10"
| #define PACKAGE_STRING "pjproject 0.5.10"
| #define PACKAGE_BUGREPORT ""
| #ifdef __cplusplus
| extern "C" void std::exit (int); using std::exit;
| #endif
| #define HAVE_LIBPTHREAD 1
| #define PJ_M_NAME "i386"
| #define PJ_POOL_ALIGNMENT 4
| #define PJ_DARWINOS 1
| #define PJ_HAS_FLOATING_POINT 1
| #define HAVE_LIBM 1
| /* end confdefs.h.  */
| #include <ac_nonexistent.h>
aconfigure:3982: checking for egrep
aconfigure:3992: result: grep -E
aconfigure:3997: checking for ANSI C header files
aconfigure:4022: gcc -c -O2  conftest.c >&5
aconfigure:4028: $? = 0
aconfigure:4032: test -z 
			 || test ! -s conftest.err
aconfigure:4035: $? = 0
aconfigure:4038: test -s conftest.o
aconfigure:4041: $? = 0
aconfigure:4127: gcc -o conftest -O2   conftest.c -lm -lpthread  >&5
conftest.c: In function 'main':
conftest.c:35: warning: incompatible implicit declaration of built-in function 'exit'
aconfigure:4130: $? = 0
aconfigure:4132: ./conftest
aconfigure:4135: $? = 0
aconfigure:4150: result: yes
aconfigure:4174: checking for sys/types.h
aconfigure:4190: gcc -c -O2  conftest.c >&5
aconfigure:4196: $? = 0
aconfigure:4200: test -z 
			 || test ! -s conftest.err
aconfigure:4203: $? = 0
aconfigure:4206: test -s conftest.o
aconfigure:4209: $? = 0
aconfigure:4220: result: yes
aconfigure:4174: checking for sys/stat.h
aconfigure:4190: gcc -c -O2  conftest.c >&5
aconfigure:4196: $? = 0
aconfigure:4200: test -z 
			 || test ! -s conftest.err
aconfigure:4203: $? = 0
aconfigure:4206: test -s conftest.o
aconfigure:4209: $? = 0
aconfigure:4220: result: yes
aconfigure:4174: checking for stdlib.h
aconfigure:4190: gcc -c -O2  conftest.c >&5
aconfigure:4196: $? = 0
aconfigure:4200: test -z 
			 || test ! -s conftest.err
aconfigure:4203: $? = 0
aconfigure:4206: test -s conftest.o
aconfigure:4209: $? = 0
aconfigure:4220: result: yes
aconfigure:4174: checking for string.h
aconfigure:4190: gcc -c -O2  conftest.c >&5
aconfigure:4196: $? = 0
aconfigure:4200: test -z 
			 || test ! -s conftest.err
aconfigure:4203: $? = 0
aconfigure:4206: test -s conftest.o
aconfigure:4209: $? = 0
aconfigure:4220: result: yes
aconfigure:4174: checking for memory.h
aconfigure:4190: gcc -c -O2  conftest.c >&5
aconfigure:4196: $? = 0
aconfigure:4200: test -z 
			 || test ! -s conftest.err
aconfigure:4203: $? = 0
aconfigure:4206: test -s conftest.o
aconfigure:4209: $? = 0
aconfigure:4220: result: yes
aconfigure:4174: checking for strings.h
aconfigure:4190: gcc -c -O2  conftest.c >&5
aconfigure:4196: $? = 0
aconfigure:4200: test -z 
			 || test ! -s conftest.err
aconfigure:4203: $? = 0
aconfigure:4206: test -s conftest.o
aconfigure:4209: $? = 0
aconfigure:4220: result: yes
aconfigure:4174: checking for inttypes.h
aconfigure:4190: gcc -c -O2  conftest.c >&5
aconfigure:4196: $? = 0
aconfigure:4200: test -z 
			 || test ! -s conftest.err
aconfigure:4203: $? = 0
aconfigure:4206: test -s conftest.o
aconfigure:4209: $? = 0
aconfigure:4220: result: yes
aconfigure:4174: checking for stdint.h
aconfigure:4190: gcc -c -O2  conftest.c >&5
aconfigure:4196: $? = 0
aconfigure:4200: test -z 
			 || test ! -s conftest.err
aconfigure:4203: $? = 0
aconfigure:4206: test -s conftest.o
aconfigure:4209: $? = 0
aconfigure:4220: result: yes
aconfigure:4174: checking for unistd.h
aconfigure:4190: gcc -c -O2  conftest.c >&5
aconfigure:4196: $? = 0
aconfigure:4200: test -z 
			 || test ! -s conftest.err
aconfigure:4203: $? = 0
aconfigure:4206: test -s conftest.o
aconfigure:4209: $? = 0
aconfigure:4220: result: yes
aconfigure:4242: checking arpa/inet.h usability
aconfigure:4254: gcc -c -O2  conftest.c >&5
aconfigure:4260: $? = 0
aconfigure:4264: test -z 
			 || test ! -s conftest.err
aconfigure:4267: $? = 0
aconfigure:4270: test -s conftest.o
aconfigure:4273: $? = 0
aconfigure:4283: result: yes
aconfigure:4287: checking arpa/inet.h presence
aconfigure:4297: gcc -E  conftest.c
aconfigure:4303: $? = 0
aconfigure:4323: result: yes
aconfigure:4358: checking for arpa/inet.h
aconfigure:4365: result: yes
aconfigure:4387: checking assert.h usability
aconfigure:4399: gcc -c -O2  conftest.c >&5
aconfigure:4405: $? = 0
aconfigure:4409: test -z 
			 || test ! -s conftest.err
aconfigure:4412: $? = 0
aconfigure:4415: test -s conftest.o
aconfigure:4418: $? = 0
aconfigure:4428: result: yes
aconfigure:4432: checking assert.h presence
aconfigure:4442: gcc -E  conftest.c
aconfigure:4448: $? = 0
aconfigure:4468: result: yes
aconfigure:4503: checking for assert.h
aconfigure:4510: result: yes
aconfigure:4532: checking ctype.h usability
aconfigure:4544: gcc -c -O2  conftest.c >&5
aconfigure:4550: $? = 0
aconfigure:4554: test -z 
			 || test ! -s conftest.err
aconfigure:4557: $? = 0
aconfigure:4560: test -s conftest.o
aconfigure:4563: $? = 0
aconfigure:4573: result: yes
aconfigure:4577: checking ctype.h presence
aconfigure:4587: gcc -E  conftest.c
aconfigure:4593: $? = 0
aconfigure:4613: result: yes
aconfigure:4648: checking for ctype.h
aconfigure:4655: result: yes
aconfigure:4686: checking errno.h usability
aconfigure:4698: gcc -c -O2  conftest.c >&5
aconfigure:4704: $? = 0
aconfigure:4708: test -z 
			 || test ! -s conftest.err
aconfigure:4711: $? = 0
aconfigure:4714: test -s conftest.o
aconfigure:4717: $? = 0
aconfigure:4727: result: yes
aconfigure:4731: checking errno.h presence
aconfigure:4741: gcc -E  conftest.c
aconfigure:4747: $? = 0
aconfigure:4767: result: yes
aconfigure:4802: checking for errno.h
aconfigure:4809: result: yes
aconfigure:4834: checking linux/socket.h usability
aconfigure:4846: gcc -c -O2  conftest.c >&5
conftest.c:66:26: error: linux/socket.h: No such file or directory
aconfigure:4852: $? = 1
aconfigure: failed program was:
| /* confdefs.h.  */
| 
| #define PACKAGE_NAME "pjproject"
| #define PACKAGE_TARNAME "pjproject"
| #define PACKAGE_VERSION "0.5.10"
| #define PACKAGE_STRING "pjproject 0.5.10"
| #define PACKAGE_BUGREPORT ""
| #ifdef __cplusplus
| extern "C" void std::exit (int); using std::exit;
| #endif
| #define HAVE_LIBPTHREAD 1
| #define PJ_M_NAME "i386"
| #define PJ_POOL_ALIGNMENT 4
| #define PJ_DARWINOS 1
| #define PJ_HAS_FLOATING_POINT 1
| #define HAVE_LIBM 1
| #define STDC_HEADERS 1
| #define HAVE_SYS_TYPES_H 1
| #define HAVE_SYS_STAT_H 1
| #define HAVE_STDLIB_H 1
| #define HAVE_STRING_H 1
| #define HAVE_MEMORY_H 1
| #define HAVE_STRINGS_H 1
| #define HAVE_INTTYPES_H 1
| #define HAVE_STDINT_H 1
| #define HAVE_UNISTD_H 1
| #define PJ_HAS_ARPA_INET_H 1
| #define PJ_HAS_ASSERT_H 1
| #define PJ_HAS_CTYPE_H 1
| #define PJ_HAS_ERRNO_H 1
| /* end confdefs.h.  */
| #include <stdio.h>
| #if HAVE_SYS_TYPES_H
| # include <sys/types.h>
| #endif
| #if HAVE_SYS_STAT_H
| # include <sys/stat.h>
| #endif
| #if STDC_HEADERS
| # include <stdlib.h>
| # include <stddef.h>
| #else
| # if HAVE_STDLIB_H
| #  include <stdlib.h>
| # endif
| #endif
| #if HAVE_STRING_H
| # if !STDC_HEADERS && HAVE_MEMORY_H
| #  include <memory.h>
| # endif
| # include <string.h>
| #endif
| #if HAVE_STRINGS_H
| # include <strings.h>
| #endif
| #if HAVE_INTTYPES_H
| # include <inttypes.h>
| #else
| # if HAVE_STDINT_H
| #  include <stdint.h>
| # endif
| #endif
| #if HAVE_UNISTD_H
| # include <unistd.h>
| #endif
| #include <linux/socket.h>
aconfigure:4875: result: no
aconfigure:4879: checking linux/socket.h presence
aconfigure:4889: gcc -E  conftest.c
conftest.c:32:26: error: linux/socket.h: No such file or directory
aconfigure:4895: $? = 1
aconfigure: failed program was:
| /* confdefs.h.  */
| 
| #define PACKAGE_NAME "pjproject"
| #define PACKAGE_TARNAME "pjproject"
| #define PACKAGE_VERSION "0.5.10"
| #define PACKAGE_STRING "pjproject 0.5.10"
| #define PACKAGE_BUGREPORT ""
| #ifdef __cplusplus
| extern "C" void std::exit (int); using std::exit;
| #endif
| #define HAVE_LIBPTHREAD 1
| #define PJ_M_NAME "i386"
| #define PJ_POOL_ALIGNMENT 4
| #define PJ_DARWINOS 1
| #define PJ_HAS_FLOATING_POINT 1
| #define HAVE_LIBM 1
| #define STDC_HEADERS 1
| #define HAVE_SYS_TYPES_H 1
| #define HAVE_SYS_STAT_H 1
| #define HAVE_STDLIB_H 1
| #define HAVE_STRING_H 1
| #define HAVE_MEMORY_H 1
| #define HAVE_STRINGS_H 1
| #define HAVE_INTTYPES_H 1
| #define HAVE_STDINT_H 1
| #define HAVE_UNISTD_H 1
| #define PJ_HAS_ARPA_INET_H 1
| #define PJ_HAS_ASSERT_H 1
| #define PJ_HAS_CTYPE_H 1
| #define PJ_HAS_ERRNO_H 1
| /* end confdefs.h.  */
| #include <linux/socket.h>
aconfigure:4915: result: no
aconfigure:4950: checking for linux/socket.h
aconfigure:4957: result: no
aconfigure:4979: checking malloc.h usability
aconfigure:4991: gcc -c -O2  conftest.c >&5
conftest.c:66:20: error: malloc.h: No such file or directory
aconfigure:4997: $? = 1
aconfigure: failed program was:
| /* confdefs.h.  */
| 
| #define PACKAGE_NAME "pjproject"
| #define PACKAGE_TARNAME "pjproject"
| #define PACKAGE_VERSION "0.5.10"
| #define PACKAGE_STRING "pjproject 0.5.10"
| #define PACKAGE_BUGREPORT ""
| #ifdef __cplusplus
| extern "C" void std::exit (int); using std::exit;
| #endif
| #define HAVE_LIBPTHREAD 1
| #define PJ_M_NAME "i386"
| #define PJ_POOL_ALIGNMENT 4
| #define PJ_DARWINOS 1
| #define PJ_HAS_FLOATING_POINT 1
| #define HAVE_LIBM 1
| #define STDC_HEADERS 1
| #define HAVE_SYS_TYPES_H 1
| #define HAVE_SYS_STAT_H 1
| #define HAVE_STDLIB_H 1
| #define HAVE_STRING_H 1
| #define HAVE_MEMORY_H 1
| #define HAVE_STRINGS_H 1
| #define HAVE_INTTYPES_H 1
| #define HAVE_STDINT_H 1
| #define HAVE_UNISTD_H 1
| #define PJ_HAS_ARPA_INET_H 1
| #define PJ_HAS_ASSERT_H 1
| #define PJ_HAS_CTYPE_H 1
| #define PJ_HAS_ERRNO_H 1
| /* end confdefs.h.  */
| #include <stdio.h>
| #if HAVE_SYS_TYPES_H
| # include <sys/types.h>
| #endif
| #if HAVE_SYS_STAT_H
| # include <sys/stat.h>
| #endif
| #if STDC_HEADERS
| # include <stdlib.h>
| # include <stddef.h>
| #else
| # if HAVE_STDLIB_H
| #  include <stdlib.h>
| # endif
| #endif
| #if HAVE_STRING_H
| # if !STDC_HEADERS && HAVE_MEMORY_H
| #  include <memory.h>
| # endif
| # include <string.h>
| #endif
| #if HAVE_STRINGS_H
| # include <strings.h>
| #endif
| #if HAVE_INTTYPES_H
| # include <inttypes.h>
| #else
| # if HAVE_STDINT_H
| #  include <stdint.h>
| # endif
| #endif
| #if HAVE_UNISTD_H
| # include <unistd.h>
| #endif
| #include <malloc.h>
aconfigure:5020: result: no
aconfigure:5024: checking malloc.h presence
aconfigure:5034: gcc -E  conftest.c
conftest.c:32:20: error: malloc.h: No such file or directory
aconfigure:5040: $? = 1
aconfigure: failed program was:
| /* confdefs.h.  */
| 
| #define PACKAGE_NAME "pjproject"
| #define PACKAGE_TARNAME "pjproject"
| #define PACKAGE_VERSION "0.5.10"
| #define PACKAGE_STRING "pjproject 0.5.10"
| #define PACKAGE_BUGREPORT ""
| #ifdef __cplusplus
| extern "C" void std::exit (int); using std::exit;
| #endif
| #define HAVE_LIBPTHREAD 1
| #define PJ_M_NAME "i386"
| #define PJ_POOL_ALIGNMENT 4
| #define PJ_DARWINOS 1
| #define PJ_HAS_FLOATING_POINT 1
| #define HAVE_LIBM 1
| #define STDC_HEADERS 1
| #define HAVE_SYS_TYPES_H 1
| #define HAVE_SYS_STAT_H 1
| #define HAVE_STDLIB_H 1
| #define HAVE_STRING_H 1
| #define HAVE_MEMORY_H 1
| #define HAVE_STRINGS_H 1
| #define HAVE_INTTYPES_H 1
| #define HAVE_STDINT_H 1
| #define HAVE_UNISTD_H 1
| #define PJ_HAS_ARPA_INET_H 1
| #define PJ_HAS_ASSERT_H 1
| #define PJ_HAS_CTYPE_H 1
| #define PJ_HAS_ERRNO_H 1
| /* end confdefs.h.  */
| #include <malloc.h>
aconfigure:5060: result: no
aconfigure:5095: checking for malloc.h
aconfigure:5102: result: no
aconfigure:5124: checking netdb.h usability
aconfigure:5136: gcc -c -O2  conftest.c >&5
aconfigure:5142: $? = 0
aconfigure:5146: test -z 
			 || test ! -s conftest.err
aconfigure:5149: $? = 0
aconfigure:5152: test -s conftest.o
aconfigure:5155: $? = 0
aconfigure:5165: result: yes
aconfigure:5169: checking netdb.h presence
aconfigure:5179: gcc -E  conftest.c
aconfigure:5185: $? = 0
aconfigure:5205: result: yes
aconfigure:5240: checking for netdb.h
aconfigure:5247: result: yes
aconfigure:5269: checking netinet/in.h usability
aconfigure:5281: gcc -c -O2  conftest.c >&5
aconfigure:5287: $? = 0
aconfigure:5291: test -z 
			 || test ! -s conftest.err
aconfigure:5294: $? = 0
aconfigure:5297: test -s conftest.o
aconfigure:5300: $? = 0
aconfigure:5310: result: yes
aconfigure:5314: checking netinet/in.h presence
aconfigure:5324: gcc -E  conftest.c
aconfigure:5330: $? = 0
aconfigure:5350: result: yes
aconfigure:5385: checking for netinet/in.h
aconfigure:5392: result: yes
aconfigure:5414: checking netinet/ip.h usability
aconfigure:5426: gcc -c -O2  conftest.c >&5
aconfigure:5432: $? = 0
aconfigure:5436: test -z 
			 || test ! -s conftest.err
aconfigure:5439: $? = 0
aconfigure:5442: test -s conftest.o
aconfigure:5445: $? = 0
aconfigure:5455: result: yes
aconfigure:5459: checking netinet/ip.h presence
aconfigure:5469: gcc -E  conftest.c
aconfigure:5475: $? = 0
aconfigure:5495: result: yes
aconfigure:5530: checking for netinet/ip.h
aconfigure:5537: result: yes
aconfigure:5559: checking setjmp.h usability
aconfigure:5571: gcc -c -O2  conftest.c >&5
aconfigure:5577: $? = 0
aconfigure:5581: test -z 
			 || test ! -s conftest.err
aconfigure:5584: $? = 0
aconfigure:5587: test -s conftest.o
aconfigure:5590: $? = 0
aconfigure:5600: result: yes
aconfigure:5604: checking setjmp.h presence
aconfigure:5614: gcc -E  conftest.c
aconfigure:5620: $? = 0
aconfigure:5640: result: yes
aconfigure:5675: checking for setjmp.h
aconfigure:5682: result: yes
aconfigure:5704: checking stdarg.h usability
aconfigure:5716: gcc -c -O2  conftest.c >&5
aconfigure:5722: $? = 0
aconfigure:5726: test -z 
			 || test ! -s conftest.err
aconfigure:5729: $? = 0
aconfigure:5732: test -s conftest.o
aconfigure:5735: $? = 0
aconfigure:5745: result: yes
aconfigure:5749: checking stdarg.h presence
aconfigure:5759: gcc -E  conftest.c
aconfigure:5765: $? = 0
aconfigure:5785: result: yes
aconfigure:5820: checking for stdarg.h
aconfigure:5827: result: yes
aconfigure:5849: checking stddef.h usability
aconfigure:5861: gcc -c -O2  conftest.c >&5
aconfigure:5867: $? = 0
aconfigure:5871: test -z 
			 || test ! -s conftest.err
aconfigure:5874: $? = 0
aconfigure:5877: test -s conftest.o
aconfigure:5880: $? = 0
aconfigure:5890: result: yes
aconfigure:5894: checking stddef.h presence
aconfigure:5904: gcc -E  conftest.c
aconfigure:5910: $? = 0
aconfigure:5930: result: yes
aconfigure:5965: checking for stddef.h
aconfigure:5972: result: yes
aconfigure:5994: checking stdio.h usability
aconfigure:6006: gcc -c -O2  conftest.c >&5
aconfigure:6012: $? = 0
aconfigure:6016: test -z 
			 || test ! -s conftest.err
aconfigure:6019: $? = 0
aconfigure:6022: test -s conftest.o
aconfigure:6025: $? = 0
aconfigure:6035: result: yes
aconfigure:6039: checking stdio.h presence
aconfigure:6049: gcc -E  conftest.c
aconfigure:6055: $? = 0
aconfigure:6075: result: yes
aconfigure:6110: checking for stdio.h
aconfigure:6117: result: yes
aconfigure:6130: checking for stdlib.h
aconfigure:6135: result: yes
aconfigure:6275: checking for string.h
aconfigure:6280: result: yes
aconfigure:6429: checking sys/ioctl.h usability
aconfigure:6441: gcc -c -O2  conftest.c >&5
aconfigure:6447: $? = 0
aconfigure:6451: test -z 
			 || test ! -s conftest.err
aconfigure:6454: $? = 0
aconfigure:6457: test -s conftest.o
aconfigure:6460: $? = 0
aconfigure:6470: result: yes
aconfigure:6474: checking sys/ioctl.h presence
aconfigure:6484: gcc -E  conftest.c
aconfigure:6490: $? = 0
aconfigure:6510: result: yes
aconfigure:6545: checking for sys/ioctl.h
aconfigure:6552: result: yes
aconfigure:6574: checking sys/select.h usability
aconfigure:6586: gcc -c -O2  conftest.c >&5
aconfigure:6592: $? = 0
aconfigure:6596: test -z 
			 || test ! -s conftest.err
aconfigure:6599: $? = 0
aconfigure:6602: test -s conftest.o
aconfigure:6605: $? = 0
aconfigure:6615: result: yes
aconfigure:6619: checking sys/select.h presence
aconfigure:6629: gcc -E  conftest.c
aconfigure:6635: $? = 0
aconfigure:6655: result: yes
aconfigure:6690: checking for sys/select.h
aconfigure:6697: result: yes
aconfigure:6719: checking sys/socket.h usability
aconfigure:6731: gcc -c -O2  conftest.c >&5
aconfigure:6737: $? = 0
aconfigure:6741: test -z 
			 || test ! -s conftest.err
aconfigure:6744: $? = 0
aconfigure:6747: test -s conftest.o
aconfigure:6750: $? = 0
aconfigure:6760: result: yes
aconfigure:6764: checking sys/socket.h presence
aconfigure:6774: gcc -E  conftest.c
aconfigure:6780: $? = 0
aconfigure:6800: result: yes
aconfigure:6835: checking for sys/socket.h
aconfigure:6842: result: yes
aconfigure:6864: checking sys/time.h usability
aconfigure:6876: gcc -c -O2  conftest.c >&5
aconfigure:6882: $? = 0
aconfigure:6886: test -z 
			 || test ! -s conftest.err
aconfigure:6889: $? = 0
aconfigure:6892: test -s conftest.o
aconfigure:6895: $? = 0
aconfigure:6905: result: yes
aconfigure:6909: checking sys/time.h presence
aconfigure:6919: gcc -E  conftest.c
aconfigure:6925: $? = 0
aconfigure:6945: result: yes
aconfigure:6980: checking for sys/time.h
aconfigure:6987: result: yes
aconfigure:7009: checking sys/timeb.h usability
aconfigure:7021: gcc -c -O2  conftest.c >&5
aconfigure:7027: $? = 0
aconfigure:7031: test -z 
			 || test ! -s conftest.err
aconfigure:7034: $? = 0
aconfigure:7037: test -s conftest.o
aconfigure:7040: $? = 0
aconfigure:7050: result: yes
aconfigure:7054: checking sys/timeb.h presence
aconfigure:7064: gcc -E  conftest.c
aconfigure:7070: $? = 0
aconfigure:7090: result: yes
aconfigure:7125: checking for sys/timeb.h
aconfigure:7132: result: yes
aconfigure:7145: checking for sys/types.h
aconfigure:7150: result: yes
aconfigure:7299: checking time.h usability
aconfigure:7311: gcc -c -O2  conftest.c >&5
aconfigure:7317: $? = 0
aconfigure:7321: test -z 
			 || test ! -s conftest.err
aconfigure:7324: $? = 0
aconfigure:7327: test -s conftest.o
aconfigure:7330: $? = 0
aconfigure:7340: result: yes
aconfigure:7344: checking time.h presence
aconfigure:7354: gcc -E  conftest.c
aconfigure:7360: $? = 0
aconfigure:7380: result: yes
aconfigure:7415: checking for time.h
aconfigure:7422: result: yes
aconfigure:7435: checking for unistd.h
aconfigure:7440: result: yes
aconfigure:7589: checking mswsock.h usability
aconfigure:7601: gcc -c -O2  conftest.c >&5
conftest.c:83:21: error: mswsock.h: No such file or directory
aconfigure:7607: $? = 1
aconfigure: failed program was:
| /* confdefs.h.  */
| 
| #define PACKAGE_NAME "pjproject"
| #define PACKAGE_TARNAME "pjproject"
| #define PACKAGE_VERSION "0.5.10"
| #define PACKAGE_STRING "pjproject 0.5.10"
| #define PACKAGE_BUGREPORT ""
| #ifdef __cplusplus
| extern "C" void std::exit (int); using std::exit;
| #endif
| #define HAVE_LIBPTHREAD 1
| #define PJ_M_NAME "i386"
| #define PJ_POOL_ALIGNMENT 4
| #define PJ_DARWINOS 1
| #define PJ_HAS_FLOATING_POINT 1
| #define HAVE_LIBM 1
| #define STDC_HEADERS 1
| #define HAVE_SYS_TYPES_H 1
| #define HAVE_SYS_STAT_H 1
| #define HAVE_STDLIB_H 1
| #define HAVE_STRING_H 1
| #define HAVE_MEMORY_H 1
| #define HAVE_STRINGS_H 1
| #define HAVE_INTTYPES_H 1
| #define HAVE_STDINT_H 1
| #define HAVE_UNISTD_H 1
| #define PJ_HAS_ARPA_INET_H 1
| #define PJ_HAS_ASSERT_H 1
| #define PJ_HAS_CTYPE_H 1
| #define PJ_HAS_ERRNO_H 1
| #define PJ_HAS_NETDB_H 1
| #define PJ_HAS_NETINET_IN_H 1
| #define PJ_HAS_NETINET_IP_H 1
| #define PJ_HAS_SETJMP_H 1
| #define PJ_HAS_STDARG_H 1
| #define PJ_HAS_STDDEF_H 1
| #define PJ_HAS_STDIO_H 1
| #define PJ_HAS_STDLIB_H 1
| #define PJ_HAS_STRING_H 1
| #define PJ_HAS_SYS_IOCTL_H 1
| #define PJ_HAS_SYS_SELECT_H 1
| #define PJ_HAS_SYS_SOCKET_H 1
| #define PJ_HAS_SYS_TIME_H 1
| #define PJ_HAS_SYS_TIMEB_H 1
| #define PJ_HAS_SYS_TYPES_H 1
| #define PJ_HAS_TIME_H 1
| #define PJ_HAS_UNISTD_H 1
| /* end confdefs.h.  */
| #include <stdio.h>
| #if HAVE_SYS_TYPES_H
| # include <sys/types.h>
| #endif
| #if HAVE_SYS_STAT_H
| # include <sys/stat.h>
| #endif
| #if STDC_HEADERS
| # include <stdlib.h>
| # include <stddef.h>
| #else
| # if HAVE_STDLIB_H
| #  include <stdlib.h>
| # endif
| #endif
| #if HAVE_STRING_H
| # if !STDC_HEADERS && HAVE_MEMORY_H
| #  include <memory.h>
| # endif
| # include <string.h>
| #endif
| #if HAVE_STRINGS_H
| # include <strings.h>
| #endif
| #if HAVE_INTTYPES_H
| # include <inttypes.h>
| #else
| # if HAVE_STDINT_H
| #  include <stdint.h>
| # endif
| #endif
| #if HAVE_UNISTD_H
| # include <unistd.h>
| #endif
| #include <mswsock.h>
aconfigure:7630: result: no
aconfigure:7634: checking mswsock.h presence
aconfigure:7644: gcc -E  conftest.c
conftest.c:49:21: error: mswsock.h: No such file or directory
aconfigure:7650: $? = 1
aconfigure: failed program was:
| /* confdefs.h.  */
| 
| #define PACKAGE_NAME "pjproject"
| #define PACKAGE_TARNAME "pjproject"
| #define PACKAGE_VERSION "0.5.10"
| #define PACKAGE_STRING "pjproject 0.5.10"
| #define PACKAGE_BUGREPORT ""
| #ifdef __cplusplus
| extern "C" void std::exit (int); using std::exit;
| #endif
| #define HAVE_LIBPTHREAD 1
| #define PJ_M_NAME "i386"
| #define PJ_POOL_ALIGNMENT 4
| #define PJ_DARWINOS 1
| #define PJ_HAS_FLOATING_POINT 1
| #define HAVE_LIBM 1
| #define STDC_HEADERS 1
| #define HAVE_SYS_TYPES_H 1
| #define HAVE_SYS_STAT_H 1
| #define HAVE_STDLIB_H 1
| #define HAVE_STRING_H 1
| #define HAVE_MEMORY_H 1
| #define HAVE_STRINGS_H 1
| #define HAVE_INTTYPES_H 1
| #define HAVE_STDINT_H 1
| #define HAVE_UNISTD_H 1
| #define PJ_HAS_ARPA_INET_H 1
| #define PJ_HAS_ASSERT_H 1
| #define PJ_HAS_CTYPE_H 1
| #define PJ_HAS_ERRNO_H 1
| #define PJ_HAS_NETDB_H 1
| #define PJ_HAS_NETINET_IN_H 1
| #define PJ_HAS_NETINET_IP_H 1
| #define PJ_HAS_SETJMP_H 1
| #define PJ_HAS_STDARG_H 1
| #define PJ_HAS_STDDEF_H 1
| #define PJ_HAS_STDIO_H 1
| #define PJ_HAS_STDLIB_H 1
| #define PJ_HAS_STRING_H 1
| #define PJ_HAS_SYS_IOCTL_H 1
| #define PJ_HAS_SYS_SELECT_H 1
| #define PJ_HAS_SYS_SOCKET_H 1
| #define PJ_HAS_SYS_TIME_H 1
| #define PJ_HAS_SYS_TIMEB_H 1
| #define PJ_HAS_SYS_TYPES_H 1
| #define PJ_HAS_TIME_H 1
| #define PJ_HAS_UNISTD_H 1
| /* end confdefs.h.  */
| #include <mswsock.h>
aconfigure:7670: result: no
aconfigure:7705: checking for mswsock.h
aconfigure:7712: result: no
aconfigure:7734: checking winsock.h usability
aconfigure:7746: gcc -c -O2  conftest.c >&5
conftest.c:83:21: error: winsock.h: No such file or directory
aconfigure:7752: $? = 1
aconfigure: failed program was:
| /* confdefs.h.  */
| 
| #define PACKAGE_NAME "pjproject"
| #define PACKAGE_TARNAME "pjproject"
| #define PACKAGE_VERSION "0.5.10"
| #define PACKAGE_STRING "pjproject 0.5.10"
| #define PACKAGE_BUGREPORT ""
| #ifdef __cplusplus
| extern "C" void std::exit (int); using std::exit;
| #endif
| #define HAVE_LIBPTHREAD 1
| #define PJ_M_NAME "i386"
| #define PJ_POOL_ALIGNMENT 4
| #define PJ_DARWINOS 1
| #define PJ_HAS_FLOATING_POINT 1
| #define HAVE_LIBM 1
| #define STDC_HEADERS 1
| #define HAVE_SYS_TYPES_H 1
| #define HAVE_SYS_STAT_H 1
| #define HAVE_STDLIB_H 1
| #define HAVE_STRING_H 1
| #define HAVE_MEMORY_H 1
| #define HAVE_STRINGS_H 1
| #define HAVE_INTTYPES_H 1
| #define HAVE_STDINT_H 1
| #define HAVE_UNISTD_H 1
| #define PJ_HAS_ARPA_INET_H 1
| #define PJ_HAS_ASSERT_H 1
| #define PJ_HAS_CTYPE_H 1
| #define PJ_HAS_ERRNO_H 1
| #define PJ_HAS_NETDB_H 1
| #define PJ_HAS_NETINET_IN_H 1
| #define PJ_HAS_NETINET_IP_H 1
| #define PJ_HAS_SETJMP_H 1
| #define PJ_HAS_STDARG_H 1
| #define PJ_HAS_STDDEF_H 1
| #define PJ_HAS_STDIO_H 1
| #define PJ_HAS_STDLIB_H 1
| #define PJ_HAS_STRING_H 1
| #define PJ_HAS_SYS_IOCTL_H 1
| #define PJ_HAS_SYS_SELECT_H 1
| #define PJ_HAS_SYS_SOCKET_H 1
| #define PJ_HAS_SYS_TIME_H 1
| #define PJ_HAS_SYS_TIMEB_H 1
| #define PJ_HAS_SYS_TYPES_H 1
| #define PJ_HAS_TIME_H 1
| #define PJ_HAS_UNISTD_H 1
| /* end confdefs.h.  */
| #include <stdio.h>
| #if HAVE_SYS_TYPES_H
| # include <sys/types.h>
| #endif
| #if HAVE_SYS_STAT_H
| # include <sys/stat.h>
| #endif
| #if STDC_HEADERS
| # include <stdlib.h>
| # include <stddef.h>
| #else
| # if HAVE_STDLIB_H
| #  include <stdlib.h>
| # endif
| #endif
| #if HAVE_STRING_H
| # if !STDC_HEADERS && HAVE_MEMORY_H
| #  include <memory.h>
| # endif
| # include <string.h>
| #endif
| #if HAVE_STRINGS_H
| # include <strings.h>
| #endif
| #if HAVE_INTTYPES_H
| # include <inttypes.h>
| #else
| # if HAVE_STDINT_H
| #  include <stdint.h>
| # endif
| #endif
| #if HAVE_UNISTD_H
| # include <unistd.h>
| #endif
| #include <winsock.h>
aconfigure:7775: result: no
aconfigure:7779: checking winsock.h presence
aconfigure:7789: gcc -E  conftest.c
conftest.c:49:21: error: winsock.h: No such file or directory
aconfigure:7795: $? = 1
aconfigure: failed program was:
| /* confdefs.h.  */
| 
| #define PACKAGE_NAME "pjproject"
| #define PACKAGE_TARNAME "pjproject"
| #define PACKAGE_VERSION "0.5.10"
| #define PACKAGE_STRING "pjproject 0.5.10"
| #define PACKAGE_BUGREPORT ""
| #ifdef __cplusplus
| extern "C" void std::exit (int); using std::exit;
| #endif
| #define HAVE_LIBPTHREAD 1
| #define PJ_M_NAME "i386"
| #define PJ_POOL_ALIGNMENT 4
| #define PJ_DARWINOS 1
| #define PJ_HAS_FLOATING_POINT 1
| #define HAVE_LIBM 1
| #define STDC_HEADERS 1
| #define HAVE_SYS_TYPES_H 1
| #define HAVE_SYS_STAT_H 1
| #define HAVE_STDLIB_H 1
| #define HAVE_STRING_H 1
| #define HAVE_MEMORY_H 1
| #define HAVE_STRINGS_H 1
| #define HAVE_INTTYPES_H 1
| #define HAVE_STDINT_H 1
| #define HAVE_UNISTD_H 1
| #define PJ_HAS_ARPA_INET_H 1
| #define PJ_HAS_ASSERT_H 1
| #define PJ_HAS_CTYPE_H 1
| #define PJ_HAS_ERRNO_H 1
| #define PJ_HAS_NETDB_H 1
| #define PJ_HAS_NETINET_IN_H 1
| #define PJ_HAS_NETINET_IP_H 1
| #define PJ_HAS_SETJMP_H 1
| #define PJ_HAS_STDARG_H 1
| #define PJ_HAS_STDDEF_H 1
| #define PJ_HAS_STDIO_H 1
| #define PJ_HAS_STDLIB_H 1
| #define PJ_HAS_STRING_H 1
| #define PJ_HAS_SYS_IOCTL_H 1
| #define PJ_HAS_SYS_SELECT_H 1
| #define PJ_HAS_SYS_SOCKET_H 1
| #define PJ_HAS_SYS_TIME_H 1
| #define PJ_HAS_SYS_TIMEB_H 1
| #define PJ_HAS_SYS_TYPES_H 1
| #define PJ_HAS_TIME_H 1
| #define PJ_HAS_UNISTD_H 1
| /* end confdefs.h.  */
| #include <winsock.h>
aconfigure:7815: result: no
aconfigure:7850: checking for winsock.h
aconfigure:7857: result: no
aconfigure:7879: checking winsock2.h usability
aconfigure:7891: gcc -c -O2  conftest.c >&5
conftest.c:83:22: error: winsock2.h: No such file or directory
aconfigure:7897: $? = 1
aconfigure: failed program was:
| /* confdefs.h.  */
| 
| #define PACKAGE_NAME "pjproject"
| #define PACKAGE_TARNAME "pjproject"
| #define PACKAGE_VERSION "0.5.10"
| #define PACKAGE_STRING "pjproject 0.5.10"
| #define PACKAGE_BUGREPORT ""
| #ifdef __cplusplus
| extern "C" void std::exit (int); using std::exit;
| #endif
| #define HAVE_LIBPTHREAD 1
| #define PJ_M_NAME "i386"
| #define PJ_POOL_ALIGNMENT 4
| #define PJ_DARWINOS 1
| #define PJ_HAS_FLOATING_POINT 1
| #define HAVE_LIBM 1
| #define STDC_HEADERS 1
| #define HAVE_SYS_TYPES_H 1
| #define HAVE_SYS_STAT_H 1
| #define HAVE_STDLIB_H 1
| #define HAVE_STRING_H 1
| #define HAVE_MEMORY_H 1
| #define HAVE_STRINGS_H 1
| #define HAVE_INTTYPES_H 1
| #define HAVE_STDINT_H 1
| #define HAVE_UNISTD_H 1
| #define PJ_HAS_ARPA_INET_H 1
| #define PJ_HAS_ASSERT_H 1
| #define PJ_HAS_CTYPE_H 1
| #define PJ_HAS_ERRNO_H 1
| #define PJ_HAS_NETDB_H 1
| #define PJ_HAS_NETINET_IN_H 1
| #define PJ_HAS_NETINET_IP_H 1
| #define PJ_HAS_SETJMP_H 1
| #define PJ_HAS_STDARG_H 1
| #define PJ_HAS_STDDEF_H 1
| #define PJ_HAS_STDIO_H 1
| #define PJ_HAS_STDLIB_H 1
| #define PJ_HAS_STRING_H 1
| #define PJ_HAS_SYS_IOCTL_H 1
| #define PJ_HAS_SYS_SELECT_H 1
| #define PJ_HAS_SYS_SOCKET_H 1
| #define PJ_HAS_SYS_TIME_H 1
| #define PJ_HAS_SYS_TIMEB_H 1
| #define PJ_HAS_SYS_TYPES_H 1
| #define PJ_HAS_TIME_H 1
| #define PJ_HAS_UNISTD_H 1
| /* end confdefs.h.  */
| #include <stdio.h>
| #if HAVE_SYS_TYPES_H
| # include <sys/types.h>
| #endif
| #if HAVE_SYS_STAT_H
| # include <sys/stat.h>
| #endif
| #if STDC_HEADERS
| # include <stdlib.h>
| # include <stddef.h>
| #else
| # if HAVE_STDLIB_H
| #  include <stdlib.h>
| # endif
| #endif
| #if HAVE_STRING_H
| # if !STDC_HEADERS && HAVE_MEMORY_H
| #  include <memory.h>
| # endif
| # include <string.h>
| #endif
| #if HAVE_STRINGS_H
| # include <strings.h>
| #endif
| #if HAVE_INTTYPES_H
| # include <inttypes.h>
| #else
| # if HAVE_STDINT_H
| #  include <stdint.h>
| # endif
| #endif
| #if HAVE_UNISTD_H
| # include <unistd.h>
| #endif
| #include <winsock2.h>
aconfigure:7920: result: no
aconfigure:7924: checking winsock2.h presence
aconfigure:7934: gcc -E  conftest.c
conftest.c:49:22: error: winsock2.h: No such file or directory
aconfigure:7940: $? = 1
aconfigure: failed program was:
| /* confdefs.h.  */
| 
| #define PACKAGE_NAME "pjproject"
| #define PACKAGE_TARNAME "pjproject"
| #define PACKAGE_VERSION "0.5.10"
| #define PACKAGE_STRING "pjproject 0.5.10"
| #define PACKAGE_BUGREPORT ""
| #ifdef __cplusplus
| extern "C" void std::exit (int); using std::exit;
| #endif
| #define HAVE_LIBPTHREAD 1
| #define PJ_M_NAME "i386"
| #define PJ_POOL_ALIGNMENT 4
| #define PJ_DARWINOS 1
| #define PJ_HAS_FLOATING_POINT 1
| #define HAVE_LIBM 1
| #define STDC_HEADERS 1
| #define HAVE_SYS_TYPES_H 1
| #define HAVE_SYS_STAT_H 1
| #define HAVE_STDLIB_H 1
| #define HAVE_STRING_H 1
| #define HAVE_MEMORY_H 1
| #define HAVE_STRINGS_H 1
| #define HAVE_INTTYPES_H 1
| #define HAVE_STDINT_H 1
| #define HAVE_UNISTD_H 1
| #define PJ_HAS_ARPA_INET_H 1
| #define PJ_HAS_ASSERT_H 1
| #define PJ_HAS_CTYPE_H 1
| #define PJ_HAS_ERRNO_H 1
| #define PJ_HAS_NETDB_H 1
| #define PJ_HAS_NETINET_IN_H 1
| #define PJ_HAS_NETINET_IP_H 1
| #define PJ_HAS_SETJMP_H 1
| #define PJ_HAS_STDARG_H 1
| #define PJ_HAS_STDDEF_H 1
| #define PJ_HAS_STDIO_H 1
| #define PJ_HAS_STDLIB_H 1
| #define PJ_HAS_STRING_H 1
| #define PJ_HAS_SYS_IOCTL_H 1
| #define PJ_HAS_SYS_SELECT_H 1
| #define PJ_HAS_SYS_SOCKET_H 1
| #define PJ_HAS_SYS_TIME_H 1
| #define PJ_HAS_SYS_TIMEB_H 1
| #define PJ_HAS_SYS_TYPES_H 1
| #define PJ_HAS_TIME_H 1
| #define PJ_HAS_UNISTD_H 1
| /* end confdefs.h.  */
| #include <winsock2.h>
aconfigure:7960: result: no
aconfigure:7995: checking for winsock2.h
aconfigure:8002: result: no
aconfigure:8015: result: Setting PJ_OS_NAME to i386-apple-darwin8.10.1
aconfigure:8022: result: Setting PJ_HAS_ERRNO_VAR to 1
aconfigure:8029: result: Setting PJ_HAS_HIGH_RES_TIMER to 1
aconfigure:8036: result: Setting PJ_HAS_MALLOC to 1
aconfigure:8043: result: Setting PJ_NATIVE_STRING_IS_UNICODE to 0
aconfigure:8050: result: Setting PJ_ATOMIC_VALUE_TYPE to long
aconfigure:8057: checking if inet_aton is available
aconfigure:8075: gcc -c -O2  conftest.c >&5
aconfigure:8081: $? = 0
aconfigure:8085: test -z 
			 || test ! -s conftest.err
aconfigure:8088: $? = 0
aconfigure:8091: test -s conftest.o
aconfigure:8094: $? = 0
aconfigure:8100: result: yes
aconfigure:8111: checking if sockaddr_in has sin_len member
aconfigure:8132: gcc -c -O2  conftest.c >&5
aconfigure:8138: $? = 0
aconfigure:8142: test -z 
			 || test ! -s conftest.err
aconfigure:8145: $? = 0
aconfigure:8148: test -s conftest.o
aconfigure:8151: $? = 0
aconfigure:8157: result: yes
aconfigure:8168: checking if socklen_t is available
aconfigure:8186: gcc -c -O2  conftest.c >&5
aconfigure:8192: $? = 0
aconfigure:8196: test -z 
			 || test ! -s conftest.err
aconfigure:8199: $? = 0
aconfigure:8202: test -s conftest.o
aconfigure:8205: $? = 0
aconfigure:8211: result: yes
aconfigure:8222: checking if SO_ERROR is available
aconfigure:8253: gcc -c -O2  conftest.c >&5
aconfigure:8259: $? = 0
aconfigure:8263: test -z 
			 || test ! -s conftest.err
aconfigure:8266: $? = 0
aconfigure:8269: test -s conftest.o
aconfigure:8272: $? = 0
aconfigure:8278: result: yes
aconfigure:8292: checking if pthread_rwlock_t is available
aconfigure:8310: gcc -c -O2  conftest.c >&5
aconfigure:8316: $? = 0
aconfigure:8320: test -z 
			 || test ! -s conftest.err
aconfigure:8323: $? = 0
aconfigure:8326: test -s conftest.o
aconfigure:8329: $? = 0
aconfigure:8335: result: yes
aconfigure:8389: result: Checking sound device backend... coreaudio
aconfigure:8569: result: Checking if small filter is disabled... no
aconfigure:8583: result: Checking if large filter is disabled... no
aconfigure:8597: result: Checking if G.711 Annex A PLC is disabled...no
aconfigure:8611: result: Checking if Speex AEC is disabled...no
aconfigure:8629: result: Checking if G.711 codec is disabled...no
aconfigure:8648: result: Checking if L16 codec is disabled...no
aconfigure:8667: result: Checking if GSM codec is disabled...no
aconfigure:8685: result: Checking if Speex codec is disabled...no
aconfigure:8703: result: Checking if iLBC codec is disabled...no
aconfigure:8723: result: checking for OpenSSL installations..
aconfigure:8738: checking openssl/ssl.h usability
aconfigure:8750: gcc -c -O2  conftest.c >&5
aconfigure:8756: $? = 0
aconfigure:8760: test -z 
			 || test ! -s conftest.err
aconfigure:8763: $? = 0
aconfigure:8766: test -s conftest.o
aconfigure:8769: $? = 0
aconfigure:8779: result: yes
aconfigure:8783: checking openssl/ssl.h presence
aconfigure:8793: gcc -E  conftest.c
aconfigure:8799: $? = 0
aconfigure:8819: result: yes
aconfigure:8854: checking for openssl/ssl.h
aconfigure:8861: result: yes
aconfigure:8870: checking for SSL_library_init in -lssl
aconfigure:8900: gcc -o conftest -O2   conftest.c -lssl  -lm -lpthread  -framework CoreAudio -framework CoreServices -framework AudioUnit -framework AudioToolbox >&5
aconfigure:8906: $? = 0
aconfigure:8910: test -z 
			 || test ! -s conftest.err
aconfigure:8913: $? = 0
aconfigure:8916: test -s conftest
aconfigure:8919: $? = 0
aconfigure:8932: result: yes
aconfigure:8938: checking for ERR_load_BIO_strings in -lcrypto
aconfigure:8968: gcc -o conftest -O2   conftest.c -lcrypto  -lm -lpthread  -framework CoreAudio -framework CoreServices -framework AudioUnit -framework AudioToolbox -lssl >&5
aconfigure:8974: $? = 0
aconfigure:8978: test -z 
			 || test ! -s conftest.err
aconfigure:8981: $? = 0
aconfigure:8984: test -s conftest
aconfigure:8987: $? = 0
aconfigure:9000: result: yes
aconfigure:9007: result: OpenSSL library found, SSL support enabled
aconfigure:9023: checking if select() needs correct nfds
aconfigure:9037: result: no (default)
aconfigure:9039: result: ** Decided that select() doesn't need correct nfds (please check)
aconfigure:9044: checking if pj_thread_create() should enforce stack size
aconfigure:9058: result: no (default)
aconfigure:9063: checking if pj_thread_create() should allocate stack
aconfigure:9077: result: no (default)
aconfigure:9093: result: ** Setting non-blocking recv() retval to EAGAIN (please check)
aconfigure:9109: result: ** Setting non-blocking connect() retval to EINPROGRESS (please check)
aconfigure:9231: creating ./config.status

## ---------------------- ##
## Running config.status. ##
## ---------------------- ##

This file was extended by pjproject config.status 0.5.10, which was
generated by GNU Autoconf 2.59.  Invocation command line was

  CONFIG_FILES    = 
  CONFIG_HEADERS  = 
  CONFIG_LINKS    = 
  CONFIG_COMMANDS = 
  $ ./config.status 

on ordinateur-de-daniel-braun-1.local

config.status:687: creating build.mak
config.status:687: creating build/os-auto.mak
config.status:687: creating pjlib/build/os-auto.mak
config.status:687: creating pjlib-util/build/os-auto.mak
config.status:687: creating pjmedia/build/os-auto.mak
config.status:687: creating pjsip/build/os-auto.mak
config.status:790: creating pjlib/include/pj/compat/os_auto.h
config.status:790: creating pjlib/include/pj/compat/m_auto.h
config.status:790: creating pjmedia/include/pjmedia/config_auto.h
config.status:790: creating pjmedia/include/pjmedia-codec/config_auto.h
config.status:790: creating pjsip/include/pjsip/sip_autoconf.h

## ---------------- ##
## Cache variables. ##
## ---------------- ##

ac_cv_build=i386-apple-darwin8.10.1
ac_cv_build_alias=i386-apple-darwin8.10.1
ac_cv_c_bigendian=no
ac_cv_c_compiler_gnu=yes
ac_cv_cxx_compiler_gnu=yes
ac_cv_env_CC_set=
ac_cv_env_CC_value=
ac_cv_env_CFLAGS_set=
ac_cv_env_CFLAGS_value=
ac_cv_env_CPPFLAGS_set=
ac_cv_env_CPPFLAGS_value=
ac_cv_env_CPP_set=
ac_cv_env_CPP_value=
ac_cv_env_CXXFLAGS_set=
ac_cv_env_CXXFLAGS_value=
ac_cv_env_CXX_set=
ac_cv_env_CXX_value=
ac_cv_env_LDFLAGS_set=
ac_cv_env_LDFLAGS_value=
ac_cv_env_build_alias_set=
ac_cv_env_build_alias_value=
ac_cv_env_host_alias_set=
ac_cv_env_host_alias_value=
ac_cv_env_target_alias_set=
ac_cv_env_target_alias_value=
ac_cv_exeext=
ac_cv_header_arpa_inet_h=yes
ac_cv_header_assert_h=yes
ac_cv_header_ctype_h=yes
ac_cv_header_errno_h=yes
ac_cv_header_inttypes_h=yes
ac_cv_header_linux_socket_h=no
ac_cv_header_malloc_h=no
ac_cv_header_memory_h=yes
ac_cv_header_mswsock_h=no
ac_cv_header_netdb_h=yes
ac_cv_header_netinet_in_h=yes
ac_cv_header_netinet_ip_h=yes
ac_cv_header_openssl_ssl_h=yes
ac_cv_header_setjmp_h=yes
ac_cv_header_stdarg_h=yes
ac_cv_header_stdc=yes
ac_cv_header_stddef_h=yes
ac_cv_header_stdint_h=yes
ac_cv_header_stdio_h=yes
ac_cv_header_stdlib_h=yes
ac_cv_header_string_h=yes
ac_cv_header_strings_h=yes
ac_cv_header_sys_ioctl_h=yes
ac_cv_header_sys_select_h=yes
ac_cv_header_sys_socket_h=yes
ac_cv_header_sys_stat_h=yes
ac_cv_header_sys_time_h=yes
ac_cv_header_sys_timeb_h=yes
ac_cv_header_sys_types_h=yes
ac_cv_header_time_h=yes
ac_cv_header_unistd_h=yes
ac_cv_header_winsock2_h=no
ac_cv_header_winsock_h=no
ac_cv_host=i386-apple-darwin8.10.1
ac_cv_host_alias=i386-apple-darwin8.10.1
ac_cv_lib_crypto_ERR_load_BIO_strings=yes
ac_cv_lib_m_fmod=yes
ac_cv_lib_nsl_puts=no
ac_cv_lib_ole32_puts=no
ac_cv_lib_pthread_pthread_create=yes
ac_cv_lib_rt_puts=no
ac_cv_lib_socket_puts=no
ac_cv_lib_ssl_SSL_library_init=yes
ac_cv_lib_winmm_puts=no
ac_cv_lib_ws2_32_puts=no
ac_cv_lib_wsock32_puts=no
ac_cv_objext=o
ac_cv_prog_CPP='gcc -E'
ac_cv_prog_ac_ct_CC=gcc
ac_cv_prog_ac_ct_CXX=g++
ac_cv_prog_cc_g=yes
ac_cv_prog_cc_stdc=
ac_cv_prog_cxx_g=yes
ac_cv_prog_egrep='grep -E'
ac_cv_target=i386-apple-darwin8.10.1
ac_cv_target_alias=i386-apple-darwin8.10.1

## ----------------- ##
## Output variables. ##
## ----------------- ##

CC='gcc'
CFLAGS='-O2'
CPP='gcc -E'
CPPFLAGS=''
CXX='g++'
CXXFLAGS='-O2 '
DEFS='-DHAVE_CONFIG_H'
ECHO_C=''
ECHO_N='-n'
ECHO_T=''
EGREP='grep -E'
EXEEXT=''
LDFLAGS=''
LIBOBJS=''
LIBS='-lm -lpthread  -framework CoreAudio -framework CoreServices -framework AudioUnit -framework AudioToolbox -lssl -lcrypto'
LTLIBOBJS=''
OBJEXT='o'
PACKAGE_BUGREPORT=''
PACKAGE_NAME='pjproject'
PACKAGE_STRING='pjproject 0.5.10'
PACKAGE_TARNAME='pjproject'
PACKAGE_VERSION='0.5.10'
PATH_SEPARATOR=':'
SHELL='/bin/sh'
ac_cross_compile=''
ac_ct_CC='gcc'
ac_ct_CXX='g++'
ac_host='unix'
ac_linux_poll='select'
ac_main_obj='main.o'
ac_no_g711_codec=''
ac_no_g711_plc=''
ac_no_gsm_codec=''
ac_no_ilbc_codec=''
ac_no_l16_codec=''
ac_no_large_filter=''
ac_no_small_filter=''
ac_no_speex_aec=''
ac_no_speex_codec=''
ac_no_ssl=''
ac_os_objs='file_access_unistd.o file_io_ansi.o os_core_unix.o os_error_unix.o os_time_unix.o os_timestamp_posix.o guid_simple.o ioqueue_select.o'
ac_pa_cflags=''
ac_pa_use_alsa=''
ac_pjdir='/Users/danielbraun/devel/sipPhone/pjproject-0.5.10.4'
ac_pjmedia_snd='pa_darwinos'
bindir='${exec_prefix}/bin'
build='i386-apple-darwin8.10.1'
build_alias=''
build_cpu='i386'
build_os='darwin8.10.1'
build_vendor='apple'
datadir='${prefix}/share'
exec_prefix='${prefix}'
host='i386-apple-darwin8.10.1'
host_alias=''
host_cpu='i386'
host_os='darwin8.10.1'
host_vendor='apple'
includedir='${prefix}/include'
infodir='${prefix}/info'
libcrypto_present='1'
libdir='${exec_prefix}/lib'
libexecdir='${exec_prefix}/libexec'
libssl_present='1'
localstatedir='${prefix}/var'
mandir='${prefix}/man'
oldincludedir='/usr/include'
openssl_h_present='1'
prefix='/usr/local'
program_transform_name='s,x,x,'
sbindir='${exec_prefix}/sbin'
sharedstatedir='${prefix}/com'
sysconfdir='${prefix}/etc'
target='i386-apple-darwin8.10.1'
target_alias=''
target_cpu='i386'
target_os='darwin8.10.1'
target_vendor='apple'

## ----------- ##
## confdefs.h. ##
## ----------- ##

#define HAVE_INTTYPES_H 1
#define HAVE_LIBM 1
#define HAVE_LIBPTHREAD 1
#define HAVE_MEMORY_H 1
#define HAVE_STDINT_H 1
#define HAVE_STDLIB_H 1
#define HAVE_STRINGS_H 1
#define HAVE_STRING_H 1
#define HAVE_SYS_STAT_H 1
#define HAVE_SYS_TYPES_H 1
#define HAVE_UNISTD_H 1
#define PACKAGE_BUGREPORT ""
#define PACKAGE_NAME "pjproject"
#define PACKAGE_STRING "pjproject 0.5.10"
#define PACKAGE_TARNAME "pjproject"
#define PACKAGE_VERSION "0.5.10"
#define PJSIP_HAS_TLS_TRANSPORT 1
#define PJ_ATOMIC_VALUE_TYPE long
#define PJ_BLOCKING_CONNECT_ERROR_VAL EINPROGRESS
#define PJ_BLOCKING_ERROR_VAL EAGAIN
#define PJ_DARWINOS 1
#define PJ_EMULATE_RWMUTEX 0
#define PJ_HAS_ARPA_INET_H 1
#define PJ_HAS_ASSERT_H 1
#define PJ_HAS_CTYPE_H 1
#define PJ_HAS_ERRNO_H 1
#define PJ_HAS_ERRNO_VAR 1
#define PJ_HAS_FLOATING_POINT 1
#define PJ_HAS_HIGH_RES_TIMER 1
#define PJ_HAS_MALLOC 1
#define PJ_HAS_NETDB_H 1
#define PJ_HAS_NETINET_IN_H 1
#define PJ_HAS_NETINET_IP_H 1
#define PJ_HAS_SETJMP_H 1
#define PJ_HAS_SOCKLEN_T 1
#define PJ_HAS_SO_ERROR 1
#define PJ_HAS_STDARG_H 1
#define PJ_HAS_STDDEF_H 1
#define PJ_HAS_STDIO_H 1
#define PJ_HAS_STDLIB_H 1
#define PJ_HAS_STRING_H 1
#define PJ_HAS_SYS_IOCTL_H 1
#define PJ_HAS_SYS_SELECT_H 1
#define PJ_HAS_SYS_SOCKET_H 1
#define PJ_HAS_SYS_TIMEB_H 1
#define PJ_HAS_SYS_TIME_H 1
#define PJ_HAS_SYS_TYPES_H 1
#define PJ_HAS_TIME_H 1
#define PJ_HAS_UNISTD_H 1
#define PJ_M_NAME "i386"
#define PJ_NATIVE_STRING_IS_UNICODE 0
#define PJ_OS_NAME "i386-apple-darwin8.10.1"
#define PJ_POOL_ALIGNMENT 4
#define PJ_SELECT_NEEDS_NFDS 0
#define PJ_SOCKADDR_HAS_LEN 1
#define PJ_SOCK_HAS_INET_ATON 1
#define PJ_THREAD_ALLOCATE_STACK 0
#define PJ_THREAD_SET_STACK_SIZE 0
#define STDC_HEADERS 1
#endif
#ifdef __cplusplus
extern "C" void std::exit (int); using std::exit;

aconfigure: exit 0
