This file contains any messages produced by compilers while
running configure, to aid debugging if configure makes a mistake.

It was created by configure, which was
generated by GNU Autoconf 2.59.  Invocation command line was

  $ ./configure --prefix=/tmp/stage --disable-josua --no-create --no-recursion

## --------- ##
## Platform. ##
## --------- ##

hostname = ordinateur-de-daniel-braun-1.local
uname -m = i386
uname -r = 8.10.1
uname -s = Darwin
uname -v = Darwin Kernel Version 8.10.1: Wed May 23 16:33:00 PDT 2007; root:xnu-792.22.5~1/RELEASE_I386

/usr/bin/uname -p = i386
/bin/uname -X     = unknown

/bin/arch              = unknown
/usr/bin/arch -k       = unknown
/usr/convex/getsysinfo = unknown
hostinfo               = Mach kernel version:
	 Darwin Kernel Version 8.10.1: Wed May 23 16:33:00 PDT 2007; root:xnu-792.22.5~1/RELEASE_I386
Kernel configured for up to 2 processors.
2 processors are physically available.
2 processors are logically available.
Processor type: i486 (Intel 80486)
Processors active: 0 1
Primary memory available: 1.00 gigabytes
Default processor set: 108 tasks, 309 threads, 2 processors
Load average: 1.63, Mach factor: 0.71
/bin/machine           = unknown
/usr/bin/oslevel       = unknown
/bin/universe          = unknown

PATH: /Library/Frameworks/Python.framework/Versions/Current/bin
PATH: /usr/local/bin
PATH: /bin
PATH: /sbin
PATH: /usr/bin
PATH: /usr/sbin


## ----------- ##
## Core tests. ##
## ----------- ##

configure:1510: osip                                   The GNU Open SIP library.
configure:1512: Copyright (C) 2001,2002,2003,2004,2005 Aymeric MOIZARD - <jack@atosc.org>
configure:1541: result: Configuring libosip2 2.2.2
configure:1544: result: Building Package on darwin
configure:1590: checking for a BSD-compatible install
configure:1645: result: /usr/bin/install -c
configure:1656: checking whether build environment is sane
configure:1699: result: yes
configure:1756: checking for gawk
configure:1785: result: no
configure:1756: checking for mawk
configure:1785: result: no
configure:1756: checking for nawk
configure:1785: result: no
configure:1756: checking for awk
configure:1772: found /usr/bin/awk
configure:1782: result: awk
configure:1792: checking whether make sets $(MAKE)
configure:1812: result: yes
configure:1999: checking build system type
configure:2017: result: i686-apple-darwin8.10.1
configure:2025: checking host system type
configure:2039: result: i686-apple-darwin8.10.1
configure:2095: checking for gcc
configure:2111: found /usr/bin/gcc
configure:2121: result: gcc
configure:2365: checking for C compiler version
configure:2368: gcc --version </dev/null >&5
i686-apple-darwin8-gcc-4.0.1 (GCC) 4.0.1 (Apple Computer, Inc. build 5370)
Copyright (C) 2005 Free Software Foundation, Inc.
This is free software; see the source for copying conditions.  There is NO
warranty; not even for MERCHANTABILITY or FITNESS FOR A PARTICULAR PURPOSE.

configure:2371: $? = 0
configure:2373: gcc -v </dev/null >&5
Using built-in specs.
Target: i686-apple-darwin8
Configured with: /var/tmp/gcc/gcc-5370~2/src/configure --disable-checking -enable-werror --prefix=/usr --mandir=/share/man --enable-languages=c,objc,c++,obj-c++ --program-transform-name=/^[cg][^.-]*$/s/$/-4.0/ --with-gxx-include-dir=/include/c++/4.0.0 --with-slibdir=/usr/lib --build=powerpc-apple-darwin8 --with-arch=nocona --with-tune=generic --program-prefix= --host=i686-apple-darwin8 --target=i686-apple-darwin8
Thread model: posix
gcc version 4.0.1 (Apple Computer, Inc. build 5370)
configure:2376: $? = 0
configure:2378: gcc -V </dev/null >&5
gcc: argument to `-V' is missing
configure:2381: $? = 1
configure:2404: checking for C compiler default output file name
configure:2407: gcc    conftest.c  >&5
configure:2410: $? = 0
configure:2456: result: a.out
configure:2461: checking whether the C compiler works
configure:2467: ./a.out
configure:2470: $? = 0
configure:2487: result: yes
configure:2494: checking whether we are cross compiling
configure:2496: result: no
configure:2499: checking for suffix of executables
configure:2501: gcc -o conftest    conftest.c  >&5
configure:2504: $? = 0
configure:2529: result: 
configure:2535: checking for suffix of object files
configure:2556: gcc -c   conftest.c >&5
configure:2559: $? = 0
configure:2581: result: o
configure:2585: checking whether we are using the GNU C compiler
configure:2609: gcc -c   conftest.c >&5
configure:2615: $? = 0
configure:2619: test -z 
			 || test ! -s conftest.err
configure:2622: $? = 0
configure:2625: test -s conftest.o
configure:2628: $? = 0
configure:2641: result: yes
configure:2647: checking whether gcc accepts -g
configure:2668: gcc -c -g  conftest.c >&5
configure:2674: $? = 0
configure:2678: test -z 
			 || test ! -s conftest.err
configure:2681: $? = 0
configure:2684: test -s conftest.o
configure:2687: $? = 0
configure:2698: result: yes
configure:2715: checking for gcc option to accept ANSI C
configure:2785: gcc  -c -g -O2  conftest.c >&5
configure:2791: $? = 0
configure:2795: test -z 
			 || test ! -s conftest.err
configure:2798: $? = 0
configure:2801: test -s conftest.o
configure:2804: $? = 0
configure:2822: result: none needed
configure:2840: gcc -c -g -O2  conftest.c >&5
conftest.c:2: error: parse error before 'me'
configure:2846: $? = 1
configure: failed program was:
| #ifndef __cplusplus
|   choke me
| #endif
configure:2990: checking for style of include used by make
configure:3018: result: GNU
configure:3046: checking dependency style of gcc
configure:3136: result: gcc3
configure:3158: checking how to run the C preprocessor
configure:3193: gcc -E  conftest.c
configure:3199: $? = 0
configure:3231: gcc -E  conftest.c
conftest.c:11:28: error: ac_nonexistent.h: No such file or directory
configure:3237: $? = 1
configure: failed program was:
| /* confdefs.h.  */
| 
| #define PACKAGE_NAME ""
| #define PACKAGE_TARNAME ""
| #define PACKAGE_VERSION ""
| #define PACKAGE_STRING ""
| #define PACKAGE_BUGREPORT ""
| #define PACKAGE "libosip2"
| #define VERSION "2.2.2"
| /* end confdefs.h.  */
| #include <ac_nonexistent.h>
configure:3276: result: gcc -E
configure:3300: gcc -E  conftest.c
configure:3306: $? = 0
configure:3338: gcc -E  conftest.c
conftest.c:11:28: error: ac_nonexistent.h: No such file or directory
configure:3344: $? = 1
configure: failed program was:
| /* confdefs.h.  */
| 
| #define PACKAGE_NAME ""
| #define PACKAGE_TARNAME ""
| #define PACKAGE_VERSION ""
| #define PACKAGE_STRING ""
| #define PACKAGE_BUGREPORT ""
| #define PACKAGE "libosip2"
| #define VERSION "2.2.2"
| /* end confdefs.h.  */
| #include <ac_nonexistent.h>
configure:3400: checking for a BSD-compatible install
configure:3455: result: /usr/bin/install -c
configure:3470: checking for a sed that does not truncate output
configure:3524: result: /usr/bin/sed
configure:3599: checking for egrep
configure:3609: result: grep -E
configure:3625: checking for ld used by gcc
configure:3692: result: /usr/libexec/gcc/i686-apple-darwin8/4.0.1/ld
configure:3701: checking if the linker (/usr/libexec/gcc/i686-apple-darwin8/4.0.1/ld) is GNU ld
configure:3716: result: no
configure:3721: checking for /usr/libexec/gcc/i686-apple-darwin8/4.0.1/ld option to reload object files
configure:3728: result: -r
configure:3746: checking for BSD-compatible nm
configure:3788: result: /usr/bin/nm -p
configure:3792: checking whether ln -s works
configure:3796: result: yes
configure:3803: checking how to recognise dependent libraries
configure:3975: result: pass_all
configure:4427: checking for ANSI C header files
configure:4452: gcc -c -g -O2  conftest.c >&5
configure:4458: $? = 0
configure:4462: test -z 
			 || test ! -s conftest.err
configure:4465: $? = 0
configure:4468: test -s conftest.o
configure:4471: $? = 0
configure:4557: gcc -o conftest -g -O2   conftest.c  >&5
conftest.c: In function 'main':
conftest.c:28: warning: incompatible implicit declaration of built-in function 'exit'
configure:4560: $? = 0
configure:4562: ./conftest
configure:4565: $? = 0
configure:4580: result: yes
configure:4604: checking for sys/types.h
configure:4620: gcc -c -g -O2  conftest.c >&5
configure:4626: $? = 0
configure:4630: test -z 
			 || test ! -s conftest.err
configure:4633: $? = 0
configure:4636: test -s conftest.o
configure:4639: $? = 0
configure:4650: result: yes
configure:4604: checking for sys/stat.h
configure:4620: gcc -c -g -O2  conftest.c >&5
configure:4626: $? = 0
configure:4630: test -z 
			 || test ! -s conftest.err
configure:4633: $? = 0
configure:4636: test -s conftest.o
configure:4639: $? = 0
configure:4650: result: yes
configure:4604: checking for stdlib.h
configure:4620: gcc -c -g -O2  conftest.c >&5
configure:4626: $? = 0
configure:4630: test -z 
			 || test ! -s conftest.err
configure:4633: $? = 0
configure:4636: test -s conftest.o
configure:4639: $? = 0
configure:4650: result: yes
configure:4604: checking for string.h
configure:4620: gcc -c -g -O2  conftest.c >&5
configure:4626: $? = 0
configure:4630: test -z 
			 || test ! -s conftest.err
configure:4633: $? = 0
configure:4636: test -s conftest.o
configure:4639: $? = 0
configure:4650: result: yes
configure:4604: checking for memory.h
configure:4620: gcc -c -g -O2  conftest.c >&5
configure:4626: $? = 0
configure:4630: test -z 
			 || test ! -s conftest.err
configure:4633: $? = 0
configure:4636: test -s conftest.o
configure:4639: $? = 0
configure:4650: result: yes
configure:4604: checking for strings.h
configure:4620: gcc -c -g -O2  conftest.c >&5
configure:4626: $? = 0
configure:4630: test -z 
			 || test ! -s conftest.err
configure:4633: $? = 0
configure:4636: test -s conftest.o
configure:4639: $? = 0
configure:4650: result: yes
configure:4604: checking for inttypes.h
configure:4620: gcc -c -g -O2  conftest.c >&5
configure:4626: $? = 0
configure:4630: test -z 
			 || test ! -s conftest.err
configure:4633: $? = 0
configure:4636: test -s conftest.o
configure:4639: $? = 0
configure:4650: result: yes
configure:4604: checking for stdint.h
configure:4620: gcc -c -g -O2  conftest.c >&5
configure:4626: $? = 0
configure:4630: test -z 
			 || test ! -s conftest.err
configure:4633: $? = 0
configure:4636: test -s conftest.o
configure:4639: $? = 0
configure:4650: result: yes
configure:4604: checking for unistd.h
configure:4620: gcc -c -g -O2  conftest.c >&5
configure:4626: $? = 0
configure:4630: test -z 
			 || test ! -s conftest.err
configure:4633: $? = 0
configure:4636: test -s conftest.o
configure:4639: $? = 0
configure:4650: result: yes
configure:4676: checking dlfcn.h usability
configure:4688: gcc -c -g -O2  conftest.c >&5
configure:4694: $? = 0
configure:4698: test -z 
			 || test ! -s conftest.err
configure:4701: $? = 0
configure:4704: test -s conftest.o
configure:4707: $? = 0
configure:4717: result: yes
configure:4721: checking dlfcn.h presence
configure:4731: gcc -E  conftest.c
configure:4737: $? = 0
configure:4757: result: yes
configure:4792: checking for dlfcn.h
configure:4799: result: yes
configure:4864: checking for g++
configure:4880: found /usr/bin/g++
configure:4890: result: g++
configure:4906: checking for C++ compiler version
configure:4909: g++ --version </dev/null >&5
i686-apple-darwin8-g++-4.0.1 (GCC) 4.0.1 (Apple Computer, Inc. build 5370)
Copyright (C) 2005 Free Software Foundation, Inc.
This is free software; see the source for copying conditions.  There is NO
warranty; not even for MERCHANTABILITY or FITNESS FOR A PARTICULAR PURPOSE.

configure:4912: $? = 0
configure:4914: g++ -v </dev/null >&5
Using built-in specs.
Target: i686-apple-darwin8
Configured with: /var/tmp/gcc/gcc-5370~2/src/configure --disable-checking -enable-werror --prefix=/usr --mandir=/share/man --enable-languages=c,objc,c++,obj-c++ --program-transform-name=/^[cg][^.-]*$/s/$/-4.0/ --with-gxx-include-dir=/include/c++/4.0.0 --with-slibdir=/usr/lib --build=powerpc-apple-darwin8 --with-arch=nocona --with-tune=generic --program-prefix= --host=i686-apple-darwin8 --target=i686-apple-darwin8
Thread model: posix
gcc version 4.0.1 (Apple Computer, Inc. build 5370)
configure:4917: $? = 0
configure:4919: g++ -V </dev/null >&5
g++: argument to `-V' is missing
configure:4922: $? = 1
configure:4925: checking whether we are using the GNU C++ compiler
configure:4949: g++ -c   conftest.cc >&5
configure:4955: $? = 0
configure:4959: test -z 
			 || test ! -s conftest.err
configure:4962: $? = 0
configure:4965: test -s conftest.o
configure:4968: $? = 0
configure:4981: result: yes
configure:4987: checking whether g++ accepts -g
configure:5008: g++ -c -g  conftest.cc >&5
configure:5014: $? = 0
configure:5018: test -z 
			 || test ! -s conftest.err
configure:5021: $? = 0
configure:5024: test -s conftest.o
configure:5027: $? = 0
configure:5038: result: yes
configure:5080: g++ -c -g -O2  conftest.cc >&5
configure:5086: $? = 0
configure:5090: test -z 
			 || test ! -s conftest.err
configure:5093: $? = 0
configure:5096: test -s conftest.o
configure:5099: $? = 0
configure:5125: g++ -c -g -O2  conftest.cc >&5
conftest.cc: In function 'int main()':
conftest.cc:26: error: 'exit' was not declared in this scope
configure:5131: $? = 1
configure: failed program was:
| /* confdefs.h.  */
| 
| #define PACKAGE_NAME ""
| #define PACKAGE_TARNAME ""
| #define PACKAGE_VERSION ""
| #define PACKAGE_STRING ""
| #define PACKAGE_BUGREPORT ""
| #define PACKAGE "libosip2"
| #define VERSION "2.2.2"
| #define STDC_HEADERS 1
| #define HAVE_SYS_TYPES_H 1
| #define HAVE_SYS_STAT_H 1
| #define HAVE_STDLIB_H 1
| #define HAVE_STRING_H 1
| #define HAVE_MEMORY_H 1
| #define HAVE_STRINGS_H 1
| #define HAVE_INTTYPES_H 1
| #define HAVE_STDINT_H 1
| #define HAVE_UNISTD_H 1
| #define HAVE_DLFCN_H 1
| /* end confdefs.h.  */
| 
| int
| main ()
| {
| exit (42);
|   ;
|   return 0;
| }
configure:5080: g++ -c -g -O2  conftest.cc >&5
/usr/include/stdlib.h:158: error: declaration of 'void std::exit(int)' throws different exceptions
conftest.cc:22: error: than previous declaration 'void std::exit(int) throw ()'
configure:5086: $? = 1
configure: failed program was:
| /* confdefs.h.  */
| 
| #define PACKAGE_NAME ""
| #define PACKAGE_TARNAME ""
| #define PACKAGE_VERSION ""
| #define PACKAGE_STRING ""
| #define PACKAGE_BUGREPORT ""
| #define PACKAGE "libosip2"
| #define VERSION "2.2.2"
| #define STDC_HEADERS 1
| #define HAVE_SYS_TYPES_H 1
| #define HAVE_SYS_STAT_H 1
| #define HAVE_STDLIB_H 1
| #define HAVE_STRING_H 1
| #define HAVE_MEMORY_H 1
| #define HAVE_STRINGS_H 1
| #define HAVE_INTTYPES_H 1
| #define HAVE_STDINT_H 1
| #define HAVE_UNISTD_H 1
| #define HAVE_DLFCN_H 1
| /* end confdefs.h.  */
| extern "C" void std::exit (int) throw (); using std::exit;
| #include <stdlib.h>
| int
| main ()
| {
| exit (42);
|   ;
|   return 0;
| }
configure:5080: g++ -c -g -O2  conftest.cc >&5
configure:5086: $? = 0
configure:5090: test -z 
			 || test ! -s conftest.err
configure:5093: $? = 0
configure:5096: test -s conftest.o
configure:5099: $? = 0
configure:5125: g++ -c -g -O2  conftest.cc >&5
configure:5131: $? = 0
configure:5135: test -z 
			 || test ! -s conftest.err
configure:5138: $? = 0
configure:5141: test -s conftest.o
configure:5144: $? = 0
configure:5169: checking dependency style of g++
configure:5259: result: gcc3
configure:5286: checking how to run the C++ preprocessor
configure:5317: g++ -E  conftest.cc
configure:5323: $? = 0
configure:5355: g++ -E  conftest.cc
conftest.cc:25:28: error: ac_nonexistent.h: No such file or directory
configure:5361: $? = 1
configure: failed program was:
| /* confdefs.h.  */
| 
| #define PACKAGE_NAME ""
| #define PACKAGE_TARNAME ""
| #define PACKAGE_VERSION ""
| #define PACKAGE_STRING ""
| #define PACKAGE_BUGREPORT ""
| #define PACKAGE "libosip2"
| #define VERSION "2.2.2"
| #define STDC_HEADERS 1
| #define HAVE_SYS_TYPES_H 1
| #define HAVE_SYS_STAT_H 1
| #define HAVE_STDLIB_H 1
| #define HAVE_STRING_H 1
| #define HAVE_MEMORY_H 1
| #define HAVE_STRINGS_H 1
| #define HAVE_INTTYPES_H 1
| #define HAVE_STDINT_H 1
| #define HAVE_UNISTD_H 1
| #define HAVE_DLFCN_H 1
| #ifdef __cplusplus
| extern "C" void std::exit (int); using std::exit;
| #endif
| /* end confdefs.h.  */
| #include <ac_nonexistent.h>
configure:5400: result: g++ -E
configure:5424: g++ -E  conftest.cc
configure:5430: $? = 0
configure:5462: g++ -E  conftest.cc
conftest.cc:25:28: error: ac_nonexistent.h: No such file or directory
configure:5468: $? = 1
configure: failed program was:
| /* confdefs.h.  */
| 
| #define PACKAGE_NAME ""
| #define PACKAGE_TARNAME ""
| #define PACKAGE_VERSION ""
| #define PACKAGE_STRING ""
| #define PACKAGE_BUGREPORT ""
| #define PACKAGE "libosip2"
| #define VERSION "2.2.2"
| #define STDC_HEADERS 1
| #define HAVE_SYS_TYPES_H 1
| #define HAVE_SYS_STAT_H 1
| #define HAVE_STDLIB_H 1
| #define HAVE_STRING_H 1
| #define HAVE_MEMORY_H 1
| #define HAVE_STRINGS_H 1
| #define HAVE_INTTYPES_H 1
| #define HAVE_STDINT_H 1
| #define HAVE_UNISTD_H 1
| #define HAVE_DLFCN_H 1
| #ifdef __cplusplus
| extern "C" void std::exit (int); using std::exit;
| #endif
| /* end confdefs.h.  */
| #include <ac_nonexistent.h>
configure:5565: checking for g77
configure:5594: result: no
configure:5565: checking for f77
configure:5594: result: no
configure:5565: checking for xlf
configure:5594: result: no
configure:5565: checking for frt
configure:5594: result: no
configure:5565: checking for pgf77
configure:5594: result: no
configure:5565: checking for fort77
configure:5594: result: no
configure:5565: checking for fl32
configure:5594: result: no
configure:5565: checking for af77
configure:5594: result: no
configure:5565: checking for f90
configure:5594: result: no
configure:5565: checking for xlf90
configure:5594: result: no
configure:5565: checking for pgf90
configure:5594: result: no
configure:5565: checking for epcf90
configure:5594: result: no
configure:5565: checking for f95
configure:5594: result: no
configure:5565: checking for fort
configure:5594: result: no
configure:5565: checking for xlf95
configure:5594: result: no
configure:5565: checking for ifc
configure:5594: result: no
configure:5565: checking for efc
configure:5594: result: no
configure:5565: checking for pgf95
configure:5594: result: no
configure:5565: checking for lf95
configure:5594: result: no
configure:5565: checking for gfortran
configure:5594: result: no
configure:5609: checking for Fortran 77 compiler version
configure:5609:  --version </dev/null >&5
./configure: line 1: --version: command not found
configure:5612: $? = 127
configure:5614:  -v </dev/null >&5
./configure: line 1: -v: command not found
configure:5617: $? = 127
configure:5619:  -V </dev/null >&5
./configure: line 1: -V: command not found
configure:5622: $? = 127
configure:5630: checking whether we are using the GNU Fortran 77 compiler
configure:5644:  -c  conftest.F >&5
./configure: line 1: -c: command not found
configure:5650: $? = 127
configure: failed program was:
|       program main
| #ifndef __GNUC__
|        choke me
| #endif
| 
|       end
configure:5676: result: no
configure:5682: checking whether  accepts -g
configure:5694:  -c -g conftest.f >&5
./configure: line 1: -c: command not found
configure:5700: $? = 127
configure: failed program was:
|       program main
| 
|       end
configure:5725: result: no
configure:5755: checking the maximum length of command line arguments
configure:5847: result: 196608
configure:5858: checking command to parse /usr/bin/nm -p output from gcc object
configure:5954: gcc -c -g -O2  conftest.c >&5
configure:5957: $? = 0
configure:5961: /usr/bin/nm -p conftest.o \| sed -n -e 's/^.*[ 	]\([BCDEGRST][BCDEGRST]*\)[ 	][ 	]*\([_A-Za-z][_A-Za-z0-9]*\)$/\1 \2 \2/p' \> conftest.nm
configure:5964: $? = 0
cannot find nm_test_var in conftest.nm
configure:5954: gcc -c -g -O2  conftest.c >&5
configure:5957: $? = 0
configure:5961: /usr/bin/nm -p conftest.o \| sed -n -e 's/^.*[ 	]\([BCDEGRST][BCDEGRST]*\)[ 	][ 	]*_\([_A-Za-z][_A-Za-z0-9]*\)$/\1 _\2 \2/p' \> conftest.nm
configure:5964: $? = 0
configure:6016: gcc -o conftest -g -O2   conftest.c conftstm.o >&5
configure:6019: $? = 0
configure:6057: result: ok
configure:6061: checking for objdir
configure:6076: result: .libs
configure:6166: checking for ar
configure:6182: found /usr/bin/ar
configure:6193: result: ar
configure:6246: checking for ranlib
configure:6262: found /usr/bin/ranlib
configure:6273: result: ranlib
configure:6326: checking for strip
configure:6342: found /usr/bin/strip
configure:6353: result: strip
configure:6640: checking if gcc static flag  works
configure:6668: result: yes
configure:6686: checking if gcc supports -fno-rtti -fno-exceptions
configure:6707: gcc -c -g -O2  -fno-rtti -fno-exceptions conftest.c >&5
cc1: warning: command line option "-fno-rtti" is valid for C++/ObjC++ but not for C
configure:6711: $? = 0
configure:6721: result: no
configure:6736: checking for gcc option to produce PIC
configure:6940: result: -fno-common
configure:6948: checking if gcc PIC flag -fno-common works
configure:6969: gcc -c -g -O2  -fno-common -DPIC conftest.c >&5
configure:6973: $? = 0
configure:6983: result: yes
configure:7007: checking if gcc supports -c -o file.o
configure:7031: gcc -c -g -O2  -o out/conftest2.o conftest.c >&5
configure:7035: $? = 0
configure:7054: result: yes
configure:7080: checking whether the gcc linker (/usr/libexec/gcc/i686-apple-darwin8/4.0.1/ld) supports shared libraries
configure:7977: result: yes
configure:8048: checking dynamic linker characteristics
configure:8614: result: darwin8.10.1 dyld
configure:8618: checking how to hardcode library paths into programs
configure:8643: result: immediate
configure:8657: checking whether stripping libraries is possible
configure:8670: result: yes
configure:9492: checking if libtool supports shared libraries
configure:9494: result: yes
configure:9497: checking whether to build shared libraries
configure:9518: result: yes
configure:9521: checking whether to build static libraries
configure:9525: result: yes
configure:9617: creating libtool
configure:10195: checking for ld used by g++
configure:10262: result: /usr/libexec/gcc/i686-apple-darwin8/4.0.1/ld
configure:10271: checking if the linker (/usr/libexec/gcc/i686-apple-darwin8/4.0.1/ld) is GNU ld
configure:10286: result: no
configure:10337: checking whether the g++ linker (/usr/libexec/gcc/i686-apple-darwin8/4.0.1/ld) supports shared libraries
configure:11217: result: yes
configure:11235: g++ -c -g -O2  conftest.cpp >&5
configure:11238: $? = 0
configure:11348: checking for g++ option to produce PIC
configure:11616: result: -fno-common
configure:11624: checking if g++ PIC flag -fno-common works
configure:11645: g++ -c -g -O2  -fno-common -DPIC conftest.cpp >&5
configure:11649: $? = 0
configure:11659: result: yes
configure:11683: checking if g++ supports -c -o file.o
configure:11707: g++ -c -g -O2  -o out/conftest2.o conftest.cpp >&5
configure:11711: $? = 0
configure:11730: result: yes
configure:11756: checking whether the g++ linker (/usr/libexec/gcc/i686-apple-darwin8/4.0.1/ld) supports shared libraries
configure:11784: result: yes
configure:11855: checking dynamic linker characteristics
configure:12421: result: darwin8.10.1 dyld
configure:12425: checking how to hardcode library paths into programs
configure:12450: result: immediate
configure:12464: checking whether stripping libraries is possible
configure:12477: result: yes
configure:20253: checking for the pthreads library -lpthreads
configure:20291: gcc -o conftest -g -O2    conftest.c -lpthreads  >&5
/usr/libexec/gcc/i686-apple-darwin8/4.0.1/ld: can't locate file for: -lpthreads
collect2: ld returned 1 exit status
configure:20297: $? = 1
configure: failed program was:
| /* confdefs.h.  */
| 
| #define PACKAGE_NAME ""
| #define PACKAGE_TARNAME ""
| #define PACKAGE_VERSION ""
| #define PACKAGE_STRING ""
| #define PACKAGE_BUGREPORT ""
| #define PACKAGE "libosip2"
| #define VERSION "2.2.2"
| #define STDC_HEADERS 1
| #define HAVE_SYS_TYPES_H 1
| #define HAVE_SYS_STAT_H 1
| #define HAVE_STDLIB_H 1
| #define HAVE_STRING_H 1
| #define HAVE_MEMORY_H 1
| #define HAVE_STRINGS_H 1
| #define HAVE_INTTYPES_H 1
| #define HAVE_STDINT_H 1
| #define HAVE_UNISTD_H 1
| #define HAVE_DLFCN_H 1
| #ifdef __cplusplus
| extern "C" void std::exit (int); using std::exit;
| #endif
| /* end confdefs.h.  */
| #include <pthread.h>
| int
| main ()
| {
| pthread_t th; pthread_join(th, 0);
|                      pthread_attr_init(0); pthread_cleanup_push(0, 0);
|                      pthread_create(0,0,0,0); pthread_cleanup_pop(0);
|   ;
|   return 0;
| }
configure:20324: result: no
configure:20242: checking whether pthreads work without any flags
configure:20291: gcc -o conftest -g -O2    conftest.c   >&5
configure:20297: $? = 0
configure:20301: test -z 
			 || test ! -s conftest.err
configure:20304: $? = 0
configure:20307: test -s conftest
configure:20310: $? = 0
configure:20324: result: yes
configure:20344: checking for joinable pthread attribute
configure:20362: gcc -o conftest -g -O2    conftest.c   >&5
configure:20368: $? = 0
configure:20372: test -z 
			 || test ! -s conftest.err
configure:20375: $? = 0
configure:20378: test -s conftest
configure:20381: $? = 0
configure:20447: result: PTHREAD_CREATE_JOINABLE
configure:20454: checking if more special flags are required for pthreads
configure:20461: result: no
configure:20473: checking for cc_r
configure:20500: result: gcc
configure:20866: checking semaphore.h usability
configure:20878: gcc -c -g -O2  conftest.c >&5
configure:20884: $? = 0
configure:20888: test -z 
			 || test ! -s conftest.err
configure:20891: $? = 0
configure:20894: test -s conftest.o
configure:20897: $? = 0
configure:20907: result: yes
configure:20911: checking semaphore.h presence
configure:20921: gcc -E  conftest.c
configure:20927: $? = 0
configure:20947: result: yes
configure:20982: checking for semaphore.h
configure:20989: result: yes
configure:21016: checking sys/sem.h usability
configure:21028: gcc -c -g -O2  conftest.c >&5
configure:21034: $? = 0
configure:21038: test -z 
			 || test ! -s conftest.err
configure:21041: $? = 0
configure:21044: test -s conftest.o
configure:21047: $? = 0
configure:21057: result: yes
configure:21061: checking sys/sem.h presence
configure:21071: gcc -E  conftest.c
configure:21077: $? = 0
configure:21097: result: yes
configure:21132: checking for sys/sem.h
configure:21139: result: yes
configure:21355: checking for sem_open in -lposix4
configure:21385: gcc -o conftest -g    conftest.c -lposix4   >&5
/usr/libexec/gcc/i686-apple-darwin8/4.0.1/ld: can't locate file for: -lposix4
collect2: ld returned 1 exit status
configure:21391: $? = 1
configure: failed program was:
| /* confdefs.h.  */
| 
| #define PACKAGE_NAME ""
| #define PACKAGE_TARNAME ""
| #define PACKAGE_VERSION ""
| #define PACKAGE_STRING ""
| #define PACKAGE_BUGREPORT ""
| #define PACKAGE "libosip2"
| #define VERSION "2.2.2"
| #define STDC_HEADERS 1
| #define HAVE_SYS_TYPES_H 1
| #define HAVE_SYS_STAT_H 1
| #define HAVE_STDLIB_H 1
| #define HAVE_STRING_H 1
| #define HAVE_MEMORY_H 1
| #define HAVE_STRINGS_H 1
| #define HAVE_INTTYPES_H 1
| #define HAVE_STDINT_H 1
| #define HAVE_UNISTD_H 1
| #define HAVE_DLFCN_H 1
| #ifdef __cplusplus
| extern "C" void std::exit (int); using std::exit;
| #endif
| #define HAVE_PTHREAD 1
| #define HAVE_SEMAPHORE_H 1
| #define HAVE_SYS_SEM_H 1
| /* end confdefs.h.  */
| 
| /* Override any gcc2 internal prototype to avoid an error.  */
| #ifdef __cplusplus
| extern "C"
| #endif
| /* We use char because int might match the return type of a gcc2
|    builtin and then its argument prototype would still apply.  */
| char sem_open ();
| int
| main ()
| {
| sem_open ();
|   ;
|   return 0;
| }
configure:21417: result: no
configure:21423: checking for nis_add in -lnsl
configure:21453: gcc -o conftest -g    conftest.c -lnsl   >&5
/usr/libexec/gcc/i686-apple-darwin8/4.0.1/ld: can't locate file for: -lnsl
collect2: ld returned 1 exit status
configure:21459: $? = 1
configure: failed program was:
| /* confdefs.h.  */
| 
| #define PACKAGE_NAME ""
| #define PACKAGE_TARNAME ""
| #define PACKAGE_VERSION ""
| #define PACKAGE_STRING ""
| #define PACKAGE_BUGREPORT ""
| #define PACKAGE "libosip2"
| #define VERSION "2.2.2"
| #define STDC_HEADERS 1
| #define HAVE_SYS_TYPES_H 1
| #define HAVE_SYS_STAT_H 1
| #define HAVE_STDLIB_H 1
| #define HAVE_STRING_H 1
| #define HAVE_MEMORY_H 1
| #define HAVE_STRINGS_H 1
| #define HAVE_INTTYPES_H 1
| #define HAVE_STDINT_H 1
| #define HAVE_UNISTD_H 1
| #define HAVE_DLFCN_H 1
| #ifdef __cplusplus
| extern "C" void std::exit (int); using std::exit;
| #endif
| #define HAVE_PTHREAD 1
| #define HAVE_SEMAPHORE_H 1
| #define HAVE_SYS_SEM_H 1
| /* end confdefs.h.  */
| 
| /* Override any gcc2 internal prototype to avoid an error.  */
| #ifdef __cplusplus
| extern "C"
| #endif
| /* We use char because int might match the return type of a gcc2
|    builtin and then its argument prototype would still apply.  */
| char nis_add ();
| int
| main ()
| {
| nis_add ();
|   ;
|   return 0;
| }
configure:21485: result: no
configure:21491: checking for sendto in -lsocket
configure:21521: gcc -o conftest -g    conftest.c -lsocket   >&5
/usr/libexec/gcc/i686-apple-darwin8/4.0.1/ld: can't locate file for: -lsocket
collect2: ld returned 1 exit status
configure:21527: $? = 1
configure: failed program was:
| /* confdefs.h.  */
| 
| #define PACKAGE_NAME ""
| #define PACKAGE_TARNAME ""
| #define PACKAGE_VERSION ""
| #define PACKAGE_STRING ""
| #define PACKAGE_BUGREPORT ""
| #define PACKAGE "libosip2"
| #define VERSION "2.2.2"
| #define STDC_HEADERS 1
| #define HAVE_SYS_TYPES_H 1
| #define HAVE_SYS_STAT_H 1
| #define HAVE_STDLIB_H 1
| #define HAVE_STRING_H 1
| #define HAVE_MEMORY_H 1
| #define HAVE_STRINGS_H 1
| #define HAVE_INTTYPES_H 1
| #define HAVE_STDINT_H 1
| #define HAVE_UNISTD_H 1
| #define HAVE_DLFCN_H 1
| #ifdef __cplusplus
| extern "C" void std::exit (int); using std::exit;
| #endif
| #define HAVE_PTHREAD 1
| #define HAVE_SEMAPHORE_H 1
| #define HAVE_SYS_SEM_H 1
| /* end confdefs.h.  */
| 
| /* Override any gcc2 internal prototype to avoid an error.  */
| #ifdef __cplusplus
| extern "C"
| #endif
| /* We use char because int might match the return type of a gcc2
|    builtin and then its argument prototype would still apply.  */
| char sendto ();
| int
| main ()
| {
| sendto ();
|   ;
|   return 0;
| }
configure:21553: result: no
configure:21559: checking for lrand48 in -lc
configure:21589: gcc -o conftest -g    conftest.c -lc   >&5
configure:21595: $? = 0
configure:21599: test -z 
			 || test ! -s conftest.err
configure:21602: $? = 0
configure:21605: test -s conftest
configure:21608: $? = 0
configure:21621: result: yes
configure:21632: checking whether -Wall works
configure:21656: gcc -c -g  -Wall conftest.c >&5
configure:21662: $? = 0
configure:21666: test -z 
			 || test ! -s conftest.err
configure:21669: $? = 0
configure:21672: test -s conftest.o
configure:21675: $? = 0
configure:21688: result: yes
configure:21695: checking whether -Wcast-align works
configure:21719: gcc -c -g  -Wcast-align conftest.c >&5
configure:21725: $? = 0
configure:21729: test -z 
			 || test ! -s conftest.err
configure:21732: $? = 0
configure:21735: test -s conftest.o
configure:21738: $? = 0
configure:21751: result: yes
configure:21758: checking whether -Wchar-subscripts works
configure:21782: gcc -c -g  -Wchar-subscripts conftest.c >&5
configure:21788: $? = 0
configure:21792: test -z 
			 || test ! -s conftest.err
configure:21795: $? = 0
configure:21798: test -s conftest.o
configure:21801: $? = 0
configure:21814: result: yes
configure:21821: checking whether -Wformat works
configure:21845: gcc -c -g  -Wformat conftest.c >&5
configure:21851: $? = 0
configure:21855: test -z 
			 || test ! -s conftest.err
configure:21858: $? = 0
configure:21861: test -s conftest.o
configure:21864: $? = 0
configure:21877: result: yes
configure:21884: checking whether -Winline works
configure:21908: gcc -c -g  -Winline conftest.c >&5
configure:21914: $? = 0
configure:21918: test -z 
			 || test ! -s conftest.err
configure:21921: $? = 0
configure:21924: test -s conftest.o
configure:21927: $? = 0
configure:21940: result: yes
configure:21947: checking whether -Wmissing-declarations works
configure:21971: gcc -c -g  -Wmissing-declarations conftest.c >&5
configure:21977: $? = 0
configure:21981: test -z 
			 || test ! -s conftest.err
configure:21984: $? = 0
configure:21987: test -s conftest.o
configure:21990: $? = 0
configure:22003: result: yes
configure:22010: checking whether -Wmissing-prototypes works
configure:22034: gcc -c -g  -Wmissing-prototypes conftest.c >&5
configure:22040: $? = 0
configure:22044: test -z 
			 || test ! -s conftest.err
configure:22047: $? = 0
configure:22050: test -s conftest.o
configure:22053: $? = 0
configure:22066: result: yes
configure:22073: checking whether -Wnested-externs works
configure:22097: gcc -c -g  -Wnested-externs conftest.c >&5
configure:22103: $? = 0
configure:22107: test -z 
			 || test ! -s conftest.err
configure:22110: $? = 0
configure:22113: test -s conftest.o
configure:22116: $? = 0
configure:22129: result: yes
configure:22136: checking whether -Wpointer-arith works
configure:22160: gcc -c -g  -Wpointer-arith conftest.c >&5
configure:22166: $? = 0
configure:22170: test -z 
			 || test ! -s conftest.err
configure:22173: $? = 0
configure:22176: test -s conftest.o
configure:22179: $? = 0
configure:22192: result: yes
configure:22212: checking for ANSI C header files
configure:22365: result: yes
configure:22380: checking for string.h
configure:22385: result: yes
configure:22530: checking for strings.h
configure:22535: result: yes
configure:22680: checking for stdlib.h
configure:22685: result: yes
configure:22830: checking for unistd.h
configure:22835: result: yes
configure:22980: checking for sys/types.h
configure:22985: result: yes
configure:23140: checking sys/unistd.h usability
configure:23152: gcc -c -g   -Wall -Wcast-align -Wchar-subscripts -Wformat -Winline -Wmissing-declarations -Wmissing-prototypes -Wnested-externs -Wpointer-arith conftest.c >&5
configure:23158: $? = 0
configure:23162: test -z 
			 || test ! -s conftest.err
configure:23165: $? = 0
configure:23168: test -s conftest.o
configure:23171: $? = 0
configure:23181: result: yes
configure:23185: checking sys/unistd.h presence
configure:23195: gcc -E  -Wall -Wcast-align -Wchar-subscripts -Wformat -Winline -Wmissing-declarations -Wmissing-prototypes -Wnested-externs -Wpointer-arith conftest.c
configure:23201: $? = 0
configure:23221: result: yes
configure:23256: checking for sys/unistd.h
configure:23263: result: yes
configure:23290: checking syslog.h usability
configure:23302: gcc -c -g   -Wall -Wcast-align -Wchar-subscripts -Wformat -Winline -Wmissing-declarations -Wmissing-prototypes -Wnested-externs -Wpointer-arith conftest.c >&5
configure:23308: $? = 0
configure:23312: test -z 
			 || test ! -s conftest.err
configure:23315: $? = 0
configure:23318: test -s conftest.o
configure:23321: $? = 0
configure:23331: result: yes
configure:23335: checking syslog.h presence
configure:23345: gcc -E  -Wall -Wcast-align -Wchar-subscripts -Wformat -Winline -Wmissing-declarations -Wmissing-prototypes -Wnested-externs -Wpointer-arith conftest.c
configure:23351: $? = 0
configure:23371: result: yes
configure:23406: checking for syslog.h
configure:23413: result: yes
configure:23440: checking ctype.h usability
configure:23452: gcc -c -g   -Wall -Wcast-align -Wchar-subscripts -Wformat -Winline -Wmissing-declarations -Wmissing-prototypes -Wnested-externs -Wpointer-arith conftest.c >&5
configure:23458: $? = 0
configure:23462: test -z 
			 || test ! -s conftest.err
configure:23465: $? = 0
configure:23468: test -s conftest.o
configure:23471: $? = 0
configure:23481: result: yes
configure:23485: checking ctype.h presence
configure:23495: gcc -E  -Wall -Wcast-align -Wchar-subscripts -Wformat -Winline -Wmissing-declarations -Wmissing-prototypes -Wnested-externs -Wpointer-arith conftest.c
configure:23501: $? = 0
configure:23521: result: yes
configure:23556: checking for ctype.h
configure:23563: result: yes
configure:23590: checking stdio.h usability
configure:23602: gcc -c -g   -Wall -Wcast-align -Wchar-subscripts -Wformat -Winline -Wmissing-declarations -Wmissing-prototypes -Wnested-externs -Wpointer-arith conftest.c >&5
configure:23608: $? = 0
configure:23612: test -z 
			 || test ! -s conftest.err
configure:23615: $? = 0
configure:23618: test -s conftest.o
configure:23621: $? = 0
configure:23631: result: yes
configure:23635: checking stdio.h presence
configure:23645: gcc -E  -Wall -Wcast-align -Wchar-subscripts -Wformat -Winline -Wmissing-declarations -Wmissing-prototypes -Wnested-externs -Wpointer-arith conftest.c
configure:23651: $? = 0
configure:23671: result: yes
configure:23706: checking for stdio.h
configure:23713: result: yes
configure:23740: checking stdarg.h usability
configure:23752: gcc -c -g   -Wall -Wcast-align -Wchar-subscripts -Wformat -Winline -Wmissing-declarations -Wmissing-prototypes -Wnested-externs -Wpointer-arith conftest.c >&5
configure:23758: $? = 0
configure:23762: test -z 
			 || test ! -s conftest.err
configure:23765: $? = 0
configure:23768: test -s conftest.o
configure:23771: $? = 0
configure:23781: result: yes
configure:23785: checking stdarg.h presence
configure:23795: gcc -E  -Wall -Wcast-align -Wchar-subscripts -Wformat -Winline -Wmissing-declarations -Wmissing-prototypes -Wnested-externs -Wpointer-arith conftest.c
configure:23801: $? = 0
configure:23821: result: yes
configure:23856: checking for stdarg.h
configure:23863: result: yes
configure:23890: checking varargs.h usability
configure:23902: gcc -c -g   -Wall -Wcast-align -Wchar-subscripts -Wformat -Winline -Wmissing-declarations -Wmissing-prototypes -Wnested-externs -Wpointer-arith conftest.c >&5
In file included from conftest.c:74:
/usr/lib/gcc/i686-apple-darwin8/4.0.1/include/varargs.h:4:2: error: #error "GCC no longer implements <varargs.h>."
/usr/lib/gcc/i686-apple-darwin8/4.0.1/include/varargs.h:5:2: error: #error "Revise your code to use <stdarg.h>."
configure:23908: $? = 1
configure: failed program was:
| /* confdefs.h.  */
| 
| #define PACKAGE_NAME ""
| #define PACKAGE_TARNAME ""
| #define PACKAGE_VERSION ""
| #define PACKAGE_STRING ""
| #define PACKAGE_BUGREPORT ""
| #define PACKAGE "libosip2"
| #define VERSION "2.2.2"
| #define STDC_HEADERS 1
| #define HAVE_SYS_TYPES_H 1
| #define HAVE_SYS_STAT_H 1
| #define HAVE_STDLIB_H 1
| #define HAVE_STRING_H 1
| #define HAVE_MEMORY_H 1
| #define HAVE_STRINGS_H 1
| #define HAVE_INTTYPES_H 1
| #define HAVE_STDINT_H 1
| #define HAVE_UNISTD_H 1
| #define HAVE_DLFCN_H 1
| #ifdef __cplusplus
| extern "C" void std::exit (int); using std::exit;
| #endif
| #define HAVE_PTHREAD 1
| #define HAVE_SEMAPHORE_H 1
| #define HAVE_SYS_SEM_H 1
| #define HAVE_LRAND48
| #define STDC_HEADERS 1
| #define HAVE_STRING_H 1
| #define HAVE_STRINGS_H 1
| #define HAVE_STDLIB_H 1
| #define HAVE_UNISTD_H 1
| #define HAVE_SYS_TYPES_H 1
| #define HAVE_SYS_UNISTD_H 1
| #define HAVE_SYSLOG_H 1
| #define HAVE_CTYPE_H 1
| #define HAVE_STDIO_H 1
| #define HAVE_STDARG_H 1
| /* end confdefs.h.  */
| #include <stdio.h>
| #if HAVE_SYS_TYPES_H
| # include <sys/types.h>
| #endif
| #if HAVE_SYS_STAT_H
| # include <sys/stat.h>
| #endif
| #if STDC_HEADERS
| # include <stdlib.h>
| # include <stddef.h>
| #else
| # if HAVE_STDLIB_H
| #  include <stdlib.h>
| # endif
| #endif
| #if HAVE_STRING_H
| # if !STDC_HEADERS && HAVE_MEMORY_H
| #  include <memory.h>
| # endif
| # include <string.h>
| #endif
| #if HAVE_STRINGS_H
| # include <strings.h>
| #endif
| #if HAVE_INTTYPES_H
| # include <inttypes.h>
| #else
| # if HAVE_STDINT_H
| #  include <stdint.h>
| # endif
| #endif
| #if HAVE_UNISTD_H
| # include <unistd.h>
| #endif
| #include <varargs.h>
configure:23931: result: no
configure:23935: checking varargs.h presence
configure:23945: gcc -E  -Wall -Wcast-align -Wchar-subscripts -Wformat -Winline -Wmissing-declarations -Wmissing-prototypes -Wnested-externs -Wpointer-arith conftest.c
In file included from conftest.c:40:
/usr/lib/gcc/i686-apple-darwin8/4.0.1/include/varargs.h:4:2: error: #error "GCC no longer implements <varargs.h>."
/usr/lib/gcc/i686-apple-darwin8/4.0.1/include/varargs.h:5:2: error: #error "Revise your code to use <stdarg.h>."
configure:23951: $? = 1
configure: failed program was:
| /* confdefs.h.  */
| 
| #define PACKAGE_NAME ""
| #define PACKAGE_TARNAME ""
| #define PACKAGE_VERSION ""
| #define PACKAGE_STRING ""
| #define PACKAGE_BUGREPORT ""
| #define PACKAGE "libosip2"
| #define VERSION "2.2.2"
| #define STDC_HEADERS 1
| #define HAVE_SYS_TYPES_H 1
| #define HAVE_SYS_STAT_H 1
| #define HAVE_STDLIB_H 1
| #define HAVE_STRING_H 1
| #define HAVE_MEMORY_H 1
| #define HAVE_STRINGS_H 1
| #define HAVE_INTTYPES_H 1
| #define HAVE_STDINT_H 1
| #define HAVE_UNISTD_H 1
| #define HAVE_DLFCN_H 1
| #ifdef __cplusplus
| extern "C" void std::exit (int); using std::exit;
| #endif
| #define HAVE_PTHREAD 1
| #define HAVE_SEMAPHORE_H 1
| #define HAVE_SYS_SEM_H 1
| #define HAVE_LRAND48
| #define STDC_HEADERS 1
| #define HAVE_STRING_H 1
| #define HAVE_STRINGS_H 1
| #define HAVE_STDLIB_H 1
| #define HAVE_UNISTD_H 1
| #define HAVE_SYS_TYPES_H 1
| #define HAVE_SYS_UNISTD_H 1
| #define HAVE_SYSLOG_H 1
| #define HAVE_CTYPE_H 1
| #define HAVE_STDIO_H 1
| #define HAVE_STDARG_H 1
| /* end confdefs.h.  */
| #include <varargs.h>
configure:23971: result: no
configure:24006: checking for varargs.h
configure:24013: result: no
configure:24040: checking fcntl.h usability
configure:24052: gcc -c -g   -Wall -Wcast-align -Wchar-subscripts -Wformat -Winline -Wmissing-declarations -Wmissing-prototypes -Wnested-externs -Wpointer-arith conftest.c >&5
configure:24058: $? = 0
configure:24062: test -z 
			 || test ! -s conftest.err
configure:24065: $? = 0
configure:24068: test -s conftest.o
configure:24071: $? = 0
configure:24081: result: yes
configure:24085: checking fcntl.h presence
configure:24095: gcc -E  -Wall -Wcast-align -Wchar-subscripts -Wformat -Winline -Wmissing-declarations -Wmissing-prototypes -Wnested-externs -Wpointer-arith conftest.c
configure:24101: $? = 0
configure:24121: result: yes
configure:24156: checking for fcntl.h
configure:24163: result: yes
configure:24190: checking time.h usability
configure:24202: gcc -c -g   -Wall -Wcast-align -Wchar-subscripts -Wformat -Winline -Wmissing-declarations -Wmissing-prototypes -Wnested-externs -Wpointer-arith conftest.c >&5
configure:24208: $? = 0
configure:24212: test -z 
			 || test ! -s conftest.err
configure:24215: $? = 0
configure:24218: test -s conftest.o
configure:24221: $? = 0
configure:24231: result: yes
configure:24235: checking time.h presence
configure:24245: gcc -E  -Wall -Wcast-align -Wchar-subscripts -Wformat -Winline -Wmissing-declarations -Wmissing-prototypes -Wnested-externs -Wpointer-arith conftest.c
configure:24251: $? = 0
configure:24271: result: yes
configure:24306: checking for time.h
configure:24313: result: yes
configure:24340: checking sys/time.h usability
configure:24352: gcc -c -g   -Wall -Wcast-align -Wchar-subscripts -Wformat -Winline -Wmissing-declarations -Wmissing-prototypes -Wnested-externs -Wpointer-arith conftest.c >&5
configure:24358: $? = 0
configure:24362: test -z 
			 || test ! -s conftest.err
configure:24365: $? = 0
configure:24368: test -s conftest.o
configure:24371: $? = 0
configure:24381: result: yes
configure:24385: checking sys/time.h presence
configure:24395: gcc -E  -Wall -Wcast-align -Wchar-subscripts -Wformat -Winline -Wmissing-declarations -Wmissing-prototypes -Wnested-externs -Wpointer-arith conftest.c
configure:24401: $? = 0
configure:24421: result: yes
configure:24456: checking for sys/time.h
configure:24463: result: yes
configure:24490: checking sys/select.h usability
configure:24502: gcc -c -g   -Wall -Wcast-align -Wchar-subscripts -Wformat -Winline -Wmissing-declarations -Wmissing-prototypes -Wnested-externs -Wpointer-arith conftest.c >&5
configure:24508: $? = 0
configure:24512: test -z 
			 || test ! -s conftest.err
configure:24515: $? = 0
configure:24518: test -s conftest.o
configure:24521: $? = 0
configure:24531: result: yes
configure:24535: checking sys/select.h presence
configure:24545: gcc -E  -Wall -Wcast-align -Wchar-subscripts -Wformat -Winline -Wmissing-declarations -Wmissing-prototypes -Wnested-externs -Wpointer-arith conftest.c
configure:24551: $? = 0
configure:24571: result: yes
configure:24606: checking for sys/select.h
configure:24613: result: yes
configure:24640: checking assert.h usability
configure:24652: gcc -c -g   -Wall -Wcast-align -Wchar-subscripts -Wformat -Winline -Wmissing-declarations -Wmissing-prototypes -Wnested-externs -Wpointer-arith conftest.c >&5
configure:24658: $? = 0
configure:24662: test -z 
			 || test ! -s conftest.err
configure:24665: $? = 0
configure:24668: test -s conftest.o
configure:24671: $? = 0
configure:24681: result: yes
configure:24685: checking assert.h presence
configure:24695: gcc -E  -Wall -Wcast-align -Wchar-subscripts -Wformat -Winline -Wmissing-declarations -Wmissing-prototypes -Wnested-externs -Wpointer-arith conftest.c
configure:24701: $? = 0
configure:24721: result: yes
configure:24756: checking for assert.h
configure:24763: result: yes
configure:24790: checking signal.h usability
configure:24802: gcc -c -g   -Wall -Wcast-align -Wchar-subscripts -Wformat -Winline -Wmissing-declarations -Wmissing-prototypes -Wnested-externs -Wpointer-arith conftest.c >&5
configure:24808: $? = 0
configure:24812: test -z 
			 || test ! -s conftest.err
configure:24815: $? = 0
configure:24818: test -s conftest.o
configure:24821: $? = 0
configure:24831: result: yes
configure:24835: checking signal.h presence
configure:24845: gcc -E  -Wall -Wcast-align -Wchar-subscripts -Wformat -Winline -Wmissing-declarations -Wmissing-prototypes -Wnested-externs -Wpointer-arith conftest.c
configure:24851: $? = 0
configure:24871: result: yes
configure:24906: checking for signal.h
configure:24913: result: yes
configure:24940: checking sys/signal.h usability
configure:24952: gcc -c -g   -Wall -Wcast-align -Wchar-subscripts -Wformat -Winline -Wmissing-declarations -Wmissing-prototypes -Wnested-externs -Wpointer-arith conftest.c >&5
configure:24958: $? = 0
configure:24962: test -z 
			 || test ! -s conftest.err
configure:24965: $? = 0
configure:24968: test -s conftest.o
configure:24971: $? = 0
configure:24981: result: yes
configure:24985: checking sys/signal.h presence
configure:24995: gcc -E  -Wall -Wcast-align -Wchar-subscripts -Wformat -Winline -Wmissing-declarations -Wmissing-prototypes -Wnested-externs -Wpointer-arith conftest.c
configure:25001: $? = 0
configure:25021: result: yes
configure:25056: checking for sys/signal.h
configure:25063: result: yes
configure:25090: checking malloc.h usability
configure:25102: gcc -c -g   -Wall -Wcast-align -Wchar-subscripts -Wformat -Winline -Wmissing-declarations -Wmissing-prototypes -Wnested-externs -Wpointer-arith conftest.c >&5
conftest.c:81:20: error: malloc.h: No such file or directory
configure:25108: $? = 1
configure: failed program was:
| /* confdefs.h.  */
| 
| #define PACKAGE_NAME ""
| #define PACKAGE_TARNAME ""
| #define PACKAGE_VERSION ""
| #define PACKAGE_STRING ""
| #define PACKAGE_BUGREPORT ""
| #define PACKAGE "libosip2"
| #define VERSION "2.2.2"
| #define STDC_HEADERS 1
| #define HAVE_SYS_TYPES_H 1
| #define HAVE_SYS_STAT_H 1
| #define HAVE_STDLIB_H 1
| #define HAVE_STRING_H 1
| #define HAVE_MEMORY_H 1
| #define HAVE_STRINGS_H 1
| #define HAVE_INTTYPES_H 1
| #define HAVE_STDINT_H 1
| #define HAVE_UNISTD_H 1
| #define HAVE_DLFCN_H 1
| #ifdef __cplusplus
| extern "C" void std::exit (int); using std::exit;
| #endif
| #define HAVE_PTHREAD 1
| #define HAVE_SEMAPHORE_H 1
| #define HAVE_SYS_SEM_H 1
| #define HAVE_LRAND48
| #define STDC_HEADERS 1
| #define HAVE_STRING_H 1
| #define HAVE_STRINGS_H 1
| #define HAVE_STDLIB_H 1
| #define HAVE_UNISTD_H 1
| #define HAVE_SYS_TYPES_H 1
| #define HAVE_SYS_UNISTD_H 1
| #define HAVE_SYSLOG_H 1
| #define HAVE_CTYPE_H 1
| #define HAVE_STDIO_H 1
| #define HAVE_STDARG_H 1
| #define HAVE_FCNTL_H 1
| #define HAVE_TIME_H 1
| #define HAVE_SYS_TIME_H 1
| #define HAVE_SYS_SELECT_H 1
| #define HAVE_ASSERT_H 1
| #define HAVE_SIGNAL_H 1
| #define HAVE_SYS_SIGNAL_H 1
| /* end confdefs.h.  */
| #include <stdio.h>
| #if HAVE_SYS_TYPES_H
| # include <sys/types.h>
| #endif
| #if HAVE_SYS_STAT_H
| # include <sys/stat.h>
| #endif
| #if STDC_HEADERS
| # include <stdlib.h>
| # include <stddef.h>
| #else
| # if HAVE_STDLIB_H
| #  include <stdlib.h>
| # endif
| #endif
| #if HAVE_STRING_H
| # if !STDC_HEADERS && HAVE_MEMORY_H
| #  include <memory.h>
| # endif
| # include <string.h>
| #endif
| #if HAVE_STRINGS_H
| # include <strings.h>
| #endif
| #if HAVE_INTTYPES_H
| # include <inttypes.h>
| #else
| # if HAVE_STDINT_H
| #  include <stdint.h>
| # endif
| #endif
| #if HAVE_UNISTD_H
| # include <unistd.h>
| #endif
| #include <malloc.h>
configure:25131: result: no
configure:25135: checking malloc.h presence
configure:25145: gcc -E  -Wall -Wcast-align -Wchar-subscripts -Wformat -Winline -Wmissing-declarations -Wmissing-prototypes -Wnested-externs -Wpointer-arith conftest.c
conftest.c:47:20: error: malloc.h: No such file or directory
configure:25151: $? = 1
configure: failed program was:
| /* confdefs.h.  */
| 
| #define PACKAGE_NAME ""
| #define PACKAGE_TARNAME ""
| #define PACKAGE_VERSION ""
| #define PACKAGE_STRING ""
| #define PACKAGE_BUGREPORT ""
| #define PACKAGE "libosip2"
| #define VERSION "2.2.2"
| #define STDC_HEADERS 1
| #define HAVE_SYS_TYPES_H 1
| #define HAVE_SYS_STAT_H 1
| #define HAVE_STDLIB_H 1
| #define HAVE_STRING_H 1
| #define HAVE_MEMORY_H 1
| #define HAVE_STRINGS_H 1
| #define HAVE_INTTYPES_H 1
| #define HAVE_STDINT_H 1
| #define HAVE_UNISTD_H 1
| #define HAVE_DLFCN_H 1
| #ifdef __cplusplus
| extern "C" void std::exit (int); using std::exit;
| #endif
| #define HAVE_PTHREAD 1
| #define HAVE_SEMAPHORE_H 1
| #define HAVE_SYS_SEM_H 1
| #define HAVE_LRAND48
| #define STDC_HEADERS 1
| #define HAVE_STRING_H 1
| #define HAVE_STRINGS_H 1
| #define HAVE_STDLIB_H 1
| #define HAVE_UNISTD_H 1
| #define HAVE_SYS_TYPES_H 1
| #define HAVE_SYS_UNISTD_H 1
| #define HAVE_SYSLOG_H 1
| #define HAVE_CTYPE_H 1
| #define HAVE_STDIO_H 1
| #define HAVE_STDARG_H 1
| #define HAVE_FCNTL_H 1
| #define HAVE_TIME_H 1
| #define HAVE_SYS_TIME_H 1
| #define HAVE_SYS_SELECT_H 1
| #define HAVE_ASSERT_H 1
| #define HAVE_SIGNAL_H 1
| #define HAVE_SYS_SIGNAL_H 1
| /* end confdefs.h.  */
| #include <malloc.h>
configure:25171: result: no
configure:25206: checking for malloc.h
configure:25213: result: no
configure:25227: checking for struct timeval
configure:25263: gcc -c -g   -Wall -Wcast-align -Wchar-subscripts -Wformat -Winline -Wmissing-declarations -Wmissing-prototypes -Wnested-externs -Wpointer-arith conftest.c >&5
configure:25269: $? = 0
configure:25273: test -z 
			 || test ! -s conftest.err
configure:25276: $? = 0
configure:25279: test -s conftest.o
configure:25282: $? = 0
configure:25293: result: yes
configure:25436: creating ./config.status

## ---------------- ##
## Cache variables. ##
## ---------------- ##

ac_cv_build=i686-apple-darwin8.10.1
ac_cv_build_alias=i686-apple-darwin8.10.1
ac_cv_c_compiler_gnu=yes
ac_cv_cxx_compiler_gnu=yes
ac_cv_env_CC_set=
ac_cv_env_CC_value=
ac_cv_env_CFLAGS_set=
ac_cv_env_CFLAGS_value=
ac_cv_env_CPPFLAGS_set=
ac_cv_env_CPPFLAGS_value=
ac_cv_env_CPP_set=
ac_cv_env_CPP_value=
ac_cv_env_CXXCPP_set=
ac_cv_env_CXXCPP_value=
ac_cv_env_CXXFLAGS_set=
ac_cv_env_CXXFLAGS_value=
ac_cv_env_CXX_set=
ac_cv_env_CXX_value=
ac_cv_env_F77_set=
ac_cv_env_F77_value=
ac_cv_env_FFLAGS_set=
ac_cv_env_FFLAGS_value=
ac_cv_env_LDFLAGS_set=
ac_cv_env_LDFLAGS_value=
ac_cv_env_build_alias_set=
ac_cv_env_build_alias_value=
ac_cv_env_host_alias_set=
ac_cv_env_host_alias_value=
ac_cv_env_target_alias_set=
ac_cv_env_target_alias_value=
ac_cv_exeext=
ac_cv_f77_compiler_gnu=no
ac_cv_header_assert_h=yes
ac_cv_header_ctype_h=yes
ac_cv_header_dlfcn_h=yes
ac_cv_header_fcntl_h=yes
ac_cv_header_inttypes_h=yes
ac_cv_header_malloc_h=no
ac_cv_header_memory_h=yes
ac_cv_header_semaphore_h=yes
ac_cv_header_signal_h=yes
ac_cv_header_stdarg_h=yes
ac_cv_header_stdc=yes
ac_cv_header_stdint_h=yes
ac_cv_header_stdio_h=yes
ac_cv_header_stdlib_h=yes
ac_cv_header_string_h=yes
ac_cv_header_strings_h=yes
ac_cv_header_sys_select_h=yes
ac_cv_header_sys_sem_h=yes
ac_cv_header_sys_signal_h=yes
ac_cv_header_sys_stat_h=yes
ac_cv_header_sys_time_h=yes
ac_cv_header_sys_types_h=yes
ac_cv_header_sys_unistd_h=yes
ac_cv_header_syslog_h=yes
ac_cv_header_time_h=yes
ac_cv_header_unistd_h=yes
ac_cv_header_varargs_h=no
ac_cv_host=i686-apple-darwin8.10.1
ac_cv_host_alias=i686-apple-darwin8.10.1
ac_cv_lib_c_lrand48=yes
ac_cv_lib_nsl_nis_add=no
ac_cv_lib_posix4_sem_open=no
ac_cv_lib_socket_sendto=no
ac_cv_objext=o
ac_cv_path_install='/usr/bin/install -c'
ac_cv_prog_AWK=awk
ac_cv_prog_CPP='gcc -E'
ac_cv_prog_CXXCPP='g++ -E'
ac_cv_prog_PTHREAD_CC=gcc
ac_cv_prog_ac_ct_AR=ar
ac_cv_prog_ac_ct_CC=gcc
ac_cv_prog_ac_ct_CXX=g++
ac_cv_prog_ac_ct_RANLIB=ranlib
ac_cv_prog_ac_ct_STRIP=strip
ac_cv_prog_cc_g=yes
ac_cv_prog_cc_stdc=
ac_cv_prog_cxx_g=yes
ac_cv_prog_egrep='grep -E'
ac_cv_prog_f77_g=no
ac_cv_prog_make_make_set=yes
ac_cv_type_struct_timeval=yes
am_cv_CC_dependencies_compiler_type=gcc3
am_cv_CXX_dependencies_compiler_type=gcc3
lt_cv_deplibs_check_method=pass_all
lt_cv_file_magic_cmd='$MAGIC_CMD'
lt_cv_file_magic_test_file=
lt_cv_ld_reload_flag=-r
lt_cv_objdir=.libs
lt_cv_path_LD=/usr/libexec/gcc/i686-apple-darwin8/4.0.1/ld
lt_cv_path_LDCXX=/usr/libexec/gcc/i686-apple-darwin8/4.0.1/ld
lt_cv_path_NM='/usr/bin/nm -p'
lt_cv_path_SED=/usr/bin/sed
lt_cv_prog_compiler_c_o=yes
lt_cv_prog_compiler_c_o_CXX=yes
lt_cv_prog_compiler_rtti_exceptions=no
lt_cv_prog_gnu_ld=no
lt_cv_prog_gnu_ldcxx=no
lt_cv_sys_global_symbol_pipe='sed -n -e '\''s/^.*[ 	]\([BCDEGRST][BCDEGRST]*\)[ 	][ 	]*_\([_A-Za-z][_A-Za-z0-9]*\)$/\1 _\2 \2/p'\'''
lt_cv_sys_global_symbol_to_c_name_address='sed -n -e '\''s/^: \([^ ]*\) $/  {\"\1\", (lt_ptr) 0},/p'\'' -e '\''s/^[BCDEGRST] \([^ ]*\) \([^ ]*\)$/  {"\2", (lt_ptr) \&\2},/p'\'''
lt_cv_sys_global_symbol_to_cdecl='sed -n -e '\''s/^. .* \(.*\)$/extern int \1;/p'\'''
lt_cv_sys_max_cmd_len=196608
lt_lt_cv_prog_compiler_c_o='"yes"'
lt_lt_cv_prog_compiler_c_o_CXX='"yes"'
lt_lt_cv_sys_global_symbol_pipe='"sed -n -e '\''s/^.*[ 	]\\([BCDEGRST][BCDEGRST]*\\)[ 	][ 	]*_\\([_A-Za-z][_A-Za-z0-9]*\\)\$/\\1 _\\2 \\2/p'\''"'
lt_lt_cv_sys_global_symbol_to_c_name_address='"sed -n -e '\''s/^: \\([^ ]*\\) \$/  {\\\"\\1\\\", (lt_ptr) 0},/p'\'' -e '\''s/^[BCDEGRST] \\([^ ]*\\) \\([^ ]*\\)\$/  {\"\\2\", (lt_ptr) \\&\\2},/p'\''"'
lt_lt_cv_sys_global_symbol_to_cdecl='"sed -n -e '\''s/^. .* \\(.*\\)\$/extern int \\1;/p'\''"'

## ----------------- ##
## Output variables. ##
## ----------------- ##

ACLOCAL='${SHELL} /Users/danielbraun/devel/sipPhone/libosip2-2.2.2/scripts/missing --run aclocal-1.8 -I scripts'
AMDEPBACKSLASH='\'
AMDEP_FALSE='#'
AMDEP_TRUE=''
AMTAR='${SHELL} /Users/danielbraun/devel/sipPhone/libosip2-2.2.2/scripts/missing --run tar'
AR='ar'
AS='as'
AUTOCONF='${SHELL} /Users/danielbraun/devel/sipPhone/libosip2-2.2.2/scripts/missing --run autoconf'
AUTOHEADER='${SHELL} /Users/danielbraun/devel/sipPhone/libosip2-2.2.2/scripts/missing --run autoheader'
AUTOMAKE='${SHELL} /Users/danielbraun/devel/sipPhone/libosip2-2.2.2/scripts/missing --run automake-1.8'
AWK='awk'
CC='gcc'
CCDEPMODE='depmode=gcc3'
CFLAGS='-g '
COMPILE_TESTS_FALSE=''
COMPILE_TESTS_TRUE='#'
CPP='gcc -E'
CPPFLAGS=' -Wall -Wcast-align -Wchar-subscripts -Wformat -Winline -Wmissing-declarations -Wmissing-prototypes -Wnested-externs -Wpointer-arith'
CXX='g++'
CXXCPP='g++ -E'
CXXDEPMODE='depmode=gcc3'
CXXFLAGS='-g -O2'
CYGPATH_W='echo'
DEFS='-DHAVE_CONFIG_H'
DEPDIR='.deps'
DLLTOOL='dlltool'
ECHO='echo'
ECHO_C=''
ECHO_N='-n'
ECHO_T=''
EGREP='grep -E'
EXEEXT=''
EXTRA_LIB=''
F77=''
FFLAGS=''
FSM_LIB=''
INSIDE_GNOME_COMMON_FALSE=''
INSIDE_GNOME_COMMON_TRUE='#'
INSTALL_DATA='${INSTALL} -m 644'
INSTALL_PROGRAM='${INSTALL}'
INSTALL_SCRIPT='${INSTALL}'
INSTALL_STRIP_PROGRAM='${SHELL} $(install_sh) -c -s'
LDFLAGS=''
LIBOBJS=''
LIBOSIP_SO_VERSION='3:0:0'
LIBS=''
LIBTOOL='$(SHELL) $(top_builddir)/libtool'
LN_S='ln -s'
LTLIBOBJS=''
MAKEINFO='${SHELL} /Users/danielbraun/devel/sipPhone/libosip2-2.2.2/scripts/missing --run makeinfo'
OBJDUMP='objdump'
OBJEXT='o'
OSIP_VERSION='2.2.2'
PACKAGE='libosip2'
PACKAGE_BUGREPORT=''
PACKAGE_NAME=''
PACKAGE_STRING=''
PACKAGE_TARNAME=''
PACKAGE_VERSION=''
PARSER_LIB=''
PATH_SEPARATOR=':'
PTHREAD_CC='gcc'
PTHREAD_CFLAGS=''
PTHREAD_LIBS=''
RANLIB='ranlib'
SET_MAKE=''
SHELL='/bin/sh'
SIP_CFLAGS=' -g '
SIP_EXTRA_FLAGS=' -g -DENABLE_TRACE'
SIP_FSM_FLAGS='-DOSIP_MT'
SIP_PARSER_FLAGS=''
STRIP='strip'
VERSION='2.2.2'
ac_ct_AR='ar'
ac_ct_AS=''
ac_ct_CC='gcc'
ac_ct_CXX='g++'
ac_ct_DLLTOOL=''
ac_ct_F77=''
ac_ct_OBJDUMP=''
ac_ct_RANLIB='ranlib'
ac_ct_STRIP='strip'
am__fastdepCC_FALSE='#'
am__fastdepCC_TRUE=''
am__fastdepCXX_FALSE='#'
am__fastdepCXX_TRUE=''
am__include='include'
am__leading_dot='.'
am__quote=''
bindir='${exec_prefix}/bin'
build='i686-apple-darwin8.10.1'
build_alias=''
build_cpu='i686'
build_os='darwin8.10.1'
build_vendor='apple'
datadir='${prefix}/share'
exec_prefix='${prefix}'
host='i686-apple-darwin8.10.1'
host_alias=''
host_cpu='i686'
host_os='darwin8.10.1'
host_vendor='apple'
includedir='${prefix}/include'
infodir='${prefix}/info'
install_sh='/Users/danielbraun/devel/sipPhone/libosip2-2.2.2/scripts/install-sh'
libdir='${exec_prefix}/lib'
libexecdir='${exec_prefix}/libexec'
localstatedir='${prefix}/var'
mandir='${prefix}/man'
mkdir_p='$(mkinstalldirs)'
oldincludedir='/usr/include'
prefix='/tmp/stage'
program_transform_name='s,x,x,'
sbindir='${exec_prefix}/sbin'
sharedstatedir='${prefix}/com'
sysconfdir='${prefix}/etc'
target_alias=''

## ----------- ##
## confdefs.h. ##
## ----------- ##

#define HAVE_ASSERT_H 1
#define HAVE_CTYPE_H 1
#define HAVE_DLFCN_H 1
#define HAVE_FCNTL_H 1
#define HAVE_INTTYPES_H 1
#define HAVE_LRAND48
#define HAVE_MEMORY_H 1
#define HAVE_PTHREAD 1
#define HAVE_SEMAPHORE_H 1
#define HAVE_SIGNAL_H 1
#define HAVE_STDARG_H 1
#define HAVE_STDINT_H 1
#define HAVE_STDIO_H 1
#define HAVE_STDLIB_H 1
#define HAVE_STDLIB_H 1
#define HAVE_STRINGS_H 1
#define HAVE_STRINGS_H 1
#define HAVE_STRING_H 1
#define HAVE_STRING_H 1
#define HAVE_STRUCT_TIMEVAL 1
#define HAVE_SYSLOG_H 1
#define HAVE_SYS_SELECT_H 1
#define HAVE_SYS_SEM_H 1
#define HAVE_SYS_SIGNAL_H 1
#define HAVE_SYS_STAT_H 1
#define HAVE_SYS_TIME_H 1
#define HAVE_SYS_TYPES_H 1
#define HAVE_SYS_TYPES_H 1
#define HAVE_SYS_UNISTD_H 1
#define HAVE_TIME_H 1
#define HAVE_UNISTD_H 1
#define HAVE_UNISTD_H 1
#define PACKAGE "libosip2"
#define PACKAGE_BUGREPORT ""
#define PACKAGE_NAME ""
#define PACKAGE_STRING ""
#define PACKAGE_TARNAME ""
#define PACKAGE_VERSION ""
#define STDC_HEADERS 1
#define STDC_HEADERS 1
#define VERSION "2.2.2"
#endif
#ifdef __cplusplus
extern "C" void std::exit (int); using std::exit;

configure: exit 0

## ---------------------- ##
## Running config.status. ##
## ---------------------- ##

This file was extended by config.status, which was
generated by GNU Autoconf 2.59.  Invocation command line was

  CONFIG_FILES    = 
  CONFIG_HEADERS  = 
  CONFIG_LINKS    = 
  CONFIG_COMMANDS = 
  $ ./config.status 

on ordinateur-de-daniel-braun-1.local

config.status:754: creating libosip2.pc
config.status:754: creating Makefile
config.status:754: creating scripts/Makefile
config.status:754: creating src/Makefile
config.status:754: creating src/osipparser2/Makefile
config.status:754: creating src/osip2/Makefile
config.status:754: creating src/test/Makefile
config.status:754: creating src/test/res/Makefile
config.status:754: creating include/Makefile
config.status:754: creating include/osip2/Makefile
config.status:754: creating include/osipparser2/Makefile
config.status:754: creating include/osipparser2/headers/Makefile
config.status:754: creating help/Makefile
config.status:754: creating help/man/Makefile
config.status:754: creating help/doxygen/Makefile
config.status:754: creating debian/Makefile
config.status:754: creating platform/Makefile
config.status:754: creating platform/rpm/Makefile
config.status:754: creating platform/windows/Makefile
config.status:754: creating platform/vsnet/Makefile
config.status:754: creating include/osip2/doxygen.dox
config.status:858: creating config.h
config.status:1030: config.h is unchanged
config.status:1210: executing depfiles commands
